<?xml version="1.0" encoding="UTF-8"?>
<coverage generated="1663740683802" clover="3.2.0">
  <project timestamp="1663740683803" name="All files">
    <metrics statements="213" coveredstatements="150" conditionals="191" coveredconditionals="115" methods="72" coveredmethods="34" elements="476" coveredelements="299" complexity="0" loc="213" ncloc="213" packages="7" files="29" classes="29"/>
    <package name="TaskApp">
      <metrics statements="6" coveredstatements="6" conditionals="0" coveredconditionals="0" methods="2" coveredmethods="2"/>
      <file name="App.js" path="C:\React Native\TaskApp\App.js">
        <metrics statements="6" coveredstatements="6" conditionals="0" coveredconditionals="0" methods="2" coveredmethods="2"/>
        <line num="7" count="1" type="stmt"/>
        <line num="8" count="1" type="stmt"/>
        <line num="9" count="1" type="stmt"/>
        <line num="10" count="1" type="stmt"/>
        <line num="18" count="1" type="stmt"/>
        <line num="25" count="1" type="stmt"/>
      </file>
    </package>
    <package name="TaskApp.assets">
      <metrics statements="7" coveredstatements="7" conditionals="0" coveredconditionals="0" methods="0" coveredmethods="0"/>
      <file name="Images.js" path="C:\React Native\TaskApp\assets\Images.js">
        <metrics statements="1" coveredstatements="1" conditionals="0" coveredconditionals="0" methods="0" coveredmethods="0"/>
        <line num="3" count="2" type="stmt"/>
      </file>
      <file name="Logo.png" path="C:\React Native\TaskApp\assets\Logo.png">
        <metrics statements="1" coveredstatements="1" conditionals="0" coveredconditionals="0" methods="0" coveredmethods="0"/>
        <line num="1" count="8" type="stmt"/>
      </file>
      <file name="TermsPolicy.js" path="C:\React Native\TaskApp\assets\TermsPolicy.js">
        <metrics statements="1" coveredstatements="1" conditionals="0" coveredconditionals="0" methods="0" coveredmethods="0"/>
        <line num="3" count="3" type="stmt"/>
      </file>
      <file name="img1.jpg" path="C:\React Native\TaskApp\assets\img1.jpg">
        <metrics statements="1" coveredstatements="1" conditionals="0" coveredconditionals="0" methods="0" coveredmethods="0"/>
        <line num="1" count="2" type="stmt"/>
      </file>
      <file name="img2.jpg" path="C:\React Native\TaskApp\assets\img2.jpg">
        <metrics statements="1" coveredstatements="1" conditionals="0" coveredconditionals="0" methods="0" coveredmethods="0"/>
        <line num="1" count="2" type="stmt"/>
      </file>
      <file name="img3.jpg" path="C:\React Native\TaskApp\assets\img3.jpg">
        <metrics statements="1" coveredstatements="1" conditionals="0" coveredconditionals="0" methods="0" coveredmethods="0"/>
        <line num="1" count="2" type="stmt"/>
      </file>
      <file name="img4.jpg" path="C:\React Native\TaskApp\assets\img4.jpg">
        <metrics statements="1" coveredstatements="1" conditionals="0" coveredconditionals="0" methods="0" coveredmethods="0"/>
        <line num="1" count="2" type="stmt"/>
      </file>
    </package>
    <package name="TaskApp.components">
      <metrics statements="51" coveredstatements="35" conditionals="86" coveredconditionals="58" methods="22" coveredmethods="14"/>
      <file name="Button.tsx" path="C:\React Native\TaskApp\components\Button.tsx">
        <metrics statements="3" coveredstatements="3" conditionals="0" coveredconditionals="0" methods="1" coveredmethods="1"/>
        <line num="17" count="8" type="stmt"/>
        <line num="25" count="53" type="stmt"/>
        <line num="37" count="8" type="stmt"/>
      </file>
      <file name="Header.js" path="C:\React Native\TaskApp\components\Header.js">
        <metrics statements="2" coveredstatements="2" conditionals="0" coveredconditionals="0" methods="1" coveredmethods="1"/>
        <line num="10" count="35" type="stmt"/>
        <line num="21" count="8" type="stmt"/>
      </file>
      <file name="Input.tsx" path="C:\React Native\TaskApp\components\Input.tsx">
        <metrics statements="9" coveredstatements="5" conditionals="44" coveredconditionals="30" methods="4" coveredmethods="1"/>
        <line num="42" count="8" type="stmt"/>
        <line num="63" count="60" type="stmt"/>
        <line num="64" count="60" type="stmt"/>
        <line num="66" count="60" type="stmt"/>
        <line num="93" count="0" type="stmt"/>
        <line num="94" count="0" type="stmt"/>
        <line num="97" count="0" type="stmt"/>
        <line num="124" count="0" type="stmt"/>
        <line num="212" count="8" type="stmt"/>
      </file>
      <file name="Loader.js" path="C:\React Native\TaskApp\components\Loader.js">
        <metrics statements="2" coveredstatements="2" conditionals="0" coveredconditionals="0" methods="1" coveredmethods="1"/>
        <line num="8" count="1" type="stmt"/>
        <line num="15" count="9" type="stmt"/>
      </file>
      <file name="ModalComp.js" path="C:\React Native\TaskApp\components\ModalComp.js">
        <metrics statements="2" coveredstatements="2" conditionals="0" coveredconditionals="0" methods="1" coveredmethods="1"/>
        <line num="21" count="6" type="stmt"/>
        <line num="43" count="4" type="stmt"/>
      </file>
      <file name="OTP.js" path="C:\React Native\TaskApp\components\OTP.js">
        <metrics statements="6" coveredstatements="3" conditionals="6" coveredconditionals="5" methods="3" coveredmethods="1"/>
        <line num="13" count="7" type="stmt"/>
        <line num="14" count="7" type="stmt"/>
        <line num="30" count="0" type="stmt"/>
        <line num="31" count="0" type="stmt"/>
        <line num="34" count="0" type="stmt"/>
        <line num="46" count="5" type="stmt"/>
      </file>
      <file name="TermsPolicyComp.js" path="C:\React Native\TaskApp\components\TermsPolicyComp.js">
        <metrics statements="2" coveredstatements="2" conditionals="12" coveredconditionals="8" methods="1" coveredmethods="1"/>
        <line num="21" count="5" type="stmt"/>
        <line num="80" count="3" type="stmt"/>
      </file>
      <file name="TitleAndSubTitle.tsx" path="C:\React Native\TaskApp\components\TitleAndSubTitle.tsx">
        <metrics statements="3" coveredstatements="3" conditionals="18" coveredconditionals="12" methods="1" coveredmethods="1"/>
        <line num="23" count="9" type="stmt"/>
        <line num="35" count="47" type="stmt"/>
        <line num="97" count="9" type="stmt"/>
      </file>
      <file name="ViewPager.js" path="C:\React Native\TaskApp\components\ViewPager.js">
        <metrics statements="22" coveredstatements="13" conditionals="6" coveredconditionals="3" methods="9" coveredmethods="6"/>
        <line num="30" count="3" type="stmt"/>
        <line num="31" count="3" type="stmt"/>
        <line num="33" count="3" type="stmt"/>
        <line num="34" count="0" type="stmt"/>
        <line num="35" count="0" type="stmt"/>
        <line num="38" count="0" type="stmt"/>
        <line num="41" count="3" type="stmt"/>
        <line num="42" count="0" type="stmt"/>
        <line num="43" count="0" type="cond" truecount="0" falsecount="2"/>
        <line num="44" count="0" type="stmt"/>
        <line num="45" count="0" type="stmt"/>
        <line num="46" count="0" type="stmt"/>
        <line num="50" count="3" type="stmt"/>
        <line num="51" count="3" type="stmt"/>
        <line num="52" count="0" type="stmt"/>
        <line num="54" count="3" type="stmt"/>
        <line num="57" count="3" type="stmt"/>
        <line num="58" count="12" type="stmt"/>
        <line num="82" count="3" type="stmt"/>
        <line num="93" count="12" type="stmt"/>
        <line num="109" count="12" type="stmt"/>
        <line num="124" count="2" type="stmt"/>
      </file>
    </package>
    <package name="TaskApp.constants">
      <metrics statements="1" coveredstatements="1" conditionals="0" coveredconditionals="0" methods="0" coveredmethods="0"/>
      <file name="colors.js" path="C:\React Native\TaskApp\constants\colors.js">
        <metrics statements="1" coveredstatements="1" conditionals="0" coveredconditionals="0" methods="0" coveredmethods="0"/>
        <line num="1" count="13" type="stmt"/>
      </file>
    </package>
    <package name="TaskApp.languages">
      <metrics statements="2" coveredstatements="2" conditionals="0" coveredconditionals="0" methods="0" coveredmethods="0"/>
      <file name="en.js" path="C:\React Native\TaskApp\languages\en.js">
        <metrics statements="0" coveredstatements="0" conditionals="0" coveredconditionals="0" methods="0" coveredmethods="0"/>
      </file>
      <file name="i18n.js" path="C:\React Native\TaskApp\languages\i18n.js">
        <metrics statements="2" coveredstatements="2" conditionals="0" coveredconditionals="0" methods="0" coveredmethods="0"/>
        <line num="4" count="11" type="stmt"/>
        <line num="5" count="11" type="stmt"/>
      </file>
    </package>
    <package name="TaskApp.navigation">
      <metrics statements="3" coveredstatements="3" conditionals="0" coveredconditionals="0" methods="1" coveredmethods="1"/>
      <file name="NavigationScreen.js" path="C:\React Native\TaskApp\navigation\NavigationScreen.js">
        <metrics statements="3" coveredstatements="3" conditionals="0" coveredconditionals="0" methods="1" coveredmethods="1"/>
        <line num="14" count="2" type="stmt"/>
        <line num="16" count="2" type="stmt"/>
        <line num="17" count="3" type="stmt"/>
      </file>
    </package>
    <package name="TaskApp.screens">
      <metrics statements="143" coveredstatements="96" conditionals="105" coveredconditionals="57" methods="47" coveredmethods="17"/>
      <file name="DashboardScreen.js" path="C:\React Native\TaskApp\screens\DashboardScreen.js">
        <metrics statements="2" coveredstatements="2" conditionals="0" coveredconditionals="0" methods="1" coveredmethods="1"/>
        <line num="12" count="2" type="stmt"/>
        <line num="22" count="3" type="stmt"/>
      </file>
      <file name="ForgotPasswordScreen.js" path="C:\React Native\TaskApp\screens\ForgotPasswordScreen.js">
        <metrics statements="17" coveredstatements="13" conditionals="10" coveredconditionals="6" methods="5" coveredmethods="2"/>
        <line num="14" count="7" type="stmt"/>
        <line num="15" count="7" type="stmt"/>
        <line num="16" count="7" type="stmt"/>
        <line num="19" count="7" type="stmt"/>
        <line num="21" count="7" type="stmt"/>
        <line num="22" count="0" type="stmt"/>
        <line num="23" count="0" type="stmt"/>
        <line num="26" count="7" type="stmt"/>
        <line num="27" count="1" type="stmt"/>
        <line num="28" count="1" type="cond" truecount="1" falsecount="1"/>
        <line num="29" count="1" type="stmt"/>
        <line num="30" count="1" type="cond" truecount="2" falsecount="2"/>
        <line num="31" count="0" type="stmt"/>
        <line num="35" count="1" type="stmt"/>
        <line num="39" count="7" type="stmt"/>
        <line num="54" count="0" type="stmt"/>
        <line num="66" count="3" type="stmt"/>
      </file>
      <file name="OTPScreen.js" path="C:\React Native\TaskApp\screens\OTPScreen.js">
        <metrics statements="35" coveredstatements="20" conditionals="31" coveredconditionals="16" methods="12" coveredmethods="2"/>
        <line num="28" count="8" type="stmt"/>
        <line num="29" count="8" type="stmt"/>
        <line num="34" count="8" type="stmt"/>
        <line num="35" count="8" type="stmt"/>
        <line num="36" count="8" type="stmt"/>
        <line num="37" count="8" type="stmt"/>
        <line num="38" count="8" type="stmt"/>
        <line num="41" count="8" type="stmt"/>
        <line num="43" count="8" type="stmt"/>
        <line num="44" count="0" type="stmt"/>
        <line num="45" count="0" type="stmt"/>
        <line num="47" count="8" type="stmt"/>
        <line num="48" count="0" type="stmt"/>
        <line num="52" count="8" type="stmt"/>
        <line num="53" count="0" type="stmt"/>
        <line num="56" count="8" type="stmt"/>
        <line num="57" count="1" type="stmt"/>
        <line num="58" count="1" type="cond" truecount="1" falsecount="1"/>
        <line num="60" count="1" type="cond" truecount="2" falsecount="3"/>
        <line num="61" count="0" type="stmt"/>
        <line num="62" count="0" type="cond" truecount="0" falsecount="2"/>
        <line num="64" count="0" type="stmt"/>
        <line num="65" count="0" type="stmt"/>
        <line num="66" count="0" type="stmt"/>
        <line num="68" count="1" type="stmt"/>
        <line num="69" count="1" type="stmt"/>
        <line num="77" count="8" type="stmt"/>
        <line num="78" count="0" type="stmt"/>
        <line num="79" count="0" type="stmt"/>
        <line num="83" count="8" type="stmt"/>
        <line num="89" count="0" type="stmt"/>
        <line num="108" count="0" type="stmt"/>
        <line num="119" count="0" type="stmt"/>
        <line num="134" count="0" type="stmt"/>
        <line num="158" count="4" type="stmt"/>
      </file>
      <file name="RegisterScreen.js" path="C:\React Native\TaskApp\screens\RegisterScreen.js">
        <metrics statements="34" coveredstatements="19" conditionals="26" coveredconditionals="13" methods="10" coveredmethods="2"/>
        <line num="27" count="7" type="stmt"/>
        <line num="28" count="7" type="stmt"/>
        <line num="34" count="7" type="stmt"/>
        <line num="35" count="7" type="stmt"/>
        <line num="36" count="7" type="stmt"/>
        <line num="37" count="7" type="stmt"/>
        <line num="38" count="7" type="stmt"/>
        <line num="41" count="7" type="stmt"/>
        <line num="43" count="7" type="stmt"/>
        <line num="44" count="0" type="stmt"/>
        <line num="45" count="0" type="stmt"/>
        <line num="47" count="7" type="stmt"/>
        <line num="48" count="0" type="stmt"/>
        <line num="51" count="7" type="stmt"/>
        <line num="52" count="1" type="stmt"/>
        <line num="53" count="1" type="cond" truecount="1" falsecount="1"/>
        <line num="54" count="1" type="stmt"/>
        <line num="55" count="1" type="cond" truecount="2" falsecount="4"/>
        <line num="56" count="0" type="stmt"/>
        <line num="57" count="0" type="stmt"/>
        <line num="58" count="0" type="stmt"/>
        <line num="59" count="0" type="stmt"/>
        <line num="60" count="0" type="stmt"/>
        <line num="63" count="0" type="stmt"/>
        <line num="65" count="1" type="stmt"/>
        <line num="66" count="1" type="stmt"/>
        <line num="75" count="7" type="stmt"/>
        <line num="97" count="0" type="stmt"/>
        <line num="112" count="0" type="stmt"/>
        <line num="117" count="0" type="stmt"/>
        <line num="119" count="0" type="stmt"/>
        <line num="122" count="0" type="stmt"/>
        <line num="124" count="0" type="stmt"/>
        <line num="141" count="3" type="stmt"/>
      </file>
      <file name="RegistrationScreen.js" path="C:\React Native\TaskApp\screens\RegistrationScreen.js">
        <metrics statements="20" coveredstatements="15" conditionals="14" coveredconditionals="8" methods="5" coveredmethods="2"/>
        <line num="13" count="8" type="stmt"/>
        <line num="14" count="8" type="stmt"/>
        <line num="15" count="8" type="stmt"/>
        <line num="18" count="8" type="stmt"/>
        <line num="20" count="8" type="stmt"/>
        <line num="21" count="0" type="stmt"/>
        <line num="22" count="0" type="stmt"/>
        <line num="25" count="8" type="stmt"/>
        <line num="26" count="1" type="stmt"/>
        <line num="27" count="1" type="cond" truecount="1" falsecount="1"/>
        <line num="29" count="1" type="stmt"/>
        <line num="30" count="1" type="stmt"/>
        <line num="31" count="1" type="cond" truecount="2" falsecount="2"/>
        <line num="32" count="0" type="stmt"/>
        <line num="35" count="1" type="cond" truecount="2" falsecount="2"/>
        <line num="36" count="0" type="stmt"/>
        <line num="40" count="1" type="stmt"/>
        <line num="44" count="8" type="stmt"/>
        <line num="59" count="0" type="stmt"/>
        <line num="71" count="2" type="stmt"/>
      </file>
      <file name="SignInScreen.js" path="C:\React Native\TaskApp\screens\SignInScreen.js">
        <metrics statements="27" coveredstatements="20" conditionals="22" coveredconditionals="12" methods="9" coveredmethods="4"/>
        <line num="25" count="16" type="stmt"/>
        <line num="26" count="16" type="stmt"/>
        <line num="27" count="16" type="stmt"/>
        <line num="28" count="16" type="stmt"/>
        <line num="29" count="16" type="stmt"/>
        <line num="31" count="16" type="stmt"/>
        <line num="32" count="7" type="stmt"/>
        <line num="33" count="7" type="stmt"/>
        <line num="36" count="16" type="stmt"/>
        <line num="37" count="7" type="stmt"/>
        <line num="38" count="7" type="cond" truecount="2" falsecount="0"/>
        <line num="39" count="6" type="stmt"/>
        <line num="43" count="16" type="stmt"/>
        <line num="44" count="0" type="stmt"/>
        <line num="47" count="16" type="stmt"/>
        <line num="48" count="1" type="stmt"/>
        <line num="49" count="1" type="cond" truecount="1" falsecount="1"/>
        <line num="50" count="1" type="stmt"/>
        <line num="51" count="1" type="cond" truecount="0" falsecount="2"/>
        <line num="52" count="0" type="stmt"/>
        <line num="53" count="0" type="stmt"/>
        <line num="54" count="0" type="stmt"/>
        <line num="56" count="0" type="stmt"/>
        <line num="60" count="16" type="stmt"/>
        <line num="87" count="0" type="stmt"/>
        <line num="90" count="0" type="stmt"/>
        <line num="112" count="6" type="stmt"/>
      </file>
      <file name="TermsAndPolicy.js" path="C:\React Native\TaskApp\screens\TermsAndPolicy.js">
        <metrics statements="5" coveredstatements="5" conditionals="2" coveredconditionals="2" methods="3" coveredmethods="3"/>
        <line num="13" count="1" type="stmt"/>
        <line num="14" count="2" type="stmt"/>
        <line num="25" count="1" type="stmt"/>
        <line num="29" count="2" type="stmt"/>
        <line num="36" count="3" type="stmt"/>
      </file>
      <file name="WelcomeScreen.js" path="C:\React Native\TaskApp\screens\WelcomeScreen.js">
        <metrics statements="3" coveredstatements="2" conditionals="0" coveredconditionals="0" methods="2" coveredmethods="1"/>
        <line num="7" count="2" type="stmt"/>
        <line num="8" count="6" type="stmt"/>
        <line num="15" count="0" type="stmt"/>
      </file>
    </package>
  </project>
</coverage>
