{"C:\\React Native\\TaskApp\\App.js": {"path":"C:\\React Native\\TaskApp\\App.js","statementMap":{"0":{"start":{"line":12,"column":23},"end":{"line":12,"column":45}},"1":{"start":{"line":13,"column":20},"end":{"line":13,"column":53}},"2":{"start":{"line":14,"column":14},"end":{"line":14,"column":71}},"3":{"start":{"line":15,"column":0},"end":{"line":15,"column":29}},"4":{"start":{"line":17,"column":12},"end":{"line":35,"column":1}},"5":{"start":{"line":18,"column":2},"end":{"line":26,"column":9}},"6":{"start":{"line":19,"column":4},"end":{"line":19,"column":50}},"7":{"start":{"line":20,"column":4},"end":{"line":20,"column":27}},"8":{"start":{"line":28,"column":2},"end":{"line":34,"column":4}},"9":{"start":{"line":37,"column":15},"end":{"line":42,"column":2}}},"fnMap":{"0":{"name":"(anonymous_0)","decl":{"start":{"line":17,"column":12},"end":{"line":17,"column":13}},"loc":{"start":{"line":17,"column":18},"end":{"line":35,"column":1}},"line":17},"1":{"name":"(anonymous_1)","decl":{"start":{"line":18,"column":12},"end":{"line":18,"column":13}},"loc":{"start":{"line":18,"column":18},"end":{"line":26,"column":3}},"line":18}},"branchMap":{},"s":{"0":1,"1":1,"2":1,"3":1,"4":1,"5":1,"6":1,"7":1,"8":1,"9":1},"f":{"0":1,"1":1},"b":{},"_coverageSchema":"1a1c01bbd47fc00a2c39e90264f33305004495a9","hash":"e56954b7233d74e2249758eca5278685b0c27287"}
,"C:\\React Native\\TaskApp\\assets\\Images.js": {"path":"C:\\React Native\\TaskApp\\assets\\Images.js","statementMap":{"0":{"start":{"line":3,"column":22},"end":{"line":28,"column":1}}},"fnMap":{},"branchMap":{},"s":{"0":2},"f":{},"b":{},"_coverageSchema":"1a1c01bbd47fc00a2c39e90264f33305004495a9","hash":"f3da4f46a123432446f1571b9d10a14acdf14ab6"}
,"C:\\React Native\\TaskApp\\assets\\Logo.png": {"path":"C:\\React Native\\TaskApp\\assets\\Logo.png","statementMap":{"0":{"start":{"line":1,"column":0},"end":{"line":4,"column":6}}},"fnMap":{},"branchMap":{},"s":{"0":10},"f":{},"b":{},"inputSourceMap":null,"_coverageSchema":"1a1c01bbd47fc00a2c39e90264f33305004495a9","hash":"7c3d9885a67bee5c552b6464e5d8c1f13281409e"}
,"C:\\React Native\\TaskApp\\assets\\TermsPolicy.js": {"path":"C:\\React Native\\TaskApp\\assets\\TermsPolicy.js","statementMap":{"0":{"start":{"line":3,"column":27},"end":{"line":14,"column":1}}},"fnMap":{},"branchMap":{},"s":{"0":3},"f":{},"b":{},"_coverageSchema":"1a1c01bbd47fc00a2c39e90264f33305004495a9","hash":"696b388513dc01c32fe87c42ed138089488e365d"}
,"C:\\React Native\\TaskApp\\assets\\TestingKit.js": {"path":"C:\\React Native\\TaskApp\\assets\\TestingKit.js","statementMap":{"0":{"start":{"line":3,"column":26},"end":{"line":28,"column":1}}},"fnMap":{},"branchMap":{},"s":{"0":3},"f":{},"b":{},"_coverageSchema":"1a1c01bbd47fc00a2c39e90264f33305004495a9","hash":"44dfe275f4ac9524b6e50630add7bf0ddd7bf561"}
,"C:\\React Native\\TaskApp\\assets\\img1.jpg": {"path":"C:\\React Native\\TaskApp\\assets\\img1.jpg","statementMap":{"0":{"start":{"line":1,"column":0},"end":{"line":4,"column":6}}},"fnMap":{},"branchMap":{},"s":{"0":2},"f":{},"b":{},"inputSourceMap":null,"_coverageSchema":"1a1c01bbd47fc00a2c39e90264f33305004495a9","hash":"9ddf2d45211605c45bbe6f7db90d8f0c46656394"}
,"C:\\React Native\\TaskApp\\assets\\img2.jpg": {"path":"C:\\React Native\\TaskApp\\assets\\img2.jpg","statementMap":{"0":{"start":{"line":1,"column":0},"end":{"line":4,"column":6}}},"fnMap":{},"branchMap":{},"s":{"0":2},"f":{},"b":{},"inputSourceMap":null,"_coverageSchema":"1a1c01bbd47fc00a2c39e90264f33305004495a9","hash":"5882ca23abd8eba52e71a4624e473ed645a80031"}
,"C:\\React Native\\TaskApp\\assets\\img3.jpg": {"path":"C:\\React Native\\TaskApp\\assets\\img3.jpg","statementMap":{"0":{"start":{"line":1,"column":0},"end":{"line":4,"column":6}}},"fnMap":{},"branchMap":{},"s":{"0":2},"f":{},"b":{},"inputSourceMap":null,"_coverageSchema":"1a1c01bbd47fc00a2c39e90264f33305004495a9","hash":"73465e7763f18808d0358c7387db37d826ca3bcc"}
,"C:\\React Native\\TaskApp\\assets\\img4.jpg": {"path":"C:\\React Native\\TaskApp\\assets\\img4.jpg","statementMap":{"0":{"start":{"line":1,"column":0},"end":{"line":4,"column":6}}},"fnMap":{},"branchMap":{},"s":{"0":2},"f":{},"b":{},"inputSourceMap":null,"_coverageSchema":"1a1c01bbd47fc00a2c39e90264f33305004495a9","hash":"010ed27ad2d9b723d95a4b5366672c26f2df74db"}
,"C:\\React Native\\TaskApp\\components\\BottomTab.js": {"path":"C:\\React Native\\TaskApp\\components\\BottomTab.js","statementMap":{"0":{"start":{"line":21,"column":2},"end":{"line":98,"column":4}},"1":{"start":{"line":101,"column":15},"end":{"line":122,"column":2}}},"fnMap":{"0":{"name":"BottomTab","decl":{"start":{"line":14,"column":24},"end":{"line":14,"column":33}},"loc":{"start":{"line":20,"column":3},"end":{"line":99,"column":1}},"line":20}},"branchMap":{"0":{"loc":{"start":{"line":29,"column":21},"end":{"line":29,"column":73}},"type":"cond-expr","locations":[{"start":{"line":29,"column":43},"end":{"line":29,"column":58}},{"start":{"line":29,"column":61},"end":{"line":29,"column":73}}],"line":29},"1":{"loc":{"start":{"line":37,"column":21},"end":{"line":37,"column":73}},"type":"cond-expr","locations":[{"start":{"line":37,"column":43},"end":{"line":37,"column":58}},{"start":{"line":37,"column":61},"end":{"line":37,"column":73}}],"line":37},"2":{"loc":{"start":{"line":48,"column":23},"end":{"line":48,"column":72}},"type":"cond-expr","locations":[{"start":{"line":48,"column":42},"end":{"line":48,"column":57}},{"start":{"line":48,"column":60},"end":{"line":48,"column":72}}],"line":48},"3":{"loc":{"start":{"line":54,"column":23},"end":{"line":54,"column":72}},"type":"cond-expr","locations":[{"start":{"line":54,"column":42},"end":{"line":54,"column":57}},{"start":{"line":54,"column":60},"end":{"line":54,"column":72}}],"line":54},"4":{"loc":{"start":{"line":64,"column":23},"end":{"line":64,"column":74}},"type":"cond-expr","locations":[{"start":{"line":64,"column":44},"end":{"line":64,"column":59}},{"start":{"line":64,"column":62},"end":{"line":64,"column":74}}],"line":64},"5":{"loc":{"start":{"line":70,"column":23},"end":{"line":70,"column":74}},"type":"cond-expr","locations":[{"start":{"line":70,"column":44},"end":{"line":70,"column":59}},{"start":{"line":70,"column":62},"end":{"line":70,"column":74}}],"line":70},"6":{"loc":{"start":{"line":83,"column":21},"end":{"line":83,"column":76}},"type":"cond-expr","locations":[{"start":{"line":83,"column":46},"end":{"line":83,"column":61}},{"start":{"line":83,"column":64},"end":{"line":83,"column":76}}],"line":83},"7":{"loc":{"start":{"line":91,"column":21},"end":{"line":91,"column":76}},"type":"cond-expr","locations":[{"start":{"line":91,"column":46},"end":{"line":91,"column":61}},{"start":{"line":91,"column":64},"end":{"line":91,"column":76}}],"line":91}},"s":{"0":2,"1":4},"f":{"0":2},"b":{"0":[1,1],"1":[1,1],"2":[0,2],"3":[0,2],"4":[0,2],"5":[0,2],"6":[0,2],"7":[0,2]},"_coverageSchema":"1a1c01bbd47fc00a2c39e90264f33305004495a9","hash":"38a152b0d0c08bf020231423d40c3dbe9798a93e"}
,"C:\\React Native\\TaskApp\\components\\Button.tsx": {"path":"C:\\React Native\\TaskApp\\components\\Button.tsx","statementMap":{"0":{"start":{"line":17,"column":32},"end":{"line":35,"column":1}},"1":{"start":{"line":25,"column":2},"end":{"line":34,"column":4}},"2":{"start":{"line":37,"column":15},"end":{"line":54,"column":2}}},"fnMap":{"0":{"name":"(anonymous_0)","decl":{"start":{"line":17,"column":32},"end":{"line":17,"column":33}},"loc":{"start":{"line":24,"column":6},"end":{"line":35,"column":1}},"line":24}},"branchMap":{},"s":{"0":10,"1":86,"2":10},"f":{"0":86},"b":{},"_coverageSchema":"1a1c01bbd47fc00a2c39e90264f33305004495a9","hash":"3ce679425c7871a858c55430406309699e6082df"}
,"C:\\React Native\\TaskApp\\components\\CardSlider.js": {"path":"C:\\React Native\\TaskApp\\components\\CardSlider.js","statementMap":{"0":{"start":{"line":20,"column":38},"end":{"line":20,"column":49}},"1":{"start":{"line":21,"column":14},"end":{"line":21,"column":26}},"2":{"start":{"line":23,"column":19},"end":{"line":29,"column":3}},"3":{"start":{"line":24,"column":27},"end":{"line":24,"column":56}},"4":{"start":{"line":25,"column":25},"end":{"line":27,"column":5}},"5":{"start":{"line":28,"column":4},"end":{"line":28,"column":32}},"6":{"start":{"line":49,"column":21},"end":{"line":77,"column":3}},"7":{"start":{"line":50,"column":4},"end":{"line":76,"column":6}},"8":{"start":{"line":79,"column":2},"end":{"line":101,"column":4}},"9":{"start":{"line":89,"column":39},"end":{"line":89,"column":46}},"10":{"start":{"line":94,"column":10},"end":{"line":97,"column":12}},"11":{"start":{"line":104,"column":15},"end":{"line":167,"column":2}}},"fnMap":{"0":{"name":"CardSlider","decl":{"start":{"line":11,"column":24},"end":{"line":11,"column":34}},"loc":{"start":{"line":19,"column":3},"end":{"line":102,"column":1}},"line":19},"1":{"name":"(anonymous_1)","decl":{"start":{"line":23,"column":19},"end":{"line":23,"column":20}},"loc":{"start":{"line":23,"column":24},"end":{"line":29,"column":3}},"line":23},"2":{"name":"(anonymous_2)","decl":{"start":{"line":49,"column":21},"end":{"line":49,"column":22}},"loc":{"start":{"line":49,"column":33},"end":{"line":77,"column":3}},"line":49},"3":{"name":"(anonymous_3)","decl":{"start":{"line":89,"column":22},"end":{"line":89,"column":23}},"loc":{"start":{"line":89,"column":39},"end":{"line":89,"column":46}},"line":89},"4":{"name":"(anonymous_4)","decl":{"start":{"line":93,"column":18},"end":{"line":93,"column":19}},"loc":{"start":{"line":94,"column":10},"end":{"line":97,"column":12}},"line":94}},"branchMap":{"0":{"loc":{"start":{"line":96,"column":19},"end":{"line":96,"column":71}},"type":"cond-expr","locations":[{"start":{"line":96,"column":42},"end":{"line":96,"column":58}},{"start":{"line":96,"column":61},"end":{"line":96,"column":71}}],"line":96}},"s":{"0":1,"1":1,"2":1,"3":0,"4":0,"5":0,"6":1,"7":4,"8":1,"9":4,"10":4,"11":3},"f":{"0":1,"1":0,"2":4,"3":4,"4":4},"b":{"0":[1,3]},"_coverageSchema":"1a1c01bbd47fc00a2c39e90264f33305004495a9","hash":"6ab024bb09c22b15ade23565350cb303f10df4e2"}
,"C:\\React Native\\TaskApp\\components\\Header.js": {"path":"C:\\React Native\\TaskApp\\components\\Header.js","statementMap":{"0":{"start":{"line":23,"column":2},"end":{"line":45,"column":4}},"1":{"start":{"line":48,"column":15},"end":{"line":73,"column":2}}},"fnMap":{"0":{"name":"Header","decl":{"start":{"line":16,"column":24},"end":{"line":16,"column":30}},"loc":{"start":{"line":22,"column":3},"end":{"line":46,"column":1}},"line":22}},"branchMap":{"0":{"loc":{"start":{"line":28,"column":12},"end":{"line":30,"column":9}},"type":"binary-expr","locations":[{"start":{"line":28,"column":12},"end":{"line":28,"column":21}},{"start":{"line":28,"column":25},"end":{"line":30,"column":9}}],"line":28},"1":{"loc":{"start":{"line":29,"column":21},"end":{"line":29,"column":77}},"type":"cond-expr","locations":[{"start":{"line":29,"column":61},"end":{"line":29,"column":68}},{"start":{"line":29,"column":71},"end":{"line":29,"column":77}}],"line":29},"2":{"loc":{"start":{"line":39,"column":7},"end":{"line":43,"column":7}},"type":"binary-expr","locations":[{"start":{"line":39,"column":7},"end":{"line":39,"column":18}},{"start":{"line":40,"column":8},"end":{"line":42,"column":27}}],"line":39}},"s":{"0":60,"1":10},"f":{"0":60},"b":{"0":[60,1],"1":[0,1],"2":[60,1]},"_coverageSchema":"1a1c01bbd47fc00a2c39e90264f33305004495a9","hash":"e1645cc9f28266f094891e40d81cd73146101b3d"}
,"C:\\React Native\\TaskApp\\components\\Input.tsx": {"path":"C:\\React Native\\TaskApp\\components\\Input.tsx","statementMap":{"0":{"start":{"line":42,"column":31},"end":{"line":210,"column":1}},"1":{"start":{"line":63,"column":36},"end":{"line":63,"column":51}},"2":{"start":{"line":64,"column":34},"end":{"line":64,"column":52}},"3":{"start":{"line":66,"column":2},"end":{"line":209,"column":4}},"4":{"start":{"line":93,"column":12},"end":{"line":93,"column":22}},"5":{"start":{"line":94,"column":12},"end":{"line":94,"column":31}},"6":{"start":{"line":97,"column":12},"end":{"line":97,"column":32}},"7":{"start":{"line":124,"column":29},"end":{"line":124,"column":51}},"8":{"start":{"line":212,"column":15},"end":{"line":253,"column":2}}},"fnMap":{"0":{"name":"(anonymous_0)","decl":{"start":{"line":42,"column":31},"end":{"line":42,"column":32}},"loc":{"start":{"line":62,"column":6},"end":{"line":210,"column":1}},"line":62},"1":{"name":"(anonymous_1)","decl":{"start":{"line":92,"column":19},"end":{"line":92,"column":20}},"loc":{"start":{"line":92,"column":25},"end":{"line":95,"column":11}},"line":92},"2":{"name":"(anonymous_2)","decl":{"start":{"line":96,"column":18},"end":{"line":96,"column":19}},"loc":{"start":{"line":96,"column":24},"end":{"line":98,"column":11}},"line":96},"3":{"name":"(anonymous_3)","decl":{"start":{"line":124,"column":23},"end":{"line":124,"column":24}},"loc":{"start":{"line":124,"column":29},"end":{"line":124,"column":51}},"line":124}},"branchMap":{"0":{"loc":{"start":{"line":75,"column":25},"end":{"line":79,"column":35}},"type":"cond-expr","locations":[{"start":{"line":76,"column":16},"end":{"line":76,"column":26}},{"start":{"line":77,"column":16},"end":{"line":79,"column":35}}],"line":75},"1":{"loc":{"start":{"line":77,"column":16},"end":{"line":79,"column":35}},"type":"cond-expr","locations":[{"start":{"line":78,"column":16},"end":{"line":78,"column":28}},{"start":{"line":79,"column":16},"end":{"line":79,"column":35}}],"line":77},"2":{"loc":{"start":{"line":80,"column":29},"end":{"line":80,"column":73}},"type":"cond-expr","locations":[{"start":{"line":80,"column":42},"end":{"line":80,"column":58}},{"start":{"line":80,"column":61},"end":{"line":80,"column":73}}],"line":80},"3":{"loc":{"start":{"line":88,"column":23},"end":{"line":88,"column":70}},"type":"cond-expr","locations":[{"start":{"line":88,"column":36},"end":{"line":88,"column":55}},{"start":{"line":88,"column":58},"end":{"line":88,"column":70}}],"line":88},"4":{"loc":{"start":{"line":103,"column":9},"end":{"line":129,"column":9}},"type":"binary-expr","locations":[{"start":{"line":103,"column":9},"end":{"line":103,"column":17}},{"start":{"line":104,"column":10},"end":{"line":128,"column":17}}],"line":103},"5":{"loc":{"start":{"line":105,"column":13},"end":{"line":113,"column":13}},"type":"binary-expr","locations":[{"start":{"line":105,"column":13},"end":{"line":105,"column":18}},{"start":{"line":106,"column":14},"end":{"line":112,"column":16}}],"line":105},"6":{"loc":{"start":{"line":114,"column":13},"end":{"line":122,"column":13}},"type":"binary-expr","locations":[{"start":{"line":114,"column":13},"end":{"line":114,"column":23}},{"start":{"line":115,"column":14},"end":{"line":121,"column":16}}],"line":114},"7":{"loc":{"start":{"line":125,"column":20},"end":{"line":125,"column":64}},"type":"cond-expr","locations":[{"start":{"line":125,"column":31},"end":{"line":125,"column":48}},{"start":{"line":125,"column":51},"end":{"line":125,"column":64}}],"line":125},"8":{"loc":{"start":{"line":131,"column":7},"end":{"line":135,"column":7}},"type":"binary-expr","locations":[{"start":{"line":131,"column":7},"end":{"line":131,"column":12}},{"start":{"line":132,"column":8},"end":{"line":134,"column":15}}],"line":131},"9":{"loc":{"start":{"line":136,"column":7},"end":{"line":201,"column":7}},"type":"binary-expr","locations":[{"start":{"line":136,"column":7},"end":{"line":136,"column":17}},{"start":{"line":137,"column":8},"end":{"line":200,"column":15}}],"line":136},"10":{"loc":{"start":{"line":144,"column":25},"end":{"line":144,"column":78}},"type":"cond-expr","locations":[{"start":{"line":144,"column":52},"end":{"line":144,"column":64}},{"start":{"line":144,"column":67},"end":{"line":144,"column":78}}],"line":144},"11":{"loc":{"start":{"line":159,"column":25},"end":{"line":161,"column":33}},"type":"cond-expr","locations":[{"start":{"line":160,"column":22},"end":{"line":160,"column":34}},{"start":{"line":161,"column":22},"end":{"line":161,"column":33}}],"line":159},"12":{"loc":{"start":{"line":176,"column":25},"end":{"line":176,"column":78}},"type":"cond-expr","locations":[{"start":{"line":176,"column":52},"end":{"line":176,"column":64}},{"start":{"line":176,"column":67},"end":{"line":176,"column":78}}],"line":176},"13":{"loc":{"start":{"line":189,"column":25},"end":{"line":193,"column":33}},"type":"cond-expr","locations":[{"start":{"line":192,"column":22},"end":{"line":192,"column":34}},{"start":{"line":193,"column":22},"end":{"line":193,"column":33}}],"line":189},"14":{"loc":{"start":{"line":202,"column":7},"end":{"line":206,"column":7}},"type":"binary-expr","locations":[{"start":{"line":202,"column":7},"end":{"line":202,"column":21}},{"start":{"line":203,"column":8},"end":{"line":205,"column":27}}],"line":202},"15":{"loc":{"start":{"line":207,"column":7},"end":{"line":207,"column":35}},"type":"binary-expr","locations":[{"start":{"line":207,"column":7},"end":{"line":207,"column":21}},{"start":{"line":207,"column":25},"end":{"line":207,"column":35}}],"line":207},"16":{"loc":{"start":{"line":214,"column":22},"end":{"line":214,"column":63}},"type":"cond-expr","locations":[{"start":{"line":214,"column":50},"end":{"line":214,"column":55}},{"start":{"line":214,"column":58},"end":{"line":214,"column":63}}],"line":214},"17":{"loc":{"start":{"line":218,"column":14},"end":{"line":218,"column":55}},"type":"cond-expr","locations":[{"start":{"line":218,"column":42},"end":{"line":218,"column":47}},{"start":{"line":218,"column":50},"end":{"line":218,"column":55}}],"line":218},"18":{"loc":{"start":{"line":223,"column":22},"end":{"line":223,"column":63}},"type":"cond-expr","locations":[{"start":{"line":223,"column":50},"end":{"line":223,"column":55}},{"start":{"line":223,"column":58},"end":{"line":223,"column":63}}],"line":223},"19":{"loc":{"start":{"line":224,"column":12},"end":{"line":224,"column":53}},"type":"cond-expr","locations":[{"start":{"line":224,"column":40},"end":{"line":224,"column":45}},{"start":{"line":224,"column":48},"end":{"line":224,"column":53}}],"line":224},"20":{"loc":{"start":{"line":226,"column":23},"end":{"line":226,"column":64}},"type":"cond-expr","locations":[{"start":{"line":226,"column":51},"end":{"line":226,"column":56}},{"start":{"line":226,"column":59},"end":{"line":226,"column":64}}],"line":226},"21":{"loc":{"start":{"line":236,"column":14},"end":{"line":236,"column":55}},"type":"cond-expr","locations":[{"start":{"line":236,"column":42},"end":{"line":236,"column":47}},{"start":{"line":236,"column":50},"end":{"line":236,"column":55}}],"line":236}},"s":{"0":8,"1":93,"2":93,"3":93,"4":0,"5":0,"6":0,"7":0,"8":8},"f":{"0":93,"1":0,"2":0,"3":0},"b":{"0":[7,86],"1":[0,86],"2":[9,84],"3":[9,84],"4":[93,49],"5":[49,2],"6":[49,0],"7":[49,0],"8":[93,7],"9":[93,15],"10":[0,15],"11":[0,15],"12":[0,15],"13":[0,15],"14":[93,19],"15":[93,0],"16":[0,8],"17":[0,8],"18":[0,8],"19":[0,8],"20":[0,8],"21":[0,8]},"_coverageSchema":"1a1c01bbd47fc00a2c39e90264f33305004495a9","hash":"088179004dd0b7dd225f517b54a3434fd8d1ac96"}
,"C:\\React Native\\TaskApp\\components\\Loader.js": {"path":"C:\\React Native\\TaskApp\\components\\Loader.js","statementMap":{"0":{"start":{"line":8,"column":2},"end":{"line":12,"column":4}},"1":{"start":{"line":15,"column":15},"end":{"line":21,"column":2}}},"fnMap":{"0":{"name":"Loader","decl":{"start":{"line":7,"column":24},"end":{"line":7,"column":30}},"loc":{"start":{"line":7,"column":33},"end":{"line":13,"column":1}},"line":7}},"branchMap":{},"s":{"0":1,"1":9},"f":{"0":1},"b":{},"_coverageSchema":"1a1c01bbd47fc00a2c39e90264f33305004495a9","hash":"726415750586388d6fa6c0e34c92f1f42986afd2"}
,"C:\\React Native\\TaskApp\\components\\ModalComp.js": {"path":"C:\\React Native\\TaskApp\\components\\ModalComp.js","statementMap":{"0":{"start":{"line":21,"column":2},"end":{"line":40,"column":4}},"1":{"start":{"line":43,"column":15},"end":{"line":87,"column":2}}},"fnMap":{"0":{"name":"ModalComp","decl":{"start":{"line":12,"column":24},"end":{"line":12,"column":33}},"loc":{"start":{"line":20,"column":3},"end":{"line":41,"column":1}},"line":20}},"branchMap":{},"s":{"0":9,"1":5},"f":{"0":9},"b":{},"_coverageSchema":"1a1c01bbd47fc00a2c39e90264f33305004495a9","hash":"146b4ca353478511727cefc932450ae12b9abe4e"}
,"C:\\React Native\\TaskApp\\components\\OTP.js": {"path":"C:\\React Native\\TaskApp\\components\\OTP.js","statementMap":{"0":{"start":{"line":13,"column":36},"end":{"line":13,"column":51}},"1":{"start":{"line":14,"column":2},"end":{"line":43,"column":4}},"2":{"start":{"line":30,"column":10},"end":{"line":30,"column":20}},"3":{"start":{"line":31,"column":10},"end":{"line":31,"column":29}},"4":{"start":{"line":34,"column":10},"end":{"line":34,"column":30}},"5":{"start":{"line":46,"column":15},"end":{"line":73,"column":2}}},"fnMap":{"0":{"name":"OTP","decl":{"start":{"line":12,"column":24},"end":{"line":12,"column":27}},"loc":{"start":{"line":12,"column":61},"end":{"line":44,"column":1}},"line":12},"1":{"name":"(anonymous_1)","decl":{"start":{"line":29,"column":17},"end":{"line":29,"column":18}},"loc":{"start":{"line":29,"column":23},"end":{"line":32,"column":9}},"line":29},"2":{"name":"(anonymous_2)","decl":{"start":{"line":33,"column":16},"end":{"line":33,"column":17}},"loc":{"start":{"line":33,"column":22},"end":{"line":35,"column":9}},"line":33}},"branchMap":{"0":{"loc":{"start":{"line":27,"column":27},"end":{"line":27,"column":59}},"type":"cond-expr","locations":[{"start":{"line":27,"column":35},"end":{"line":27,"column":45}},{"start":{"line":27,"column":48},"end":{"line":27,"column":59}}],"line":27},"1":{"loc":{"start":{"line":37,"column":7},"end":{"line":41,"column":7}},"type":"binary-expr","locations":[{"start":{"line":37,"column":7},"end":{"line":37,"column":12}},{"start":{"line":38,"column":8},"end":{"line":40,"column":15}}],"line":37},"2":{"loc":{"start":{"line":66,"column":22},"end":{"line":66,"column":63}},"type":"cond-expr","locations":[{"start":{"line":66,"column":50},"end":{"line":66,"column":55}},{"start":{"line":66,"column":58},"end":{"line":66,"column":63}}],"line":66}},"s":{"0":9,"1":9,"2":0,"3":0,"4":0,"5":5},"f":{"0":9,"1":0,"2":0},"b":{"0":[1,8],"1":[9,1],"2":[0,5]},"_coverageSchema":"1a1c01bbd47fc00a2c39e90264f33305004495a9","hash":"c285a12761ea49a4e46e479e2f49cd43654fd58f"}
,"C:\\React Native\\TaskApp\\components\\SmallCard.js": {"path":"C:\\React Native\\TaskApp\\components\\SmallCard.js","statementMap":{"0":{"start":{"line":14,"column":2},"end":{"line":27,"column":4}},"1":{"start":{"line":30,"column":15},"end":{"line":61,"column":2}}},"fnMap":{"0":{"name":"SmallCard","decl":{"start":{"line":13,"column":24},"end":{"line":13,"column":33}},"loc":{"start":{"line":13,"column":36},"end":{"line":28,"column":1}},"line":13}},"branchMap":{},"s":{"0":2,"1":4},"f":{"0":2},"b":{},"_coverageSchema":"1a1c01bbd47fc00a2c39e90264f33305004495a9","hash":"dabff0772bd2c2ce4afc58c5accf7629e83acff2"}
,"C:\\React Native\\TaskApp\\components\\TermsPolicyComp.js": {"path":"C:\\React Native\\TaskApp\\components\\TermsPolicyComp.js","statementMap":{"0":{"start":{"line":21,"column":2},"end":{"line":77,"column":4}},"1":{"start":{"line":80,"column":15},"end":{"line":132,"column":2}}},"fnMap":{"0":{"name":"TermsPolicyComp","decl":{"start":{"line":12,"column":24},"end":{"line":12,"column":39}},"loc":{"start":{"line":20,"column":3},"end":{"line":78,"column":1}},"line":20}},"branchMap":{"0":{"loc":{"start":{"line":28,"column":21},"end":{"line":32,"column":37}},"type":"cond-expr","locations":[{"start":{"line":29,"column":18},"end":{"line":29,"column":34}},{"start":{"line":30,"column":18},"end":{"line":32,"column":37}}],"line":28},"1":{"loc":{"start":{"line":30,"column":18},"end":{"line":32,"column":37}},"type":"cond-expr","locations":[{"start":{"line":31,"column":18},"end":{"line":31,"column":28}},{"start":{"line":32,"column":18},"end":{"line":32,"column":37}}],"line":30},"2":{"loc":{"start":{"line":35,"column":16},"end":{"line":35,"column":61}},"type":"cond-expr","locations":[{"start":{"line":35,"column":24},"end":{"line":35,"column":38}},{"start":{"line":35,"column":41},"end":{"line":35,"column":61}}],"line":35},"3":{"loc":{"start":{"line":54,"column":21},"end":{"line":58,"column":37}},"type":"cond-expr","locations":[{"start":{"line":55,"column":18},"end":{"line":55,"column":34}},{"start":{"line":56,"column":18},"end":{"line":58,"column":37}}],"line":54},"4":{"loc":{"start":{"line":56,"column":18},"end":{"line":58,"column":37}},"type":"cond-expr","locations":[{"start":{"line":57,"column":18},"end":{"line":57,"column":28}},{"start":{"line":58,"column":18},"end":{"line":58,"column":37}}],"line":56},"5":{"loc":{"start":{"line":61,"column":16},"end":{"line":61,"column":63}},"type":"cond-expr","locations":[{"start":{"line":61,"column":26},"end":{"line":61,"column":40}},{"start":{"line":61,"column":43},"end":{"line":61,"column":63}}],"line":61}},"s":{"0":7,"1":3},"f":{"0":7},"b":{"0":[0,7],"1":[1,6],"2":[0,7],"3":[0,7],"4":[1,6],"5":[0,7]},"_coverageSchema":"1a1c01bbd47fc00a2c39e90264f33305004495a9","hash":"4fb872cbd899717fd8b7f05622da9cf8d5c6f906"}
,"C:\\React Native\\TaskApp\\components\\TitleAndSubTitle.tsx": {"path":"C:\\React Native\\TaskApp\\components\\TitleAndSubTitle.tsx","statementMap":{"0":{"start":{"line":23,"column":42},"end":{"line":96,"column":1}},"1":{"start":{"line":36,"column":2},"end":{"line":95,"column":4}},"2":{"start":{"line":98,"column":15},"end":{"line":109,"column":2}}},"fnMap":{"0":{"name":"(anonymous_0)","decl":{"start":{"line":23,"column":42},"end":{"line":23,"column":43}},"loc":{"start":{"line":35,"column":6},"end":{"line":96,"column":1}},"line":35}},"branchMap":{"0":{"loc":{"start":{"line":41,"column":30},"end":{"line":45,"column":21}},"type":"cond-expr","locations":[{"start":{"line":42,"column":16},"end":{"line":42,"column":17}},{"start":{"line":43,"column":16},"end":{"line":45,"column":21}}],"line":41},"1":{"loc":{"start":{"line":43,"column":16},"end":{"line":45,"column":21}},"type":"cond-expr","locations":[{"start":{"line":44,"column":16},"end":{"line":44,"column":21}},{"start":{"line":45,"column":16},"end":{"line":45,"column":21}}],"line":43},"2":{"loc":{"start":{"line":54,"column":30},"end":{"line":58,"column":21}},"type":"cond-expr","locations":[{"start":{"line":55,"column":16},"end":{"line":55,"column":17}},{"start":{"line":56,"column":16},"end":{"line":58,"column":21}}],"line":54},"3":{"loc":{"start":{"line":56,"column":16},"end":{"line":58,"column":21}},"type":"cond-expr","locations":[{"start":{"line":57,"column":16},"end":{"line":57,"column":21}},{"start":{"line":58,"column":16},"end":{"line":58,"column":21}}],"line":56},"4":{"loc":{"start":{"line":71,"column":7},"end":{"line":93,"column":7}},"type":"binary-expr","locations":[{"start":{"line":71,"column":7},"end":{"line":71,"column":12}},{"start":{"line":72,"column":8},"end":{"line":92,"column":15}}],"line":71},"5":{"loc":{"start":{"line":75,"column":32},"end":{"line":79,"column":23}},"type":"cond-expr","locations":[{"start":{"line":76,"column":18},"end":{"line":76,"column":19}},{"start":{"line":77,"column":18},"end":{"line":79,"column":23}}],"line":75},"6":{"loc":{"start":{"line":77,"column":18},"end":{"line":79,"column":23}},"type":"cond-expr","locations":[{"start":{"line":78,"column":18},"end":{"line":78,"column":23}},{"start":{"line":79,"column":18},"end":{"line":79,"column":23}}],"line":77},"7":{"loc":{"start":{"line":102,"column":14},"end":{"line":102,"column":55}},"type":"cond-expr","locations":[{"start":{"line":102,"column":42},"end":{"line":102,"column":47}},{"start":{"line":102,"column":50},"end":{"line":102,"column":55}}],"line":102},"8":{"loc":{"start":{"line":107,"column":14},"end":{"line":107,"column":55}},"type":"cond-expr","locations":[{"start":{"line":107,"column":42},"end":{"line":107,"column":47}},{"start":{"line":107,"column":50},"end":{"line":107,"column":55}}],"line":107}},"s":{"0":9,"1":70,"2":9},"f":{"0":70},"b":{"0":[12,58],"1":[0,58],"2":[12,58],"3":[0,58],"4":[70,7],"5":[0,7],"6":[0,7],"7":[0,9],"8":[0,9]},"_coverageSchema":"1a1c01bbd47fc00a2c39e90264f33305004495a9","hash":"139c7237825b4cb4ef840f11fff4af52a1bf81d8"}
,"C:\\React Native\\TaskApp\\components\\ViewPager.js": {"path":"C:\\React Native\\TaskApp\\components\\ViewPager.js","statementMap":{"0":{"start":{"line":30,"column":40},"end":{"line":30,"column":51}},"1":{"start":{"line":31,"column":14},"end":{"line":31,"column":26}},"2":{"start":{"line":33,"column":19},"end":{"line":39,"column":3}},"3":{"start":{"line":34,"column":27},"end":{"line":34,"column":56}},"4":{"start":{"line":35,"column":25},"end":{"line":37,"column":5}},"5":{"start":{"line":38,"column":4},"end":{"line":38,"column":33}},"6":{"start":{"line":41,"column":24},"end":{"line":48,"column":3}},"7":{"start":{"line":42,"column":27},"end":{"line":42,"column":42}},"8":{"start":{"line":43,"column":4},"end":{"line":47,"column":5}},"9":{"start":{"line":44,"column":21},"end":{"line":44,"column":68}},"10":{"start":{"line":45,"column":6},"end":{"line":45,"column":44}},"11":{"start":{"line":46,"column":6},"end":{"line":46,"column":38}},"12":{"start":{"line":50,"column":2},"end":{"line":55,"column":20}},"13":{"start":{"line":51,"column":21},"end":{"line":53,"column":12}},"14":{"start":{"line":52,"column":6},"end":{"line":52,"column":22}},"15":{"start":{"line":54,"column":4},"end":{"line":54,"column":41}},"16":{"start":{"line":54,"column":17},"end":{"line":54,"column":40}},"17":{"start":{"line":57,"column":21},"end":{"line":80,"column":3}},"18":{"start":{"line":58,"column":4},"end":{"line":79,"column":6}},"19":{"start":{"line":82,"column":2},"end":{"line":124,"column":4}},"20":{"start":{"line":93,"column":41},"end":{"line":93,"column":48}},"21":{"start":{"line":109,"column":14},"end":{"line":112,"column":16}},"22":{"start":{"line":127,"column":15},"end":{"line":188,"column":2}}},"fnMap":{"0":{"name":"ViewPager","decl":{"start":{"line":21,"column":24},"end":{"line":21,"column":33}},"loc":{"start":{"line":29,"column":3},"end":{"line":125,"column":1}},"line":29},"1":{"name":"(anonymous_1)","decl":{"start":{"line":33,"column":19},"end":{"line":33,"column":20}},"loc":{"start":{"line":33,"column":24},"end":{"line":39,"column":3}},"line":33},"2":{"name":"(anonymous_2)","decl":{"start":{"line":41,"column":24},"end":{"line":41,"column":25}},"loc":{"start":{"line":41,"column":30},"end":{"line":48,"column":3}},"line":41},"3":{"name":"(anonymous_3)","decl":{"start":{"line":50,"column":12},"end":{"line":50,"column":13}},"loc":{"start":{"line":50,"column":18},"end":{"line":55,"column":3}},"line":50},"4":{"name":"(anonymous_4)","decl":{"start":{"line":51,"column":33},"end":{"line":51,"column":34}},"loc":{"start":{"line":51,"column":39},"end":{"line":53,"column":5}},"line":51},"5":{"name":"(anonymous_5)","decl":{"start":{"line":54,"column":11},"end":{"line":54,"column":12}},"loc":{"start":{"line":54,"column":17},"end":{"line":54,"column":40}},"line":54},"6":{"name":"(anonymous_6)","decl":{"start":{"line":57,"column":21},"end":{"line":57,"column":22}},"loc":{"start":{"line":57,"column":33},"end":{"line":80,"column":3}},"line":57},"7":{"name":"(anonymous_7)","decl":{"start":{"line":93,"column":24},"end":{"line":93,"column":25}},"loc":{"start":{"line":93,"column":41},"end":{"line":93,"column":48}},"line":93},"8":{"name":"(anonymous_8)","decl":{"start":{"line":108,"column":22},"end":{"line":108,"column":23}},"loc":{"start":{"line":109,"column":14},"end":{"line":112,"column":16}},"line":109}},"branchMap":{"0":{"loc":{"start":{"line":43,"column":4},"end":{"line":47,"column":5}},"type":"if","locations":[{"start":{"line":43,"column":4},"end":{"line":47,"column":5}},{"start":{},"end":{}}],"line":43},"1":{"loc":{"start":{"line":97,"column":7},"end":{"line":122,"column":7}},"type":"cond-expr","locations":[{"start":{"line":98,"column":8},"end":{"line":98,"column":66}},{"start":{"line":100,"column":8},"end":{"line":121,"column":15}}],"line":97},"2":{"loc":{"start":{"line":111,"column":23},"end":{"line":111,"column":76}},"type":"cond-expr","locations":[{"start":{"line":111,"column":47},"end":{"line":111,"column":63}},{"start":{"line":111,"column":66},"end":{"line":111,"column":76}}],"line":111}},"s":{"0":3,"1":3,"2":3,"3":0,"4":0,"5":0,"6":3,"7":0,"8":0,"9":0,"10":0,"11":0,"12":3,"13":3,"14":0,"15":3,"16":3,"17":3,"18":12,"19":3,"20":12,"21":12,"22":2},"f":{"0":3,"1":0,"2":0,"3":3,"4":0,"5":3,"6":12,"7":12,"8":12},"b":{"0":[0,0],"1":[0,3],"2":[3,9]},"_coverageSchema":"1a1c01bbd47fc00a2c39e90264f33305004495a9","hash":"bedadc97cc38d52d5e0de4837a5540f85ec667a6"}
,"C:\\React Native\\TaskApp\\components\\WeatherTab.js": {"path":"C:\\React Native\\TaskApp\\components\\WeatherTab.js","statementMap":{"0":{"start":{"line":15,"column":2},"end":{"line":32,"column":4}},"1":{"start":{"line":35,"column":15},"end":{"line":72,"column":2}}},"fnMap":{"0":{"name":"WeatherTab","decl":{"start":{"line":14,"column":24},"end":{"line":14,"column":34}},"loc":{"start":{"line":14,"column":37},"end":{"line":33,"column":1}},"line":14}},"branchMap":{},"s":{"0":2,"1":4},"f":{"0":2},"b":{},"_coverageSchema":"1a1c01bbd47fc00a2c39e90264f33305004495a9","hash":"c072a7f37fac42964ee0a4449b7384a43b073847"}
,"C:\\React Native\\TaskApp\\constants\\colors.js": {"path":"C:\\React Native\\TaskApp\\constants\\colors.js","statementMap":{"0":{"start":{"line":1,"column":22},"end":{"line":22,"column":1}}},"fnMap":{},"branchMap":{},"s":{"0":19},"f":{},"b":{},"_coverageSchema":"1a1c01bbd47fc00a2c39e90264f33305004495a9","hash":"6b2c07d836e951e85d65b489228ab3951ddc0d7d"}
,"C:\\React Native\\TaskApp\\helpers\\testHelpers\\renderWithRedux.js": {"path":"C:\\React Native\\TaskApp\\helpers\\testHelpers\\renderWithRedux.js","statementMap":{"0":{"start":{"line":10,"column":31},"end":{"line":18,"column":1}},"1":{"start":{"line":11,"column":25},"end":{"line":11,"column":47}},"2":{"start":{"line":12,"column":22},"end":{"line":12,"column":55}},"3":{"start":{"line":14,"column":16},"end":{"line":14,"column":73}},"4":{"start":{"line":15,"column":2},"end":{"line":15,"column":31}},"5":{"start":{"line":17,"column":2},"end":{"line":17,"column":67}}},"fnMap":{"0":{"name":"(anonymous_0)","decl":{"start":{"line":10,"column":31},"end":{"line":10,"column":32}},"loc":{"start":{"line":10,"column":47},"end":{"line":18,"column":1}},"line":10}},"branchMap":{},"s":{"0":6,"1":37,"2":37,"3":37,"4":37,"5":37},"f":{"0":37},"b":{},"_coverageSchema":"1a1c01bbd47fc00a2c39e90264f33305004495a9","hash":"b8a0113bdd0edf7ff537340abf87de271805d7fb"}
,"C:\\React Native\\TaskApp\\languages\\en.js": {"path":"C:\\React Native\\TaskApp\\languages\\en.js","statementMap":{},"fnMap":{},"branchMap":{},"s":{},"f":{},"b":{},"_coverageSchema":"1a1c01bbd47fc00a2c39e90264f33305004495a9","hash":"57ecbe5fea4bac507a2f57d5e517bb4082fda221"}
,"C:\\React Native\\TaskApp\\languages\\i18n.js": {"path":"C:\\React Native\\TaskApp\\languages\\i18n.js","statementMap":{"0":{"start":{"line":4,"column":0},"end":{"line":4,"column":22}},"1":{"start":{"line":5,"column":0},"end":{"line":7,"column":2}}},"fnMap":{},"branchMap":{},"s":{"0":15,"1":15},"f":{},"b":{},"_coverageSchema":"1a1c01bbd47fc00a2c39e90264f33305004495a9","hash":"459e6753275c025bfc81167e7b87dffb03596ac4"}
,"C:\\React Native\\TaskApp\\navigation\\NavigationScreen.js": {"path":"C:\\React Native\\TaskApp\\navigation\\NavigationScreen.js","statementMap":{"0":{"start":{"line":29,"column":14},"end":{"line":29,"column":42}},"1":{"start":{"line":30,"column":15},"end":{"line":30,"column":38}},"2":{"start":{"line":32,"column":21},"end":{"line":56,"column":1}},"3":{"start":{"line":33,"column":2},"end":{"line":55,"column":4}},"4":{"start":{"line":58,"column":24},"end":{"line":89,"column":1}},"5":{"start":{"line":59,"column":2},"end":{"line":88,"column":4}},"6":{"start":{"line":61,"column":30},"end":{"line":61,"column":57}},"7":{"start":{"line":65,"column":29},"end":{"line":65,"column":44}},"8":{"start":{"line":66,"column":10},"end":{"line":75,"column":12}},"9":{"start":{"line":69,"column":31},"end":{"line":69,"column":56}},"10":{"start":{"line":82,"column":27},"end":{"line":82,"column":31}},"11":{"start":{"line":91,"column":22},"end":{"line":107,"column":1}},"12":{"start":{"line":92,"column":2},"end":{"line":106,"column":4}},"13":{"start":{"line":109,"column":15},"end":{"line":158,"column":2}}},"fnMap":{"0":{"name":"(anonymous_0)","decl":{"start":{"line":32,"column":21},"end":{"line":32,"column":22}},"loc":{"start":{"line":32,"column":30},"end":{"line":56,"column":1}},"line":32},"1":{"name":"(anonymous_1)","decl":{"start":{"line":58,"column":24},"end":{"line":58,"column":25}},"loc":{"start":{"line":58,"column":30},"end":{"line":89,"column":1}},"line":58},"2":{"name":"(anonymous_2)","decl":{"start":{"line":61,"column":21},"end":{"line":61,"column":22}},"loc":{"start":{"line":61,"column":30},"end":{"line":61,"column":57}},"line":61},"3":{"name":"(anonymous_3)","decl":{"start":{"line":64,"column":20},"end":{"line":64,"column":21}},"loc":{"start":{"line":64,"column":26},"end":{"line":76,"column":9}},"line":64},"4":{"name":"(anonymous_4)","decl":{"start":{"line":69,"column":25},"end":{"line":69,"column":26}},"loc":{"start":{"line":69,"column":31},"end":{"line":69,"column":56}},"line":69},"5":{"name":"(anonymous_5)","decl":{"start":{"line":82,"column":21},"end":{"line":82,"column":22}},"loc":{"start":{"line":82,"column":27},"end":{"line":82,"column":31}},"line":82},"6":{"name":"(anonymous_6)","decl":{"start":{"line":91,"column":22},"end":{"line":91,"column":23}},"loc":{"start":{"line":91,"column":28},"end":{"line":107,"column":1}},"line":91}},"branchMap":{},"s":{"0":2,"1":2,"2":2,"3":0,"4":2,"5":0,"6":0,"7":0,"8":0,"9":0,"10":0,"11":2,"12":3,"13":2},"f":{"0":0,"1":0,"2":0,"3":0,"4":0,"5":0,"6":3},"b":{},"_coverageSchema":"1a1c01bbd47fc00a2c39e90264f33305004495a9","hash":"bf57c7a0ec1f84c118905097f55af45786072062"}
,"C:\\React Native\\TaskApp\\redux\\actionsConstants.js": {"path":"C:\\React Native\\TaskApp\\redux\\actionsConstants.js","statementMap":{"0":{"start":{"line":1,"column":30},"end":{"line":1,"column":46}},"1":{"start":{"line":2,"column":32},"end":{"line":2,"column":50}},"2":{"start":{"line":4,"column":28},"end":{"line":6,"column":2}},"3":{"start":{"line":4,"column":35},"end":{"line":6,"column":1}}},"fnMap":{"0":{"name":"(anonymous_0)","decl":{"start":{"line":4,"column":28},"end":{"line":4,"column":29}},"loc":{"start":{"line":4,"column":35},"end":{"line":6,"column":1}},"line":4}},"branchMap":{},"s":{"0":7,"1":7,"2":7,"3":7},"f":{"0":7},"b":{},"_coverageSchema":"1a1c01bbd47fc00a2c39e90264f33305004495a9","hash":"72acd576c6c6fd0583c9239d89602f4c7ca840e8"}
,"C:\\React Native\\TaskApp\\redux\\reducer.js": {"path":"C:\\React Native\\TaskApp\\redux\\reducer.js","statementMap":{"0":{"start":{"line":3,"column":21},"end":{"line":5,"column":1}},"1":{"start":{"line":7,"column":23},"end":{"line":14,"column":1}},"2":{"start":{"line":8,"column":2},"end":{"line":13,"column":3}},"3":{"start":{"line":10,"column":6},"end":{"line":10,"column":45}},"4":{"start":{"line":12,"column":6},"end":{"line":12,"column":19}}},"fnMap":{"0":{"name":"(anonymous_0)","decl":{"start":{"line":7,"column":23},"end":{"line":7,"column":24}},"loc":{"start":{"line":7,"column":57},"end":{"line":14,"column":1}},"line":7}},"branchMap":{"0":{"loc":{"start":{"line":7,"column":24},"end":{"line":7,"column":44}},"type":"default-arg","locations":[{"start":{"line":7,"column":32},"end":{"line":7,"column":44}}],"line":7},"1":{"loc":{"start":{"line":8,"column":2},"end":{"line":13,"column":3}},"type":"switch","locations":[{"start":{"line":9,"column":4},"end":{"line":10,"column":45}},{"start":{"line":11,"column":4},"end":{"line":12,"column":19}}],"line":8}},"s":{"0":6,"1":6,"2":128,"3":7,"4":121},"f":{"0":128},"b":{"0":[114],"1":[7,121]},"_coverageSchema":"1a1c01bbd47fc00a2c39e90264f33305004495a9","hash":"da21246e4ee4a30d297c7c379e0c4abb1eedc2b3"}
,"C:\\React Native\\TaskApp\\redux\\sagas.js": {"path":"C:\\React Native\\TaskApp\\redux\\sagas.js","statementMap":{"0":{"start":{"line":6,"column":19},"end":{"line":10,"column":1}},"1":{"start":{"line":7,"column":16},"end":{"line":7,"column":51}},"2":{"start":{"line":8,"column":14},"end":{"line":8,"column":44}},"3":{"start":{"line":9,"column":2},"end":{"line":9,"column":13}},"4":{"start":{"line":13,"column":2},"end":{"line":13,"column":31}},"5":{"start":{"line":14,"column":16},"end":{"line":14,"column":34}},"6":{"start":{"line":15,"column":2},"end":{"line":15,"column":51}},"7":{"start":{"line":16,"column":2},"end":{"line":16,"column":45}},"8":{"start":{"line":20,"column":2},"end":{"line":20,"column":53}},"9":{"start":{"line":24,"column":2},"end":{"line":24,"column":28}}},"fnMap":{"0":{"name":"(anonymous_0)","decl":{"start":{"line":6,"column":19},"end":{"line":6,"column":20}},"loc":{"start":{"line":6,"column":31},"end":{"line":10,"column":1}},"line":6},"1":{"name":"workGetUsersFetch","decl":{"start":{"line":12,"column":10},"end":{"line":12,"column":27}},"loc":{"start":{"line":12,"column":30},"end":{"line":17,"column":1}},"line":12},"2":{"name":"mySaga","decl":{"start":{"line":19,"column":10},"end":{"line":19,"column":16}},"loc":{"start":{"line":19,"column":19},"end":{"line":21,"column":1}},"line":19},"3":{"name":"rootSaga","decl":{"start":{"line":23,"column":10},"end":{"line":23,"column":18}},"loc":{"start":{"line":23,"column":21},"end":{"line":25,"column":1}},"line":23}},"branchMap":{"0":{"loc":{"start":{"line":8,"column":14},"end":{"line":8,"column":44}},"type":"cond-expr","locations":[{"start":{"line":8,"column":22},"end":{"line":8,"column":39}},{"start":{"line":8,"column":42},"end":{"line":8,"column":44}}],"line":8}},"s":{"0":6,"1":7,"2":7,"3":7,"4":7,"5":7,"6":7,"7":7,"8":38,"9":38},"f":{"0":7,"1":7,"2":38,"3":38},"b":{"0":[0,7]},"_coverageSchema":"1a1c01bbd47fc00a2c39e90264f33305004495a9","hash":"64a03a6240c07464edde11efa54066689e5a97ad"}
,"C:\\React Native\\TaskApp\\screens\\DashboardScreen.js": {"path":"C:\\React Native\\TaskApp\\screens\\DashboardScreen.js","statementMap":{"0":{"start":{"line":19,"column":2},"end":{"line":58,"column":4}},"1":{"start":{"line":46,"column":10},"end":{"line":46,"column":62}},"2":{"start":{"line":48,"column":27},"end":{"line":48,"column":78}},"3":{"start":{"line":50,"column":10},"end":{"line":50,"column":63}},"4":{"start":{"line":53,"column":10},"end":{"line":53,"column":67}},"5":{"start":{"line":61,"column":15},"end":{"line":106,"column":2}}},"fnMap":{"0":{"name":"DashboardScreen","decl":{"start":{"line":18,"column":24},"end":{"line":18,"column":39}},"loc":{"start":{"line":18,"column":54},"end":{"line":59,"column":1}},"line":18},"1":{"name":"(anonymous_1)","decl":{"start":{"line":45,"column":24},"end":{"line":45,"column":25}},"loc":{"start":{"line":46,"column":10},"end":{"line":46,"column":62}},"line":46},"2":{"name":"(anonymous_2)","decl":{"start":{"line":48,"column":21},"end":{"line":48,"column":22}},"loc":{"start":{"line":48,"column":27},"end":{"line":48,"column":78}},"line":48},"3":{"name":"(anonymous_3)","decl":{"start":{"line":49,"column":23},"end":{"line":49,"column":24}},"loc":{"start":{"line":50,"column":10},"end":{"line":50,"column":63}},"line":50},"4":{"name":"(anonymous_4)","decl":{"start":{"line":52,"column":27},"end":{"line":52,"column":28}},"loc":{"start":{"line":53,"column":10},"end":{"line":53,"column":67}},"line":53}},"branchMap":{},"s":{"0":5,"1":0,"2":0,"3":0,"4":0,"5":3},"f":{"0":5,"1":0,"2":0,"3":0,"4":0},"b":{},"_coverageSchema":"1a1c01bbd47fc00a2c39e90264f33305004495a9","hash":"7e6282770fcf4ad9bb7f9f37f522ad17f7e38e08"}
,"C:\\React Native\\TaskApp\\screens\\DummyScreen.js": {"path":"C:\\React Native\\TaskApp\\screens\\DummyScreen.js","statementMap":{"0":{"start":{"line":16,"column":2},"end":{"line":68,"column":4}},"1":{"start":{"line":56,"column":10},"end":{"line":56,"column":62}},"2":{"start":{"line":58,"column":27},"end":{"line":58,"column":78}},"3":{"start":{"line":60,"column":10},"end":{"line":60,"column":63}},"4":{"start":{"line":63,"column":10},"end":{"line":63,"column":67}},"5":{"start":{"line":71,"column":15},"end":{"line":85,"column":2}}},"fnMap":{"0":{"name":"DummyScreen","decl":{"start":{"line":15,"column":24},"end":{"line":15,"column":35}},"loc":{"start":{"line":15,"column":57},"end":{"line":69,"column":1}},"line":15},"1":{"name":"(anonymous_1)","decl":{"start":{"line":55,"column":24},"end":{"line":55,"column":25}},"loc":{"start":{"line":56,"column":10},"end":{"line":56,"column":62}},"line":56},"2":{"name":"(anonymous_2)","decl":{"start":{"line":58,"column":21},"end":{"line":58,"column":22}},"loc":{"start":{"line":58,"column":27},"end":{"line":58,"column":78}},"line":58},"3":{"name":"(anonymous_3)","decl":{"start":{"line":59,"column":23},"end":{"line":59,"column":24}},"loc":{"start":{"line":60,"column":10},"end":{"line":60,"column":63}},"line":60},"4":{"name":"(anonymous_4)","decl":{"start":{"line":62,"column":27},"end":{"line":62,"column":28}},"loc":{"start":{"line":63,"column":10},"end":{"line":63,"column":67}},"line":63}},"branchMap":{},"s":{"0":0,"1":0,"2":0,"3":0,"4":0,"5":2},"f":{"0":0,"1":0,"2":0,"3":0,"4":0},"b":{},"_coverageSchema":"1a1c01bbd47fc00a2c39e90264f33305004495a9","hash":"c99a9748189e773f6776235568f611153fe86f55"}
,"C:\\React Native\\TaskApp\\screens\\ForgotPasswordScreen.js": {"path":"C:\\React Native\\TaskApp\\screens\\ForgotPasswordScreen.js","statementMap":{"0":{"start":{"line":14,"column":28},"end":{"line":14,"column":40}},"1":{"start":{"line":15,"column":32},"end":{"line":15,"column":46}},"2":{"start":{"line":16,"column":28},"end":{"line":16,"column":43}},"3":{"start":{"line":17,"column":16},"end":{"line":17,"column":64}},"4":{"start":{"line":17,"column":37},"end":{"line":17,"column":63}},"5":{"start":{"line":20,"column":4},"end":{"line":20,"column":112}},"6":{"start":{"line":22,"column":19},"end":{"line":25,"column":3}},"7":{"start":{"line":23,"column":4},"end":{"line":23,"column":19}},"8":{"start":{"line":24,"column":4},"end":{"line":24,"column":34}},"9":{"start":{"line":27,"column":19},"end":{"line":36,"column":3}},"10":{"start":{"line":28,"column":17},"end":{"line":28,"column":57}},"11":{"start":{"line":28,"column":36},"end":{"line":28,"column":56}},"12":{"start":{"line":29,"column":4},"end":{"line":35,"column":5}},"13":{"start":{"line":30,"column":6},"end":{"line":32,"column":9}},"14":{"start":{"line":34,"column":6},"end":{"line":34,"column":21}},"15":{"start":{"line":38,"column":2},"end":{"line":62,"column":4}},"16":{"start":{"line":53,"column":23},"end":{"line":53,"column":38}},"17":{"start":{"line":65,"column":15},"end":{"line":76,"column":2}}},"fnMap":{"0":{"name":"ForgotPasswordScreen","decl":{"start":{"line":13,"column":24},"end":{"line":13,"column":44}},"loc":{"start":{"line":13,"column":59},"end":{"line":63,"column":1}},"line":13},"1":{"name":"(anonymous_1)","decl":{"start":{"line":17,"column":28},"end":{"line":17,"column":29}},"loc":{"start":{"line":17,"column":37},"end":{"line":17,"column":63}},"line":17},"2":{"name":"(anonymous_2)","decl":{"start":{"line":22,"column":19},"end":{"line":22,"column":20}},"loc":{"start":{"line":22,"column":27},"end":{"line":25,"column":3}},"line":22},"3":{"name":"(anonymous_3)","decl":{"start":{"line":27,"column":19},"end":{"line":27,"column":20}},"loc":{"start":{"line":27,"column":31},"end":{"line":36,"column":3}},"line":27},"4":{"name":"(anonymous_4)","decl":{"start":{"line":28,"column":28},"end":{"line":28,"column":29}},"loc":{"start":{"line":28,"column":36},"end":{"line":28,"column":56}},"line":28},"5":{"name":"(anonymous_5)","decl":{"start":{"line":53,"column":17},"end":{"line":53,"column":18}},"loc":{"start":{"line":53,"column":23},"end":{"line":53,"column":38}},"line":53}},"branchMap":{"0":{"loc":{"start":{"line":29,"column":4},"end":{"line":35,"column":5}},"type":"if","locations":[{"start":{"line":29,"column":4},"end":{"line":35,"column":5}},{"start":{"line":33,"column":11},"end":{"line":35,"column":5}}],"line":29},"1":{"loc":{"start":{"line":29,"column":8},"end":{"line":29,"column":24}},"type":"binary-expr","locations":[{"start":{"line":29,"column":8},"end":{"line":29,"column":16}},{"start":{"line":29,"column":20},"end":{"line":29,"column":24}}],"line":29},"2":{"loc":{"start":{"line":52,"column":15},"end":{"line":52,"column":59}},"type":"binary-expr","locations":[{"start":{"line":52,"column":15},"end":{"line":52,"column":20}},{"start":{"line":52,"column":24},"end":{"line":52,"column":59}}],"line":52},"3":{"loc":{"start":{"line":74,"column":15},"end":{"line":74,"column":70}},"type":"cond-expr","locations":[{"start":{"line":74,"column":55},"end":{"line":74,"column":61}},{"start":{"line":74,"column":64},"end":{"line":74,"column":70}}],"line":74}},"s":{"0":7,"1":7,"2":7,"3":7,"4":7,"5":7,"6":7,"7":0,"8":0,"9":7,"10":1,"11":0,"12":1,"13":0,"14":1,"15":7,"16":0,"17":3},"f":{"0":7,"1":7,"2":0,"3":1,"4":0,"5":0},"b":{"0":[0,1],"1":[1,0],"2":[7,1],"3":[0,3]},"_coverageSchema":"1a1c01bbd47fc00a2c39e90264f33305004495a9","hash":"39df3224032f2db04a4fe1bf89a6695cfb98405e"}
,"C:\\React Native\\TaskApp\\screens\\OTPScreen.js": {"path":"C:\\React Native\\TaskApp\\screens\\OTPScreen.js","statementMap":{"0":{"start":{"line":29,"column":32},"end":{"line":29,"column":46}},"1":{"start":{"line":30,"column":28},"end":{"line":34,"column":4}},"2":{"start":{"line":35,"column":38},"end":{"line":35,"column":53}},"3":{"start":{"line":36,"column":32},"end":{"line":36,"column":44}},"4":{"start":{"line":37,"column":34},"end":{"line":37,"column":46}},"5":{"start":{"line":38,"column":42},"end":{"line":38,"column":54}},"6":{"start":{"line":39,"column":42},"end":{"line":39,"column":57}},"7":{"start":{"line":41,"column":16},"end":{"line":41,"column":64}},"8":{"start":{"line":41,"column":37},"end":{"line":41,"column":63}},"9":{"start":{"line":44,"column":4},"end":{"line":44,"column":144}},"10":{"start":{"line":46,"column":27},"end":{"line":49,"column":3}},"11":{"start":{"line":47,"column":4},"end":{"line":47,"column":22}},"12":{"start":{"line":48,"column":4},"end":{"line":48,"column":34}},"13":{"start":{"line":50,"column":31},"end":{"line":53,"column":3}},"14":{"start":{"line":51,"column":4},"end":{"line":51,"column":26}},"15":{"start":{"line":55,"column":22},"end":{"line":57,"column":3}},"16":{"start":{"line":56,"column":4},"end":{"line":56,"column":22}},"17":{"start":{"line":59,"column":19},"end":{"line":75,"column":3}},"18":{"start":{"line":60,"column":4},"end":{"line":74,"column":5}},"19":{"start":{"line":61,"column":19},"end":{"line":63,"column":7}},"20":{"start":{"line":62,"column":8},"end":{"line":62,"column":77}},"21":{"start":{"line":64,"column":6},"end":{"line":64,"column":58}},"22":{"start":{"line":65,"column":6},"end":{"line":65,"column":26}},"23":{"start":{"line":66,"column":6},"end":{"line":66,"column":28}},"24":{"start":{"line":68,"column":6},"end":{"line":68,"column":27}},"25":{"start":{"line":69,"column":6},"end":{"line":73,"column":9}},"26":{"start":{"line":77,"column":26},"end":{"line":82,"column":3}},"27":{"start":{"line":78,"column":4},"end":{"line":78,"column":35}},"28":{"start":{"line":79,"column":4},"end":{"line":81,"column":7}},"29":{"start":{"line":83,"column":2},"end":{"line":156,"column":4}},"30":{"start":{"line":89,"column":12},"end":{"line":89,"column":43}},"31":{"start":{"line":109,"column":29},"end":{"line":109,"column":70}},"32":{"start":{"line":120,"column":29},"end":{"line":120,"column":71}},"33":{"start":{"line":135,"column":29},"end":{"line":135,"column":75}},"34":{"start":{"line":159,"column":15},"end":{"line":190,"column":2}}},"fnMap":{"0":{"name":"OTPScreen","decl":{"start":{"line":28,"column":24},"end":{"line":28,"column":33}},"loc":{"start":{"line":28,"column":55},"end":{"line":157,"column":1}},"line":28},"1":{"name":"(anonymous_1)","decl":{"start":{"line":41,"column":28},"end":{"line":41,"column":29}},"loc":{"start":{"line":41,"column":37},"end":{"line":41,"column":63}},"line":41},"2":{"name":"(anonymous_2)","decl":{"start":{"line":46,"column":27},"end":{"line":46,"column":28}},"loc":{"start":{"line":46,"column":35},"end":{"line":49,"column":3}},"line":46},"3":{"name":"(anonymous_3)","decl":{"start":{"line":50,"column":31},"end":{"line":50,"column":32}},"loc":{"start":{"line":50,"column":39},"end":{"line":53,"column":3}},"line":50},"4":{"name":"(anonymous_4)","decl":{"start":{"line":55,"column":22},"end":{"line":55,"column":23}},"loc":{"start":{"line":55,"column":31},"end":{"line":57,"column":3}},"line":55},"5":{"name":"(anonymous_5)","decl":{"start":{"line":59,"column":19},"end":{"line":59,"column":20}},"loc":{"start":{"line":59,"column":31},"end":{"line":75,"column":3}},"line":59},"6":{"name":"(anonymous_6)","decl":{"start":{"line":61,"column":32},"end":{"line":61,"column":33}},"loc":{"start":{"line":62,"column":8},"end":{"line":62,"column":77}},"line":62},"7":{"name":"(anonymous_7)","decl":{"start":{"line":77,"column":26},"end":{"line":77,"column":27}},"loc":{"start":{"line":77,"column":32},"end":{"line":82,"column":3}},"line":77},"8":{"name":"(anonymous_8)","decl":{"start":{"line":88,"column":26},"end":{"line":88,"column":27}},"loc":{"start":{"line":88,"column":32},"end":{"line":90,"column":11}},"line":88},"9":{"name":"(anonymous_9)","decl":{"start":{"line":109,"column":23},"end":{"line":109,"column":24}},"loc":{"start":{"line":109,"column":29},"end":{"line":109,"column":70}},"line":109},"10":{"name":"(anonymous_10)","decl":{"start":{"line":120,"column":23},"end":{"line":120,"column":24}},"loc":{"start":{"line":120,"column":29},"end":{"line":120,"column":71}},"line":120},"11":{"name":"(anonymous_11)","decl":{"start":{"line":135,"column":23},"end":{"line":135,"column":24}},"loc":{"start":{"line":135,"column":29},"end":{"line":135,"column":75}},"line":135},"12":{"name":"(anonymous_12)","decl":{"start":{"line":150,"column":23},"end":{"line":150,"column":24}},"loc":{"start":{"line":150,"column":29},"end":{"line":150,"column":31}},"line":150}},"branchMap":{"0":{"loc":{"start":{"line":60,"column":4},"end":{"line":74,"column":5}},"type":"if","locations":[{"start":{"line":60,"column":4},"end":{"line":74,"column":5}},{"start":{"line":67,"column":11},"end":{"line":74,"column":5}}],"line":60},"1":{"loc":{"start":{"line":60,"column":8},"end":{"line":60,"column":57}},"type":"binary-expr","locations":[{"start":{"line":60,"column":8},"end":{"line":60,"column":33}},{"start":{"line":60,"column":37},"end":{"line":60,"column":57}}],"line":60},"2":{"loc":{"start":{"line":62,"column":8},"end":{"line":62,"column":77}},"type":"cond-expr","locations":[{"start":{"line":62,"column":45},"end":{"line":62,"column":69}},{"start":{"line":62,"column":73},"end":{"line":62,"column":77}}],"line":62},"3":{"loc":{"start":{"line":70,"column":23},"end":{"line":70,"column":46}},"type":"cond-expr","locations":[{"start":{"line":70,"column":34},"end":{"line":70,"column":39}},{"start":{"line":70,"column":42},"end":{"line":70,"column":46}}],"line":70},"4":{"loc":{"start":{"line":71,"column":27},"end":{"line":71,"column":67}},"type":"cond-expr","locations":[{"start":{"line":71,"column":55},"end":{"line":71,"column":60}},{"start":{"line":71,"column":63},"end":{"line":71,"column":67}}],"line":71},"5":{"loc":{"start":{"line":72,"column":22},"end":{"line":72,"column":57}},"type":"cond-expr","locations":[{"start":{"line":72,"column":45},"end":{"line":72,"column":50}},{"start":{"line":72,"column":53},"end":{"line":72,"column":57}}],"line":72},"6":{"loc":{"start":{"line":108,"column":21},"end":{"line":108,"column":76}},"type":"binary-expr","locations":[{"start":{"line":108,"column":21},"end":{"line":108,"column":39}},{"start":{"line":108,"column":43},"end":{"line":108,"column":76}}],"line":108},"7":{"loc":{"start":{"line":118,"column":16},"end":{"line":118,"column":79}},"type":"binary-expr","locations":[{"start":{"line":118,"column":16},"end":{"line":118,"column":35}},{"start":{"line":118,"column":39},"end":{"line":118,"column":79}}],"line":118},"8":{"loc":{"start":{"line":131,"column":16},"end":{"line":133,"column":17}},"type":"binary-expr","locations":[{"start":{"line":131,"column":16},"end":{"line":131,"column":39}},{"start":{"line":132,"column":18},"end":{"line":132,"column":59}}],"line":131},"9":{"loc":{"start":{"line":168,"column":10},"end":{"line":168,"column":39}},"type":"cond-expr","locations":[{"start":{"line":168,"column":34},"end":{"line":168,"column":35}},{"start":{"line":168,"column":38},"end":{"line":168,"column":39}}],"line":168},"10":{"loc":{"start":{"line":169,"column":20},"end":{"line":169,"column":61}},"type":"cond-expr","locations":[{"start":{"line":169,"column":44},"end":{"line":169,"column":54}},{"start":{"line":169,"column":57},"end":{"line":169,"column":61}}],"line":169},"11":{"loc":{"start":{"line":170,"column":16},"end":{"line":170,"column":57}},"type":"cond-expr","locations":[{"start":{"line":170,"column":40},"end":{"line":170,"column":50}},{"start":{"line":170,"column":53},"end":{"line":170,"column":57}}],"line":170},"12":{"loc":{"start":{"line":174,"column":6},"end":{"line":176,"column":18}},"type":"cond-expr","locations":[{"start":{"line":175,"column":10},"end":{"line":175,"column":17}},{"start":{"line":176,"column":10},"end":{"line":176,"column":18}}],"line":174},"13":{"loc":{"start":{"line":174,"column":6},"end":{"line":174,"column":72}},"type":"binary-expr","locations":[{"start":{"line":174,"column":6},"end":{"line":174,"column":31}},{"start":{"line":174,"column":35},"end":{"line":174,"column":72}}],"line":174}},"s":{"0":8,"1":8,"2":8,"3":8,"4":8,"5":8,"6":8,"7":8,"8":8,"9":8,"10":8,"11":0,"12":0,"13":8,"14":0,"15":8,"16":0,"17":8,"18":1,"19":0,"20":0,"21":0,"22":0,"23":0,"24":1,"25":1,"26":8,"27":0,"28":0,"29":8,"30":0,"31":0,"32":0,"33":0,"34":4},"f":{"0":8,"1":8,"2":0,"3":0,"4":0,"5":1,"6":0,"7":0,"8":0,"9":0,"10":0,"11":0,"12":0},"b":{"0":[0,1],"1":[1,1],"2":[0,0],"3":[0,1],"4":[1,0],"5":[0,1],"6":[8,1],"7":[8,1],"8":[8,0],"9":[4,0],"10":[4,0],"11":[4,0],"12":[0,4],"13":[4,0]},"_coverageSchema":"1a1c01bbd47fc00a2c39e90264f33305004495a9","hash":"8f510236ba7cdae1a50efcd22f272bb3cc600f38"}
,"C:\\React Native\\TaskApp\\screens\\RegisterScreen.js": {"path":"C:\\React Native\\TaskApp\\screens\\RegisterScreen.js","statementMap":{"0":{"start":{"line":29,"column":32},"end":{"line":29,"column":46}},"1":{"start":{"line":30,"column":28},"end":{"line":35,"column":4}},"2":{"start":{"line":36,"column":38},"end":{"line":36,"column":53}},"3":{"start":{"line":38,"column":32},"end":{"line":38,"column":47}},"4":{"start":{"line":39,"column":34},"end":{"line":39,"column":46}},"5":{"start":{"line":40,"column":42},"end":{"line":40,"column":54}},"6":{"start":{"line":42,"column":16},"end":{"line":42,"column":64}},"7":{"start":{"line":42,"column":37},"end":{"line":42,"column":63}},"8":{"start":{"line":43,"column":19},"end":{"line":43,"column":32}},"9":{"start":{"line":46,"column":4},"end":{"line":46,"column":144}},"10":{"start":{"line":48,"column":27},"end":{"line":51,"column":3}},"11":{"start":{"line":49,"column":4},"end":{"line":49,"column":22}},"12":{"start":{"line":50,"column":4},"end":{"line":50,"column":34}},"13":{"start":{"line":52,"column":31},"end":{"line":54,"column":3}},"14":{"start":{"line":53,"column":4},"end":{"line":53,"column":26}},"15":{"start":{"line":56,"column":19},"end":{"line":77,"column":3}},"16":{"start":{"line":57,"column":16},"end":{"line":57,"column":21}},"17":{"start":{"line":58,"column":4},"end":{"line":76,"column":5}},"18":{"start":{"line":59,"column":19},"end":{"line":59,"column":66}},"19":{"start":{"line":60,"column":6},"end":{"line":60,"column":21}},"20":{"start":{"line":61,"column":6},"end":{"line":61,"column":26}},"21":{"start":{"line":62,"column":6},"end":{"line":62,"column":57}},"22":{"start":{"line":63,"column":6},"end":{"line":63,"column":31}},"23":{"start":{"line":64,"column":6},"end":{"line":66,"column":9}},"24":{"start":{"line":67,"column":6},"end":{"line":67,"column":29}},"25":{"start":{"line":69,"column":6},"end":{"line":69,"column":27}},"26":{"start":{"line":70,"column":6},"end":{"line":75,"column":9}},"27":{"start":{"line":79,"column":2},"end":{"line":146,"column":4}},"28":{"start":{"line":102,"column":29},"end":{"line":102,"column":71}},"29":{"start":{"line":117,"column":29},"end":{"line":117,"column":75}},"30":{"start":{"line":124,"column":16},"end":{"line":127,"column":18}},"31":{"start":{"line":130,"column":38},"end":{"line":130,"column":58}},"32":{"start":{"line":132,"column":16},"end":{"line":132,"column":71}},"33":{"start":{"line":149,"column":15},"end":{"line":169,"column":2}}},"fnMap":{"0":{"name":"RegisterScreen","decl":{"start":{"line":28,"column":24},"end":{"line":28,"column":38}},"loc":{"start":{"line":28,"column":60},"end":{"line":147,"column":1}},"line":28},"1":{"name":"(anonymous_1)","decl":{"start":{"line":42,"column":28},"end":{"line":42,"column":29}},"loc":{"start":{"line":42,"column":37},"end":{"line":42,"column":63}},"line":42},"2":{"name":"(anonymous_2)","decl":{"start":{"line":48,"column":27},"end":{"line":48,"column":28}},"loc":{"start":{"line":48,"column":35},"end":{"line":51,"column":3}},"line":48},"3":{"name":"(anonymous_3)","decl":{"start":{"line":52,"column":31},"end":{"line":52,"column":32}},"loc":{"start":{"line":52,"column":39},"end":{"line":54,"column":3}},"line":52},"4":{"name":"(anonymous_4)","decl":{"start":{"line":56,"column":19},"end":{"line":56,"column":20}},"loc":{"start":{"line":56,"column":31},"end":{"line":77,"column":3}},"line":56},"5":{"name":"(anonymous_5)","decl":{"start":{"line":102,"column":23},"end":{"line":102,"column":24}},"loc":{"start":{"line":102,"column":29},"end":{"line":102,"column":71}},"line":102},"6":{"name":"(anonymous_6)","decl":{"start":{"line":117,"column":23},"end":{"line":117,"column":24}},"loc":{"start":{"line":117,"column":29},"end":{"line":117,"column":75}},"line":117},"7":{"name":"(anonymous_7)","decl":{"start":{"line":123,"column":28},"end":{"line":123,"column":29}},"loc":{"start":{"line":124,"column":16},"end":{"line":127,"column":18}},"line":124},"8":{"name":"(anonymous_8)","decl":{"start":{"line":130,"column":32},"end":{"line":130,"column":33}},"loc":{"start":{"line":130,"column":38},"end":{"line":130,"column":58}},"line":130},"9":{"name":"(anonymous_9)","decl":{"start":{"line":131,"column":30},"end":{"line":131,"column":31}},"loc":{"start":{"line":132,"column":16},"end":{"line":132,"column":71}},"line":132}},"branchMap":{"0":{"loc":{"start":{"line":58,"column":4},"end":{"line":76,"column":5}},"type":"if","locations":[{"start":{"line":58,"column":4},"end":{"line":76,"column":5}},{"start":{"line":68,"column":11},"end":{"line":76,"column":5}}],"line":58},"1":{"loc":{"start":{"line":58,"column":8},"end":{"line":58,"column":66}},"type":"binary-expr","locations":[{"start":{"line":58,"column":8},"end":{"line":58,"column":33}},{"start":{"line":58,"column":37},"end":{"line":58,"column":55}},{"start":{"line":58,"column":59},"end":{"line":58,"column":66}}],"line":58},"2":{"loc":{"start":{"line":71,"column":23},"end":{"line":71,"column":46}},"type":"cond-expr","locations":[{"start":{"line":71,"column":34},"end":{"line":71,"column":39}},{"start":{"line":71,"column":42},"end":{"line":71,"column":46}}],"line":71},"3":{"loc":{"start":{"line":72,"column":27},"end":{"line":72,"column":67}},"type":"cond-expr","locations":[{"start":{"line":72,"column":55},"end":{"line":72,"column":60}},{"start":{"line":72,"column":63},"end":{"line":72,"column":67}}],"line":72},"4":{"loc":{"start":{"line":73,"column":20},"end":{"line":73,"column":53}},"type":"cond-expr","locations":[{"start":{"line":73,"column":41},"end":{"line":73,"column":46}},{"start":{"line":73,"column":49},"end":{"line":73,"column":53}}],"line":73},"5":{"loc":{"start":{"line":74,"column":22},"end":{"line":74,"column":44}},"type":"cond-expr","locations":[{"start":{"line":74,"column":32},"end":{"line":74,"column":37}},{"start":{"line":74,"column":40},"end":{"line":74,"column":44}}],"line":74},"6":{"loc":{"start":{"line":100,"column":16},"end":{"line":100,"column":79}},"type":"binary-expr","locations":[{"start":{"line":100,"column":16},"end":{"line":100,"column":35}},{"start":{"line":100,"column":39},"end":{"line":100,"column":79}}],"line":100},"7":{"loc":{"start":{"line":113,"column":16},"end":{"line":115,"column":17}},"type":"binary-expr","locations":[{"start":{"line":113,"column":16},"end":{"line":113,"column":39}},{"start":{"line":114,"column":18},"end":{"line":114,"column":59}}],"line":113},"8":{"loc":{"start":{"line":158,"column":10},"end":{"line":158,"column":39}},"type":"cond-expr","locations":[{"start":{"line":158,"column":34},"end":{"line":158,"column":35}},{"start":{"line":158,"column":38},"end":{"line":158,"column":39}}],"line":158},"9":{"loc":{"start":{"line":159,"column":20},"end":{"line":159,"column":61}},"type":"cond-expr","locations":[{"start":{"line":159,"column":44},"end":{"line":159,"column":54}},{"start":{"line":159,"column":57},"end":{"line":159,"column":61}}],"line":159},"10":{"loc":{"start":{"line":160,"column":16},"end":{"line":160,"column":57}},"type":"cond-expr","locations":[{"start":{"line":160,"column":40},"end":{"line":160,"column":50}},{"start":{"line":160,"column":53},"end":{"line":160,"column":57}}],"line":160}},"s":{"0":7,"1":7,"2":7,"3":7,"4":7,"5":7,"6":7,"7":7,"8":7,"9":7,"10":7,"11":0,"12":0,"13":7,"14":0,"15":7,"16":1,"17":1,"18":0,"19":0,"20":0,"21":0,"22":0,"23":0,"24":0,"25":1,"26":1,"27":7,"28":0,"29":0,"30":0,"31":0,"32":0,"33":3},"f":{"0":7,"1":7,"2":0,"3":0,"4":1,"5":0,"6":0,"7":0,"8":0,"9":0},"b":{"0":[0,1],"1":[1,1,0],"2":[0,1],"3":[1,0],"4":[0,1],"5":[0,1],"6":[7,1],"7":[7,0],"8":[3,0],"9":[3,0],"10":[3,0]},"_coverageSchema":"1a1c01bbd47fc00a2c39e90264f33305004495a9","hash":"374d707baeb12a57a359cede691d3c9ffaf8e63f"}
,"C:\\React Native\\TaskApp\\screens\\RegistrationScreen.js": {"path":"C:\\React Native\\TaskApp\\screens\\RegistrationScreen.js","statementMap":{"0":{"start":{"line":14,"column":28},"end":{"line":14,"column":40}},"1":{"start":{"line":15,"column":32},"end":{"line":15,"column":46}},"2":{"start":{"line":16,"column":28},"end":{"line":16,"column":43}},"3":{"start":{"line":17,"column":16},"end":{"line":17,"column":64}},"4":{"start":{"line":17,"column":37},"end":{"line":17,"column":63}},"5":{"start":{"line":19,"column":19},"end":{"line":19,"column":32}},"6":{"start":{"line":21,"column":2},"end":{"line":23,"column":17}},"7":{"start":{"line":22,"column":4},"end":{"line":22,"column":29}},"8":{"start":{"line":26,"column":4},"end":{"line":26,"column":112}},"9":{"start":{"line":28,"column":19},"end":{"line":31,"column":3}},"10":{"start":{"line":29,"column":4},"end":{"line":29,"column":19}},"11":{"start":{"line":30,"column":4},"end":{"line":30,"column":34}},"12":{"start":{"line":33,"column":19},"end":{"line":46,"column":3}},"13":{"start":{"line":34,"column":17},"end":{"line":34,"column":57}},"14":{"start":{"line":34,"column":36},"end":{"line":34,"column":56}},"15":{"start":{"line":35,"column":4},"end":{"line":45,"column":5}},"16":{"start":{"line":36,"column":6},"end":{"line":38,"column":9}},"17":{"start":{"line":39,"column":11},"end":{"line":45,"column":5}},"18":{"start":{"line":40,"column":6},"end":{"line":42,"column":9}},"19":{"start":{"line":44,"column":6},"end":{"line":44,"column":21}},"20":{"start":{"line":48,"column":2},"end":{"line":73,"column":4}},"21":{"start":{"line":64,"column":23},"end":{"line":64,"column":38}},"22":{"start":{"line":76,"column":15},"end":{"line":86,"column":2}}},"fnMap":{"0":{"name":"RegistrationScreen","decl":{"start":{"line":13,"column":24},"end":{"line":13,"column":42}},"loc":{"start":{"line":13,"column":57},"end":{"line":74,"column":1}},"line":13},"1":{"name":"(anonymous_1)","decl":{"start":{"line":17,"column":28},"end":{"line":17,"column":29}},"loc":{"start":{"line":17,"column":37},"end":{"line":17,"column":63}},"line":17},"2":{"name":"(anonymous_2)","decl":{"start":{"line":21,"column":12},"end":{"line":21,"column":13}},"loc":{"start":{"line":21,"column":18},"end":{"line":23,"column":3}},"line":21},"3":{"name":"(anonymous_3)","decl":{"start":{"line":28,"column":19},"end":{"line":28,"column":20}},"loc":{"start":{"line":28,"column":27},"end":{"line":31,"column":3}},"line":28},"4":{"name":"(anonymous_4)","decl":{"start":{"line":33,"column":19},"end":{"line":33,"column":20}},"loc":{"start":{"line":33,"column":31},"end":{"line":46,"column":3}},"line":33},"5":{"name":"(anonymous_5)","decl":{"start":{"line":34,"column":28},"end":{"line":34,"column":29}},"loc":{"start":{"line":34,"column":36},"end":{"line":34,"column":56}},"line":34},"6":{"name":"(anonymous_6)","decl":{"start":{"line":64,"column":17},"end":{"line":64,"column":18}},"loc":{"start":{"line":64,"column":23},"end":{"line":64,"column":38}},"line":64}},"branchMap":{"0":{"loc":{"start":{"line":35,"column":4},"end":{"line":45,"column":5}},"type":"if","locations":[{"start":{"line":35,"column":4},"end":{"line":45,"column":5}},{"start":{"line":39,"column":11},"end":{"line":45,"column":5}}],"line":35},"1":{"loc":{"start":{"line":35,"column":8},"end":{"line":35,"column":24}},"type":"binary-expr","locations":[{"start":{"line":35,"column":8},"end":{"line":35,"column":16}},{"start":{"line":35,"column":20},"end":{"line":35,"column":24}}],"line":35},"2":{"loc":{"start":{"line":39,"column":11},"end":{"line":45,"column":5}},"type":"if","locations":[{"start":{"line":39,"column":11},"end":{"line":45,"column":5}},{"start":{"line":43,"column":11},"end":{"line":45,"column":5}}],"line":39},"3":{"loc":{"start":{"line":39,"column":15},"end":{"line":39,"column":32}},"type":"binary-expr","locations":[{"start":{"line":39,"column":15},"end":{"line":39,"column":23}},{"start":{"line":39,"column":27},"end":{"line":39,"column":32}}],"line":39},"4":{"loc":{"start":{"line":63,"column":15},"end":{"line":63,"column":59}},"type":"binary-expr","locations":[{"start":{"line":63,"column":15},"end":{"line":63,"column":20}},{"start":{"line":63,"column":24},"end":{"line":63,"column":59}}],"line":63},"5":{"loc":{"start":{"line":84,"column":15},"end":{"line":84,"column":70}},"type":"cond-expr","locations":[{"start":{"line":84,"column":55},"end":{"line":84,"column":61}},{"start":{"line":84,"column":64},"end":{"line":84,"column":70}}],"line":84}},"s":{"0":16,"1":16,"2":16,"3":16,"4":23,"5":16,"6":16,"7":7,"8":16,"9":16,"10":0,"11":0,"12":16,"13":2,"14":0,"15":2,"16":0,"17":2,"18":0,"19":2,"20":16,"21":0,"22":2},"f":{"0":16,"1":23,"2":7,"3":0,"4":2,"5":0,"6":0},"b":{"0":[0,2],"1":[2,0],"2":[0,2],"3":[2,0],"4":[16,4],"5":[0,2]},"_coverageSchema":"1a1c01bbd47fc00a2c39e90264f33305004495a9","hash":"db0684f5193203383d29ce07983cb567ec43afcd"}
,"C:\\React Native\\TaskApp\\screens\\SignInScreen.js": {"path":"C:\\React Native\\TaskApp\\screens\\SignInScreen.js","statementMap":{"0":{"start":{"line":25,"column":28},"end":{"line":25,"column":43}},"1":{"start":{"line":26,"column":30},"end":{"line":26,"column":45}},"2":{"start":{"line":27,"column":38},"end":{"line":27,"column":53}},"3":{"start":{"line":28,"column":26},"end":{"line":28,"column":38}},"4":{"start":{"line":29,"column":18},"end":{"line":29,"column":30}},"5":{"start":{"line":31,"column":16},"end":{"line":31,"column":64}},"6":{"start":{"line":31,"column":37},"end":{"line":31,"column":63}},"7":{"start":{"line":33,"column":2},"end":{"line":38,"column":9}},"8":{"start":{"line":34,"column":4},"end":{"line":34,"column":23}},"9":{"start":{"line":35,"column":4},"end":{"line":37,"column":5}},"10":{"start":{"line":36,"column":6},"end":{"line":36,"column":26}},"11":{"start":{"line":40,"column":19},"end":{"line":42,"column":3}},"12":{"start":{"line":41,"column":4},"end":{"line":41,"column":18}},"13":{"start":{"line":44,"column":19},"end":{"line":53,"column":3}},"14":{"start":{"line":45,"column":17},"end":{"line":45,"column":57}},"15":{"start":{"line":45,"column":36},"end":{"line":45,"column":56}},"16":{"start":{"line":46,"column":4},"end":{"line":52,"column":5}},"17":{"start":{"line":47,"column":6},"end":{"line":47,"column":22}},"18":{"start":{"line":48,"column":6},"end":{"line":48,"column":39}},"19":{"start":{"line":49,"column":6},"end":{"line":49,"column":23}},"20":{"start":{"line":51,"column":6},"end":{"line":51,"column":21}},"21":{"start":{"line":55,"column":2},"end":{"line":105,"column":4}},"22":{"start":{"line":83,"column":27},"end":{"line":83,"column":42}},"23":{"start":{"line":86,"column":30},"end":{"line":86,"column":67}},"24":{"start":{"line":108,"column":15},"end":{"line":138,"column":2}}},"fnMap":{"0":{"name":"SignInScreen","decl":{"start":{"line":24,"column":24},"end":{"line":24,"column":36}},"loc":{"start":{"line":24,"column":58},"end":{"line":106,"column":1}},"line":24},"1":{"name":"(anonymous_1)","decl":{"start":{"line":31,"column":28},"end":{"line":31,"column":29}},"loc":{"start":{"line":31,"column":37},"end":{"line":31,"column":63}},"line":31},"2":{"name":"(anonymous_2)","decl":{"start":{"line":33,"column":12},"end":{"line":33,"column":13}},"loc":{"start":{"line":33,"column":18},"end":{"line":38,"column":3}},"line":33},"3":{"name":"(anonymous_3)","decl":{"start":{"line":40,"column":19},"end":{"line":40,"column":20}},"loc":{"start":{"line":40,"column":27},"end":{"line":42,"column":3}},"line":40},"4":{"name":"(anonymous_4)","decl":{"start":{"line":44,"column":19},"end":{"line":44,"column":20}},"loc":{"start":{"line":44,"column":31},"end":{"line":53,"column":3}},"line":44},"5":{"name":"(anonymous_5)","decl":{"start":{"line":45,"column":28},"end":{"line":45,"column":29}},"loc":{"start":{"line":45,"column":36},"end":{"line":45,"column":56}},"line":45},"6":{"name":"(anonymous_6)","decl":{"start":{"line":83,"column":21},"end":{"line":83,"column":22}},"loc":{"start":{"line":83,"column":27},"end":{"line":83,"column":42}},"line":83},"7":{"name":"(anonymous_7)","decl":{"start":{"line":86,"column":24},"end":{"line":86,"column":25}},"loc":{"start":{"line":86,"column":30},"end":{"line":86,"column":67}},"line":86},"8":{"name":"(anonymous_8)","decl":{"start":{"line":100,"column":21},"end":{"line":100,"column":22}},"loc":{"start":{"line":100,"column":27},"end":{"line":100,"column":29}},"line":100}},"branchMap":{"0":{"loc":{"start":{"line":35,"column":4},"end":{"line":37,"column":5}},"type":"if","locations":[{"start":{"line":35,"column":4},"end":{"line":37,"column":5}},{"start":{},"end":{}}],"line":35},"1":{"loc":{"start":{"line":46,"column":4},"end":{"line":52,"column":5}},"type":"if","locations":[{"start":{"line":46,"column":4},"end":{"line":52,"column":5}},{"start":{"line":50,"column":11},"end":{"line":52,"column":5}}],"line":46},"2":{"loc":{"start":{"line":59,"column":18},"end":{"line":59,"column":62}},"type":"cond-expr","locations":[{"start":{"line":59,"column":42},"end":{"line":59,"column":51}},{"start":{"line":59,"column":54},"end":{"line":59,"column":62}}],"line":59},"3":{"loc":{"start":{"line":74,"column":29},"end":{"line":74,"column":71}},"type":"binary-expr","locations":[{"start":{"line":74,"column":29},"end":{"line":74,"column":39}},{"start":{"line":74,"column":43},"end":{"line":74,"column":71}}],"line":74},"4":{"loc":{"start":{"line":82,"column":19},"end":{"line":82,"column":66}},"type":"binary-expr","locations":[{"start":{"line":82,"column":19},"end":{"line":82,"column":24}},{"start":{"line":82,"column":28},"end":{"line":82,"column":66}}],"line":82},"5":{"loc":{"start":{"line":116,"column":10},"end":{"line":116,"column":39}},"type":"cond-expr","locations":[{"start":{"line":116,"column":34},"end":{"line":116,"column":35}},{"start":{"line":116,"column":38},"end":{"line":116,"column":39}}],"line":116},"6":{"loc":{"start":{"line":117,"column":20},"end":{"line":117,"column":61}},"type":"cond-expr","locations":[{"start":{"line":117,"column":44},"end":{"line":117,"column":54}},{"start":{"line":117,"column":57},"end":{"line":117,"column":61}}],"line":117},"7":{"loc":{"start":{"line":118,"column":16},"end":{"line":118,"column":57}},"type":"cond-expr","locations":[{"start":{"line":118,"column":40},"end":{"line":118,"column":50}},{"start":{"line":118,"column":53},"end":{"line":118,"column":57}}],"line":118},"8":{"loc":{"start":{"line":122,"column":6},"end":{"line":124,"column":18}},"type":"cond-expr","locations":[{"start":{"line":123,"column":10},"end":{"line":123,"column":17}},{"start":{"line":124,"column":10},"end":{"line":124,"column":18}}],"line":122},"9":{"loc":{"start":{"line":122,"column":6},"end":{"line":122,"column":72}},"type":"binary-expr","locations":[{"start":{"line":122,"column":6},"end":{"line":122,"column":31}},{"start":{"line":122,"column":35},"end":{"line":122,"column":72}}],"line":122}},"s":{"0":19,"1":19,"2":19,"3":19,"4":19,"5":19,"6":19,"7":19,"8":10,"9":10,"10":9,"11":19,"12":0,"13":19,"14":1,"15":0,"16":1,"17":0,"18":0,"19":0,"20":0,"21":19,"22":0,"23":0,"24":6},"f":{"0":19,"1":19,"2":10,"3":0,"4":1,"5":0,"6":0,"7":0,"8":0},"b":{"0":[9,1],"1":[0,0],"2":[19,0],"3":[19,9],"4":[19,0],"5":[6,0],"6":[6,0],"7":[6,0],"8":[0,6],"9":[6,0]},"_coverageSchema":"1a1c01bbd47fc00a2c39e90264f33305004495a9","hash":"831caadd4f4e906584c07d22e2cbb43b18c9e7eb"}
,"C:\\React Native\\TaskApp\\screens\\TermsAndPolicy.js": {"path":"C:\\React Native\\TaskApp\\screens\\TermsAndPolicy.js","statementMap":{"0":{"start":{"line":14,"column":21},"end":{"line":40,"column":3}},"1":{"start":{"line":15,"column":4},"end":{"line":39,"column":6}},"2":{"start":{"line":23,"column":16},"end":{"line":26,"column":18}},"3":{"start":{"line":42,"column":2},"end":{"line":50,"column":4}},"4":{"start":{"line":46,"column":39},"end":{"line":46,"column":46}},"5":{"start":{"line":53,"column":15},"end":{"line":58,"column":2}}},"fnMap":{"0":{"name":"TermsAndPolicy","decl":{"start":{"line":13,"column":24},"end":{"line":13,"column":38}},"loc":{"start":{"line":13,"column":60},"end":{"line":51,"column":1}},"line":13},"1":{"name":"(anonymous_1)","decl":{"start":{"line":14,"column":21},"end":{"line":14,"column":22}},"loc":{"start":{"line":14,"column":33},"end":{"line":40,"column":3}},"line":14},"2":{"name":"(anonymous_2)","decl":{"start":{"line":22,"column":23},"end":{"line":22,"column":24}},"loc":{"start":{"line":23,"column":16},"end":{"line":26,"column":18}},"line":23},"3":{"name":"(anonymous_3)","decl":{"start":{"line":46,"column":22},"end":{"line":46,"column":23}},"loc":{"start":{"line":46,"column":39},"end":{"line":46,"column":46}},"line":46}},"branchMap":{"0":{"loc":{"start":{"line":16,"column":6},"end":{"line":38,"column":7}},"type":"binary-expr","locations":[{"start":{"line":16,"column":6},"end":{"line":16,"column":45}},{"start":{"line":17,"column":8},"end":{"line":37,"column":15}}],"line":16},"1":{"loc":{"start":{"line":18,"column":11},"end":{"line":31,"column":11}},"type":"cond-expr","locations":[{"start":{"line":19,"column":12},"end":{"line":28,"column":14}},{"start":{"line":30,"column":12},"end":{"line":30,"column":22}}],"line":18}},"s":{"0":1,"1":2,"2":0,"3":1,"4":2,"5":3},"f":{"0":1,"1":2,"2":0,"3":2},"b":{"0":[2,1],"1":[1,0]},"_coverageSchema":"1a1c01bbd47fc00a2c39e90264f33305004495a9","hash":"b867b76083128fe3ef6f56797efc64becfe30623"}
,"C:\\React Native\\TaskApp\\screens\\WelcomeScreen.js": {"path":"C:\\React Native\\TaskApp\\screens\\WelcomeScreen.js","statementMap":{"0":{"start":{"line":7,"column":22},"end":{"line":19,"column":1}},"1":{"start":{"line":8,"column":2},"end":{"line":18,"column":4}},"2":{"start":{"line":16,"column":24},"end":{"line":16,"column":59}}},"fnMap":{"0":{"name":"(anonymous_0)","decl":{"start":{"line":7,"column":22},"end":{"line":7,"column":23}},"loc":{"start":{"line":7,"column":40},"end":{"line":19,"column":1}},"line":7},"1":{"name":"(anonymous_1)","decl":{"start":{"line":16,"column":18},"end":{"line":16,"column":19}},"loc":{"start":{"line":16,"column":24},"end":{"line":16,"column":59}},"line":16}},"branchMap":{},"s":{"0":2,"1":6,"2":0},"f":{"0":6,"1":0},"b":{},"_coverageSchema":"1a1c01bbd47fc00a2c39e90264f33305004495a9","hash":"52dc5764f8f29a46782d101eb91eeaf3b20c903e"}
}
