{"C:\\React Native\\TaskApp\\App.js": {"path":"C:\\React Native\\TaskApp\\App.js","statementMap":{"0":{"start":{"line":7,"column":12},"end":{"line":23,"column":1}},"1":{"start":{"line":8,"column":2},"end":{"line":16,"column":9}},"2":{"start":{"line":9,"column":4},"end":{"line":9,"column":50}},"3":{"start":{"line":10,"column":4},"end":{"line":10,"column":27}},"4":{"start":{"line":18,"column":2},"end":{"line":22,"column":4}},"5":{"start":{"line":25,"column":15},"end":{"line":30,"column":2}}},"fnMap":{"0":{"name":"(anonymous_0)","decl":{"start":{"line":7,"column":12},"end":{"line":7,"column":13}},"loc":{"start":{"line":7,"column":18},"end":{"line":23,"column":1}},"line":7},"1":{"name":"(anonymous_1)","decl":{"start":{"line":8,"column":12},"end":{"line":8,"column":13}},"loc":{"start":{"line":8,"column":18},"end":{"line":16,"column":3}},"line":8}},"branchMap":{},"s":{"0":1,"1":1,"2":1,"3":1,"4":1,"5":1},"f":{"0":1,"1":1},"b":{},"_coverageSchema":"1a1c01bbd47fc00a2c39e90264f33305004495a9","hash":"3e1f65648638ed7bfd33a941f9d62e5cdb597dc2"}
,"C:\\React Native\\TaskApp\\assets\\Images.js": {"path":"C:\\React Native\\TaskApp\\assets\\Images.js","statementMap":{"0":{"start":{"line":3,"column":22},"end":{"line":28,"column":1}}},"fnMap":{},"branchMap":{},"s":{"0":2},"f":{},"b":{},"_coverageSchema":"1a1c01bbd47fc00a2c39e90264f33305004495a9","hash":"f3da4f46a123432446f1571b9d10a14acdf14ab6"}
,"C:\\React Native\\TaskApp\\assets\\Logo.png": {"path":"C:\\React Native\\TaskApp\\assets\\Logo.png","statementMap":{"0":{"start":{"line":1,"column":0},"end":{"line":4,"column":6}}},"fnMap":{},"branchMap":{},"s":{"0":8},"f":{},"b":{},"inputSourceMap":null,"_coverageSchema":"1a1c01bbd47fc00a2c39e90264f33305004495a9","hash":"7c3d9885a67bee5c552b6464e5d8c1f13281409e"}
,"C:\\React Native\\TaskApp\\assets\\TermsPolicy.js": {"path":"C:\\React Native\\TaskApp\\assets\\TermsPolicy.js","statementMap":{"0":{"start":{"line":3,"column":27},"end":{"line":14,"column":1}}},"fnMap":{},"branchMap":{},"s":{"0":3},"f":{},"b":{},"_coverageSchema":"1a1c01bbd47fc00a2c39e90264f33305004495a9","hash":"696b388513dc01c32fe87c42ed138089488e365d"}
,"C:\\React Native\\TaskApp\\assets\\img1.jpg": {"path":"C:\\React Native\\TaskApp\\assets\\img1.jpg","statementMap":{"0":{"start":{"line":1,"column":0},"end":{"line":4,"column":6}}},"fnMap":{},"branchMap":{},"s":{"0":2},"f":{},"b":{},"inputSourceMap":null,"_coverageSchema":"1a1c01bbd47fc00a2c39e90264f33305004495a9","hash":"9ddf2d45211605c45bbe6f7db90d8f0c46656394"}
,"C:\\React Native\\TaskApp\\assets\\img2.jpg": {"path":"C:\\React Native\\TaskApp\\assets\\img2.jpg","statementMap":{"0":{"start":{"line":1,"column":0},"end":{"line":4,"column":6}}},"fnMap":{},"branchMap":{},"s":{"0":2},"f":{},"b":{},"inputSourceMap":null,"_coverageSchema":"1a1c01bbd47fc00a2c39e90264f33305004495a9","hash":"5882ca23abd8eba52e71a4624e473ed645a80031"}
,"C:\\React Native\\TaskApp\\assets\\img3.jpg": {"path":"C:\\React Native\\TaskApp\\assets\\img3.jpg","statementMap":{"0":{"start":{"line":1,"column":0},"end":{"line":4,"column":6}}},"fnMap":{},"branchMap":{},"s":{"0":2},"f":{},"b":{},"inputSourceMap":null,"_coverageSchema":"1a1c01bbd47fc00a2c39e90264f33305004495a9","hash":"73465e7763f18808d0358c7387db37d826ca3bcc"}
,"C:\\React Native\\TaskApp\\assets\\img4.jpg": {"path":"C:\\React Native\\TaskApp\\assets\\img4.jpg","statementMap":{"0":{"start":{"line":1,"column":0},"end":{"line":4,"column":6}}},"fnMap":{},"branchMap":{},"s":{"0":2},"f":{},"b":{},"inputSourceMap":null,"_coverageSchema":"1a1c01bbd47fc00a2c39e90264f33305004495a9","hash":"010ed27ad2d9b723d95a4b5366672c26f2df74db"}
,"C:\\React Native\\TaskApp\\components\\Button.tsx": {"path":"C:\\React Native\\TaskApp\\components\\Button.tsx","statementMap":{"0":{"start":{"line":17,"column":32},"end":{"line":35,"column":1}},"1":{"start":{"line":25,"column":2},"end":{"line":34,"column":4}},"2":{"start":{"line":37,"column":15},"end":{"line":54,"column":2}}},"fnMap":{"0":{"name":"(anonymous_0)","decl":{"start":{"line":17,"column":32},"end":{"line":17,"column":33}},"loc":{"start":{"line":24,"column":6},"end":{"line":35,"column":1}},"line":24}},"branchMap":{},"s":{"0":8,"1":53,"2":8},"f":{"0":53},"b":{},"_coverageSchema":"1a1c01bbd47fc00a2c39e90264f33305004495a9","hash":"3ce679425c7871a858c55430406309699e6082df"}
,"C:\\React Native\\TaskApp\\components\\Header.js": {"path":"C:\\React Native\\TaskApp\\components\\Header.js","statementMap":{"0":{"start":{"line":10,"column":2},"end":{"line":18,"column":4}},"1":{"start":{"line":21,"column":15},"end":{"line":33,"column":2}}},"fnMap":{"0":{"name":"Header","decl":{"start":{"line":9,"column":24},"end":{"line":9,"column":30}},"loc":{"start":{"line":9,"column":33},"end":{"line":19,"column":1}},"line":9}},"branchMap":{},"s":{"0":35,"1":8},"f":{"0":35},"b":{},"_coverageSchema":"1a1c01bbd47fc00a2c39e90264f33305004495a9","hash":"00b1d17bd1befecb40f62f6462aef3aa9b52ae59"}
,"C:\\React Native\\TaskApp\\components\\Input.tsx": {"path":"C:\\React Native\\TaskApp\\components\\Input.tsx","statementMap":{"0":{"start":{"line":42,"column":31},"end":{"line":210,"column":1}},"1":{"start":{"line":63,"column":36},"end":{"line":63,"column":51}},"2":{"start":{"line":64,"column":34},"end":{"line":64,"column":52}},"3":{"start":{"line":66,"column":2},"end":{"line":209,"column":4}},"4":{"start":{"line":93,"column":12},"end":{"line":93,"column":22}},"5":{"start":{"line":94,"column":12},"end":{"line":94,"column":31}},"6":{"start":{"line":97,"column":12},"end":{"line":97,"column":32}},"7":{"start":{"line":124,"column":29},"end":{"line":124,"column":51}},"8":{"start":{"line":212,"column":15},"end":{"line":253,"column":2}}},"fnMap":{"0":{"name":"(anonymous_0)","decl":{"start":{"line":42,"column":31},"end":{"line":42,"column":32}},"loc":{"start":{"line":62,"column":6},"end":{"line":210,"column":1}},"line":62},"1":{"name":"(anonymous_1)","decl":{"start":{"line":92,"column":19},"end":{"line":92,"column":20}},"loc":{"start":{"line":92,"column":25},"end":{"line":95,"column":11}},"line":92},"2":{"name":"(anonymous_2)","decl":{"start":{"line":96,"column":18},"end":{"line":96,"column":19}},"loc":{"start":{"line":96,"column":24},"end":{"line":98,"column":11}},"line":96},"3":{"name":"(anonymous_3)","decl":{"start":{"line":124,"column":23},"end":{"line":124,"column":24}},"loc":{"start":{"line":124,"column":29},"end":{"line":124,"column":51}},"line":124}},"branchMap":{"0":{"loc":{"start":{"line":75,"column":25},"end":{"line":79,"column":35}},"type":"cond-expr","locations":[{"start":{"line":76,"column":16},"end":{"line":76,"column":26}},{"start":{"line":77,"column":16},"end":{"line":79,"column":35}}],"line":75},"1":{"loc":{"start":{"line":77,"column":16},"end":{"line":79,"column":35}},"type":"cond-expr","locations":[{"start":{"line":78,"column":16},"end":{"line":78,"column":28}},{"start":{"line":79,"column":16},"end":{"line":79,"column":35}}],"line":77},"2":{"loc":{"start":{"line":80,"column":29},"end":{"line":80,"column":73}},"type":"cond-expr","locations":[{"start":{"line":80,"column":42},"end":{"line":80,"column":58}},{"start":{"line":80,"column":61},"end":{"line":80,"column":73}}],"line":80},"3":{"loc":{"start":{"line":88,"column":23},"end":{"line":88,"column":70}},"type":"cond-expr","locations":[{"start":{"line":88,"column":36},"end":{"line":88,"column":55}},{"start":{"line":88,"column":58},"end":{"line":88,"column":70}}],"line":88},"4":{"loc":{"start":{"line":103,"column":9},"end":{"line":129,"column":9}},"type":"binary-expr","locations":[{"start":{"line":103,"column":9},"end":{"line":103,"column":17}},{"start":{"line":104,"column":10},"end":{"line":128,"column":17}}],"line":103},"5":{"loc":{"start":{"line":105,"column":13},"end":{"line":113,"column":13}},"type":"binary-expr","locations":[{"start":{"line":105,"column":13},"end":{"line":105,"column":18}},{"start":{"line":106,"column":14},"end":{"line":112,"column":16}}],"line":105},"6":{"loc":{"start":{"line":114,"column":13},"end":{"line":122,"column":13}},"type":"binary-expr","locations":[{"start":{"line":114,"column":13},"end":{"line":114,"column":23}},{"start":{"line":115,"column":14},"end":{"line":121,"column":16}}],"line":114},"7":{"loc":{"start":{"line":125,"column":20},"end":{"line":125,"column":64}},"type":"cond-expr","locations":[{"start":{"line":125,"column":31},"end":{"line":125,"column":48}},{"start":{"line":125,"column":51},"end":{"line":125,"column":64}}],"line":125},"8":{"loc":{"start":{"line":131,"column":7},"end":{"line":135,"column":7}},"type":"binary-expr","locations":[{"start":{"line":131,"column":7},"end":{"line":131,"column":12}},{"start":{"line":132,"column":8},"end":{"line":134,"column":15}}],"line":131},"9":{"loc":{"start":{"line":136,"column":7},"end":{"line":201,"column":7}},"type":"binary-expr","locations":[{"start":{"line":136,"column":7},"end":{"line":136,"column":17}},{"start":{"line":137,"column":8},"end":{"line":200,"column":15}}],"line":136},"10":{"loc":{"start":{"line":144,"column":25},"end":{"line":144,"column":78}},"type":"cond-expr","locations":[{"start":{"line":144,"column":52},"end":{"line":144,"column":64}},{"start":{"line":144,"column":67},"end":{"line":144,"column":78}}],"line":144},"11":{"loc":{"start":{"line":159,"column":25},"end":{"line":161,"column":33}},"type":"cond-expr","locations":[{"start":{"line":160,"column":22},"end":{"line":160,"column":34}},{"start":{"line":161,"column":22},"end":{"line":161,"column":33}}],"line":159},"12":{"loc":{"start":{"line":176,"column":25},"end":{"line":176,"column":78}},"type":"cond-expr","locations":[{"start":{"line":176,"column":52},"end":{"line":176,"column":64}},{"start":{"line":176,"column":67},"end":{"line":176,"column":78}}],"line":176},"13":{"loc":{"start":{"line":189,"column":25},"end":{"line":193,"column":33}},"type":"cond-expr","locations":[{"start":{"line":192,"column":22},"end":{"line":192,"column":34}},{"start":{"line":193,"column":22},"end":{"line":193,"column":33}}],"line":189},"14":{"loc":{"start":{"line":202,"column":7},"end":{"line":206,"column":7}},"type":"binary-expr","locations":[{"start":{"line":202,"column":7},"end":{"line":202,"column":21}},{"start":{"line":203,"column":8},"end":{"line":205,"column":27}}],"line":202},"15":{"loc":{"start":{"line":207,"column":7},"end":{"line":207,"column":35}},"type":"binary-expr","locations":[{"start":{"line":207,"column":7},"end":{"line":207,"column":21}},{"start":{"line":207,"column":25},"end":{"line":207,"column":35}}],"line":207},"16":{"loc":{"start":{"line":214,"column":22},"end":{"line":214,"column":63}},"type":"cond-expr","locations":[{"start":{"line":214,"column":50},"end":{"line":214,"column":55}},{"start":{"line":214,"column":58},"end":{"line":214,"column":63}}],"line":214},"17":{"loc":{"start":{"line":218,"column":14},"end":{"line":218,"column":55}},"type":"cond-expr","locations":[{"start":{"line":218,"column":42},"end":{"line":218,"column":47}},{"start":{"line":218,"column":50},"end":{"line":218,"column":55}}],"line":218},"18":{"loc":{"start":{"line":223,"column":22},"end":{"line":223,"column":63}},"type":"cond-expr","locations":[{"start":{"line":223,"column":50},"end":{"line":223,"column":55}},{"start":{"line":223,"column":58},"end":{"line":223,"column":63}}],"line":223},"19":{"loc":{"start":{"line":224,"column":12},"end":{"line":224,"column":53}},"type":"cond-expr","locations":[{"start":{"line":224,"column":40},"end":{"line":224,"column":45}},{"start":{"line":224,"column":48},"end":{"line":224,"column":53}}],"line":224},"20":{"loc":{"start":{"line":226,"column":23},"end":{"line":226,"column":64}},"type":"cond-expr","locations":[{"start":{"line":226,"column":51},"end":{"line":226,"column":56}},{"start":{"line":226,"column":59},"end":{"line":226,"column":64}}],"line":226},"21":{"loc":{"start":{"line":236,"column":14},"end":{"line":236,"column":55}},"type":"cond-expr","locations":[{"start":{"line":236,"column":42},"end":{"line":236,"column":47}},{"start":{"line":236,"column":50},"end":{"line":236,"column":55}}],"line":236}},"s":{"0":8,"1":60,"2":60,"3":60,"4":0,"5":0,"6":0,"7":0,"8":8},"f":{"0":60,"1":0,"2":0,"3":0},"b":{"0":[4,56],"1":[0,56],"2":[6,54],"3":[6,54],"4":[60,35],"5":[35,2],"6":[35,0],"7":[35,0],"8":[60,4],"9":[60,11],"10":[0,11],"11":[0,11],"12":[0,11],"13":[0,11],"14":[60,13],"15":[60,0],"16":[0,8],"17":[0,8],"18":[0,8],"19":[0,8],"20":[0,8],"21":[0,8]},"_coverageSchema":"1a1c01bbd47fc00a2c39e90264f33305004495a9","hash":"088179004dd0b7dd225f517b54a3434fd8d1ac96"}
,"C:\\React Native\\TaskApp\\components\\Loader.js": {"path":"C:\\React Native\\TaskApp\\components\\Loader.js","statementMap":{"0":{"start":{"line":8,"column":2},"end":{"line":12,"column":4}},"1":{"start":{"line":15,"column":15},"end":{"line":21,"column":2}}},"fnMap":{"0":{"name":"Loader","decl":{"start":{"line":7,"column":24},"end":{"line":7,"column":30}},"loc":{"start":{"line":7,"column":33},"end":{"line":13,"column":1}},"line":7}},"branchMap":{},"s":{"0":1,"1":9},"f":{"0":1},"b":{},"_coverageSchema":"1a1c01bbd47fc00a2c39e90264f33305004495a9","hash":"726415750586388d6fa6c0e34c92f1f42986afd2"}
,"C:\\React Native\\TaskApp\\components\\ModalComp.js": {"path":"C:\\React Native\\TaskApp\\components\\ModalComp.js","statementMap":{"0":{"start":{"line":21,"column":2},"end":{"line":40,"column":4}},"1":{"start":{"line":43,"column":15},"end":{"line":86,"column":2}}},"fnMap":{"0":{"name":"ModalComp","decl":{"start":{"line":12,"column":24},"end":{"line":12,"column":33}},"loc":{"start":{"line":20,"column":3},"end":{"line":41,"column":1}},"line":20}},"branchMap":{},"s":{"0":6,"1":4},"f":{"0":6},"b":{},"_coverageSchema":"1a1c01bbd47fc00a2c39e90264f33305004495a9","hash":"7513a806df73d463ec4954ce430c962fc2127810"}
,"C:\\React Native\\TaskApp\\components\\OTP.js": {"path":"C:\\React Native\\TaskApp\\components\\OTP.js","statementMap":{"0":{"start":{"line":13,"column":36},"end":{"line":13,"column":51}},"1":{"start":{"line":14,"column":2},"end":{"line":43,"column":4}},"2":{"start":{"line":30,"column":10},"end":{"line":30,"column":20}},"3":{"start":{"line":31,"column":10},"end":{"line":31,"column":29}},"4":{"start":{"line":34,"column":10},"end":{"line":34,"column":30}},"5":{"start":{"line":46,"column":15},"end":{"line":73,"column":2}}},"fnMap":{"0":{"name":"OTP","decl":{"start":{"line":12,"column":24},"end":{"line":12,"column":27}},"loc":{"start":{"line":12,"column":61},"end":{"line":44,"column":1}},"line":12},"1":{"name":"(anonymous_1)","decl":{"start":{"line":29,"column":17},"end":{"line":29,"column":18}},"loc":{"start":{"line":29,"column":23},"end":{"line":32,"column":9}},"line":29},"2":{"name":"(anonymous_2)","decl":{"start":{"line":33,"column":16},"end":{"line":33,"column":17}},"loc":{"start":{"line":33,"column":22},"end":{"line":35,"column":9}},"line":33}},"branchMap":{"0":{"loc":{"start":{"line":27,"column":27},"end":{"line":27,"column":59}},"type":"cond-expr","locations":[{"start":{"line":27,"column":35},"end":{"line":27,"column":45}},{"start":{"line":27,"column":48},"end":{"line":27,"column":59}}],"line":27},"1":{"loc":{"start":{"line":37,"column":7},"end":{"line":41,"column":7}},"type":"binary-expr","locations":[{"start":{"line":37,"column":7},"end":{"line":37,"column":12}},{"start":{"line":38,"column":8},"end":{"line":40,"column":15}}],"line":37},"2":{"loc":{"start":{"line":66,"column":22},"end":{"line":66,"column":63}},"type":"cond-expr","locations":[{"start":{"line":66,"column":50},"end":{"line":66,"column":55}},{"start":{"line":66,"column":58},"end":{"line":66,"column":63}}],"line":66}},"s":{"0":7,"1":7,"2":0,"3":0,"4":0,"5":5},"f":{"0":7,"1":0,"2":0},"b":{"0":[1,6],"1":[7,1],"2":[0,5]},"_coverageSchema":"1a1c01bbd47fc00a2c39e90264f33305004495a9","hash":"c285a12761ea49a4e46e479e2f49cd43654fd58f"}
,"C:\\React Native\\TaskApp\\components\\TermsPolicyComp.js": {"path":"C:\\React Native\\TaskApp\\components\\TermsPolicyComp.js","statementMap":{"0":{"start":{"line":21,"column":2},"end":{"line":77,"column":4}},"1":{"start":{"line":80,"column":15},"end":{"line":132,"column":2}}},"fnMap":{"0":{"name":"TermsPolicyComp","decl":{"start":{"line":12,"column":24},"end":{"line":12,"column":39}},"loc":{"start":{"line":20,"column":3},"end":{"line":78,"column":1}},"line":20}},"branchMap":{"0":{"loc":{"start":{"line":28,"column":21},"end":{"line":32,"column":37}},"type":"cond-expr","locations":[{"start":{"line":29,"column":18},"end":{"line":29,"column":34}},{"start":{"line":30,"column":18},"end":{"line":32,"column":37}}],"line":28},"1":{"loc":{"start":{"line":30,"column":18},"end":{"line":32,"column":37}},"type":"cond-expr","locations":[{"start":{"line":31,"column":18},"end":{"line":31,"column":28}},{"start":{"line":32,"column":18},"end":{"line":32,"column":37}}],"line":30},"2":{"loc":{"start":{"line":35,"column":16},"end":{"line":35,"column":61}},"type":"cond-expr","locations":[{"start":{"line":35,"column":24},"end":{"line":35,"column":38}},{"start":{"line":35,"column":41},"end":{"line":35,"column":61}}],"line":35},"3":{"loc":{"start":{"line":54,"column":21},"end":{"line":58,"column":37}},"type":"cond-expr","locations":[{"start":{"line":55,"column":18},"end":{"line":55,"column":34}},{"start":{"line":56,"column":18},"end":{"line":58,"column":37}}],"line":54},"4":{"loc":{"start":{"line":56,"column":18},"end":{"line":58,"column":37}},"type":"cond-expr","locations":[{"start":{"line":57,"column":18},"end":{"line":57,"column":28}},{"start":{"line":58,"column":18},"end":{"line":58,"column":37}}],"line":56},"5":{"loc":{"start":{"line":61,"column":16},"end":{"line":61,"column":63}},"type":"cond-expr","locations":[{"start":{"line":61,"column":26},"end":{"line":61,"column":40}},{"start":{"line":61,"column":43},"end":{"line":61,"column":63}}],"line":61}},"s":{"0":5,"1":3},"f":{"0":5},"b":{"0":[0,5],"1":[1,4],"2":[0,5],"3":[0,5],"4":[1,4],"5":[0,5]},"_coverageSchema":"1a1c01bbd47fc00a2c39e90264f33305004495a9","hash":"4fb872cbd899717fd8b7f05622da9cf8d5c6f906"}
,"C:\\React Native\\TaskApp\\components\\TitleAndSubTitle.tsx": {"path":"C:\\React Native\\TaskApp\\components\\TitleAndSubTitle.tsx","statementMap":{"0":{"start":{"line":23,"column":42},"end":{"line":95,"column":1}},"1":{"start":{"line":35,"column":2},"end":{"line":94,"column":4}},"2":{"start":{"line":97,"column":15},"end":{"line":108,"column":2}}},"fnMap":{"0":{"name":"(anonymous_0)","decl":{"start":{"line":23,"column":42},"end":{"line":23,"column":43}},"loc":{"start":{"line":34,"column":6},"end":{"line":95,"column":1}},"line":34}},"branchMap":{"0":{"loc":{"start":{"line":40,"column":30},"end":{"line":44,"column":21}},"type":"cond-expr","locations":[{"start":{"line":41,"column":16},"end":{"line":41,"column":17}},{"start":{"line":42,"column":16},"end":{"line":44,"column":21}}],"line":40},"1":{"loc":{"start":{"line":42,"column":16},"end":{"line":44,"column":21}},"type":"cond-expr","locations":[{"start":{"line":43,"column":16},"end":{"line":43,"column":21}},{"start":{"line":44,"column":16},"end":{"line":44,"column":21}}],"line":42},"2":{"loc":{"start":{"line":53,"column":30},"end":{"line":57,"column":21}},"type":"cond-expr","locations":[{"start":{"line":54,"column":16},"end":{"line":54,"column":17}},{"start":{"line":55,"column":16},"end":{"line":57,"column":21}}],"line":53},"3":{"loc":{"start":{"line":55,"column":16},"end":{"line":57,"column":21}},"type":"cond-expr","locations":[{"start":{"line":56,"column":16},"end":{"line":56,"column":21}},{"start":{"line":57,"column":16},"end":{"line":57,"column":21}}],"line":55},"4":{"loc":{"start":{"line":70,"column":7},"end":{"line":92,"column":7}},"type":"binary-expr","locations":[{"start":{"line":70,"column":7},"end":{"line":70,"column":12}},{"start":{"line":71,"column":8},"end":{"line":91,"column":15}}],"line":70},"5":{"loc":{"start":{"line":74,"column":32},"end":{"line":78,"column":23}},"type":"cond-expr","locations":[{"start":{"line":75,"column":18},"end":{"line":75,"column":19}},{"start":{"line":76,"column":18},"end":{"line":78,"column":23}}],"line":74},"6":{"loc":{"start":{"line":76,"column":18},"end":{"line":78,"column":23}},"type":"cond-expr","locations":[{"start":{"line":77,"column":18},"end":{"line":77,"column":23}},{"start":{"line":78,"column":18},"end":{"line":78,"column":23}}],"line":76},"7":{"loc":{"start":{"line":101,"column":14},"end":{"line":101,"column":55}},"type":"cond-expr","locations":[{"start":{"line":101,"column":42},"end":{"line":101,"column":47}},{"start":{"line":101,"column":50},"end":{"line":101,"column":55}}],"line":101},"8":{"loc":{"start":{"line":106,"column":14},"end":{"line":106,"column":55}},"type":"cond-expr","locations":[{"start":{"line":106,"column":42},"end":{"line":106,"column":47}},{"start":{"line":106,"column":50},"end":{"line":106,"column":55}}],"line":106}},"s":{"0":9,"1":47,"2":9},"f":{"0":47},"b":{"0":[12,35],"1":[0,35],"2":[12,35],"3":[0,35],"4":[47,5],"5":[0,5],"6":[0,5],"7":[0,9],"8":[0,9]},"_coverageSchema":"1a1c01bbd47fc00a2c39e90264f33305004495a9","hash":"d603b1ac38b7788c845612f5bc74a0702d725404"}
,"C:\\React Native\\TaskApp\\components\\ViewPager.js": {"path":"C:\\React Native\\TaskApp\\components\\ViewPager.js","statementMap":{"0":{"start":{"line":30,"column":40},"end":{"line":30,"column":51}},"1":{"start":{"line":31,"column":14},"end":{"line":31,"column":26}},"2":{"start":{"line":33,"column":19},"end":{"line":39,"column":3}},"3":{"start":{"line":34,"column":27},"end":{"line":34,"column":56}},"4":{"start":{"line":35,"column":25},"end":{"line":37,"column":5}},"5":{"start":{"line":38,"column":4},"end":{"line":38,"column":33}},"6":{"start":{"line":41,"column":24},"end":{"line":48,"column":3}},"7":{"start":{"line":42,"column":27},"end":{"line":42,"column":42}},"8":{"start":{"line":43,"column":4},"end":{"line":47,"column":5}},"9":{"start":{"line":44,"column":21},"end":{"line":44,"column":68}},"10":{"start":{"line":45,"column":6},"end":{"line":45,"column":44}},"11":{"start":{"line":46,"column":6},"end":{"line":46,"column":38}},"12":{"start":{"line":50,"column":2},"end":{"line":55,"column":20}},"13":{"start":{"line":51,"column":21},"end":{"line":53,"column":12}},"14":{"start":{"line":52,"column":6},"end":{"line":52,"column":22}},"15":{"start":{"line":54,"column":4},"end":{"line":54,"column":41}},"16":{"start":{"line":54,"column":17},"end":{"line":54,"column":40}},"17":{"start":{"line":57,"column":21},"end":{"line":80,"column":3}},"18":{"start":{"line":58,"column":4},"end":{"line":79,"column":6}},"19":{"start":{"line":82,"column":2},"end":{"line":121,"column":4}},"20":{"start":{"line":93,"column":41},"end":{"line":93,"column":48}},"21":{"start":{"line":109,"column":14},"end":{"line":112,"column":16}},"22":{"start":{"line":124,"column":15},"end":{"line":185,"column":2}}},"fnMap":{"0":{"name":"ViewPager","decl":{"start":{"line":21,"column":24},"end":{"line":21,"column":33}},"loc":{"start":{"line":29,"column":3},"end":{"line":122,"column":1}},"line":29},"1":{"name":"(anonymous_1)","decl":{"start":{"line":33,"column":19},"end":{"line":33,"column":20}},"loc":{"start":{"line":33,"column":24},"end":{"line":39,"column":3}},"line":33},"2":{"name":"(anonymous_2)","decl":{"start":{"line":41,"column":24},"end":{"line":41,"column":25}},"loc":{"start":{"line":41,"column":30},"end":{"line":48,"column":3}},"line":41},"3":{"name":"(anonymous_3)","decl":{"start":{"line":50,"column":12},"end":{"line":50,"column":13}},"loc":{"start":{"line":50,"column":18},"end":{"line":55,"column":3}},"line":50},"4":{"name":"(anonymous_4)","decl":{"start":{"line":51,"column":33},"end":{"line":51,"column":34}},"loc":{"start":{"line":51,"column":39},"end":{"line":53,"column":5}},"line":51},"5":{"name":"(anonymous_5)","decl":{"start":{"line":54,"column":11},"end":{"line":54,"column":12}},"loc":{"start":{"line":54,"column":17},"end":{"line":54,"column":40}},"line":54},"6":{"name":"(anonymous_6)","decl":{"start":{"line":57,"column":21},"end":{"line":57,"column":22}},"loc":{"start":{"line":57,"column":33},"end":{"line":80,"column":3}},"line":57},"7":{"name":"(anonymous_7)","decl":{"start":{"line":93,"column":24},"end":{"line":93,"column":25}},"loc":{"start":{"line":93,"column":41},"end":{"line":93,"column":48}},"line":93},"8":{"name":"(anonymous_8)","decl":{"start":{"line":108,"column":22},"end":{"line":108,"column":23}},"loc":{"start":{"line":109,"column":14},"end":{"line":112,"column":16}},"line":109}},"branchMap":{"0":{"loc":{"start":{"line":43,"column":4},"end":{"line":47,"column":5}},"type":"if","locations":[{"start":{"line":43,"column":4},"end":{"line":47,"column":5}},{"start":{},"end":{}}],"line":43},"1":{"loc":{"start":{"line":97,"column":7},"end":{"line":119,"column":7}},"type":"cond-expr","locations":[{"start":{"line":98,"column":8},"end":{"line":98,"column":66}},{"start":{"line":100,"column":8},"end":{"line":118,"column":15}}],"line":97},"2":{"loc":{"start":{"line":111,"column":23},"end":{"line":111,"column":76}},"type":"cond-expr","locations":[{"start":{"line":111,"column":47},"end":{"line":111,"column":63}},{"start":{"line":111,"column":66},"end":{"line":111,"column":76}}],"line":111}},"s":{"0":3,"1":3,"2":3,"3":0,"4":0,"5":0,"6":3,"7":0,"8":0,"9":0,"10":0,"11":0,"12":3,"13":3,"14":0,"15":3,"16":3,"17":3,"18":12,"19":3,"20":12,"21":12,"22":2},"f":{"0":3,"1":0,"2":0,"3":3,"4":0,"5":3,"6":12,"7":12,"8":12},"b":{"0":[0,0],"1":[0,3],"2":[3,9]},"_coverageSchema":"1a1c01bbd47fc00a2c39e90264f33305004495a9","hash":"47e1a25d1121c9500443264b4a304500a677db78"}
,"C:\\React Native\\TaskApp\\constants\\colors.js": {"path":"C:\\React Native\\TaskApp\\constants\\colors.js","statementMap":{"0":{"start":{"line":1,"column":22},"end":{"line":20,"column":1}}},"fnMap":{},"branchMap":{},"s":{"0":13},"f":{},"b":{},"_coverageSchema":"1a1c01bbd47fc00a2c39e90264f33305004495a9","hash":"192ba7c2484f0248fb23bfb89d1185dd210583c2"}
,"C:\\React Native\\TaskApp\\languages\\en.js": {"path":"C:\\React Native\\TaskApp\\languages\\en.js","statementMap":{},"fnMap":{},"branchMap":{},"s":{},"f":{},"b":{},"_coverageSchema":"1a1c01bbd47fc00a2c39e90264f33305004495a9","hash":"57ecbe5fea4bac507a2f57d5e517bb4082fda221"}
,"C:\\React Native\\TaskApp\\languages\\i18n.js": {"path":"C:\\React Native\\TaskApp\\languages\\i18n.js","statementMap":{"0":{"start":{"line":4,"column":0},"end":{"line":4,"column":22}},"1":{"start":{"line":5,"column":0},"end":{"line":7,"column":2}}},"fnMap":{},"branchMap":{},"s":{"0":11,"1":11},"f":{},"b":{},"_coverageSchema":"1a1c01bbd47fc00a2c39e90264f33305004495a9","hash":"459e6753275c025bfc81167e7b87dffb03596ac4"}
,"C:\\React Native\\TaskApp\\navigation\\NavigationScreen.js": {"path":"C:\\React Native\\TaskApp\\navigation\\NavigationScreen.js","statementMap":{"0":{"start":{"line":14,"column":14},"end":{"line":14,"column":42}},"1":{"start":{"line":16,"column":22},"end":{"line":31,"column":1}},"2":{"start":{"line":17,"column":2},"end":{"line":30,"column":4}}},"fnMap":{"0":{"name":"(anonymous_0)","decl":{"start":{"line":16,"column":22},"end":{"line":16,"column":23}},"loc":{"start":{"line":16,"column":28},"end":{"line":31,"column":1}},"line":16}},"branchMap":{},"s":{"0":2,"1":2,"2":3},"f":{"0":3},"b":{},"_coverageSchema":"1a1c01bbd47fc00a2c39e90264f33305004495a9","hash":"a2b30d54ad1e6b9602af3cf96106b17f7945ba8d"}
,"C:\\React Native\\TaskApp\\screens\\DashboardScreen.js": {"path":"C:\\React Native\\TaskApp\\screens\\DashboardScreen.js","statementMap":{"0":{"start":{"line":12,"column":2},"end":{"line":19,"column":4}},"1":{"start":{"line":22,"column":15},"end":{"line":36,"column":2}}},"fnMap":{"0":{"name":"DashboardScreen","decl":{"start":{"line":11,"column":24},"end":{"line":11,"column":39}},"loc":{"start":{"line":11,"column":42},"end":{"line":20,"column":1}},"line":11}},"branchMap":{},"s":{"0":2,"1":3},"f":{"0":2},"b":{},"_coverageSchema":"1a1c01bbd47fc00a2c39e90264f33305004495a9","hash":"a3b711e4b5718bd57cd6ea2636baff553dfedd6f"}
,"C:\\React Native\\TaskApp\\screens\\ForgotPasswordScreen.js": {"path":"C:\\React Native\\TaskApp\\screens\\ForgotPasswordScreen.js","statementMap":{"0":{"start":{"line":14,"column":28},"end":{"line":14,"column":40}},"1":{"start":{"line":15,"column":32},"end":{"line":15,"column":46}},"2":{"start":{"line":16,"column":28},"end":{"line":16,"column":43}},"3":{"start":{"line":19,"column":4},"end":{"line":19,"column":112}},"4":{"start":{"line":21,"column":19},"end":{"line":24,"column":3}},"5":{"start":{"line":22,"column":4},"end":{"line":22,"column":19}},"6":{"start":{"line":23,"column":4},"end":{"line":23,"column":34}},"7":{"start":{"line":26,"column":19},"end":{"line":37,"column":3}},"8":{"start":{"line":27,"column":18},"end":{"line":27,"column":53}},"9":{"start":{"line":28,"column":16},"end":{"line":28,"column":46}},"10":{"start":{"line":29,"column":17},"end":{"line":29,"column":55}},"11":{"start":{"line":29,"column":34},"end":{"line":29,"column":54}},"12":{"start":{"line":30,"column":4},"end":{"line":36,"column":5}},"13":{"start":{"line":31,"column":6},"end":{"line":33,"column":9}},"14":{"start":{"line":35,"column":6},"end":{"line":35,"column":21}},"15":{"start":{"line":39,"column":2},"end":{"line":63,"column":4}},"16":{"start":{"line":54,"column":23},"end":{"line":54,"column":38}},"17":{"start":{"line":66,"column":15},"end":{"line":77,"column":2}}},"fnMap":{"0":{"name":"ForgotPasswordScreen","decl":{"start":{"line":13,"column":24},"end":{"line":13,"column":44}},"loc":{"start":{"line":13,"column":59},"end":{"line":64,"column":1}},"line":13},"1":{"name":"(anonymous_1)","decl":{"start":{"line":21,"column":19},"end":{"line":21,"column":20}},"loc":{"start":{"line":21,"column":27},"end":{"line":24,"column":3}},"line":21},"2":{"name":"(anonymous_2)","decl":{"start":{"line":26,"column":19},"end":{"line":26,"column":20}},"loc":{"start":{"line":26,"column":31},"end":{"line":37,"column":3}},"line":26},"3":{"name":"(anonymous_3)","decl":{"start":{"line":29,"column":26},"end":{"line":29,"column":27}},"loc":{"start":{"line":29,"column":34},"end":{"line":29,"column":54}},"line":29},"4":{"name":"(anonymous_4)","decl":{"start":{"line":54,"column":17},"end":{"line":54,"column":18}},"loc":{"start":{"line":54,"column":23},"end":{"line":54,"column":38}},"line":54}},"branchMap":{"0":{"loc":{"start":{"line":28,"column":16},"end":{"line":28,"column":46}},"type":"cond-expr","locations":[{"start":{"line":28,"column":24},"end":{"line":28,"column":41}},{"start":{"line":28,"column":44},"end":{"line":28,"column":46}}],"line":28},"1":{"loc":{"start":{"line":30,"column":4},"end":{"line":36,"column":5}},"type":"if","locations":[{"start":{"line":30,"column":4},"end":{"line":36,"column":5}},{"start":{"line":34,"column":11},"end":{"line":36,"column":5}}],"line":30},"2":{"loc":{"start":{"line":30,"column":8},"end":{"line":30,"column":24}},"type":"binary-expr","locations":[{"start":{"line":30,"column":8},"end":{"line":30,"column":16}},{"start":{"line":30,"column":20},"end":{"line":30,"column":24}}],"line":30},"3":{"loc":{"start":{"line":53,"column":15},"end":{"line":53,"column":59}},"type":"binary-expr","locations":[{"start":{"line":53,"column":15},"end":{"line":53,"column":20}},{"start":{"line":53,"column":24},"end":{"line":53,"column":59}}],"line":53},"4":{"loc":{"start":{"line":75,"column":15},"end":{"line":75,"column":70}},"type":"cond-expr","locations":[{"start":{"line":75,"column":55},"end":{"line":75,"column":61}},{"start":{"line":75,"column":64},"end":{"line":75,"column":70}}],"line":75}},"s":{"0":7,"1":7,"2":7,"3":7,"4":7,"5":0,"6":0,"7":7,"8":1,"9":1,"10":1,"11":0,"12":1,"13":0,"14":1,"15":7,"16":0,"17":3},"f":{"0":7,"1":0,"2":1,"3":0,"4":0},"b":{"0":[0,1],"1":[0,1],"2":[1,0],"3":[7,1],"4":[0,3]},"_coverageSchema":"1a1c01bbd47fc00a2c39e90264f33305004495a9","hash":"64ecbdb904e15ce96f392ccef81acc1570a4cc5d"}
,"C:\\React Native\\TaskApp\\screens\\OTPScreen.js": {"path":"C:\\React Native\\TaskApp\\screens\\OTPScreen.js","statementMap":{"0":{"start":{"line":28,"column":32},"end":{"line":28,"column":46}},"1":{"start":{"line":29,"column":28},"end":{"line":33,"column":4}},"2":{"start":{"line":34,"column":38},"end":{"line":34,"column":53}},"3":{"start":{"line":35,"column":32},"end":{"line":35,"column":44}},"4":{"start":{"line":36,"column":34},"end":{"line":36,"column":46}},"5":{"start":{"line":37,"column":42},"end":{"line":37,"column":54}},"6":{"start":{"line":38,"column":42},"end":{"line":38,"column":57}},"7":{"start":{"line":41,"column":4},"end":{"line":41,"column":144}},"8":{"start":{"line":43,"column":27},"end":{"line":46,"column":3}},"9":{"start":{"line":44,"column":4},"end":{"line":44,"column":22}},"10":{"start":{"line":45,"column":4},"end":{"line":45,"column":34}},"11":{"start":{"line":47,"column":31},"end":{"line":50,"column":3}},"12":{"start":{"line":48,"column":4},"end":{"line":48,"column":26}},"13":{"start":{"line":52,"column":22},"end":{"line":54,"column":3}},"14":{"start":{"line":53,"column":4},"end":{"line":53,"column":22}},"15":{"start":{"line":56,"column":19},"end":{"line":75,"column":3}},"16":{"start":{"line":57,"column":18},"end":{"line":57,"column":53}},"17":{"start":{"line":58,"column":16},"end":{"line":58,"column":46}},"18":{"start":{"line":60,"column":4},"end":{"line":74,"column":5}},"19":{"start":{"line":61,"column":19},"end":{"line":63,"column":7}},"20":{"start":{"line":62,"column":8},"end":{"line":62,"column":77}},"21":{"start":{"line":64,"column":6},"end":{"line":64,"column":58}},"22":{"start":{"line":65,"column":6},"end":{"line":65,"column":26}},"23":{"start":{"line":66,"column":6},"end":{"line":66,"column":28}},"24":{"start":{"line":68,"column":6},"end":{"line":68,"column":27}},"25":{"start":{"line":69,"column":6},"end":{"line":73,"column":9}},"26":{"start":{"line":77,"column":26},"end":{"line":82,"column":3}},"27":{"start":{"line":78,"column":4},"end":{"line":78,"column":35}},"28":{"start":{"line":79,"column":4},"end":{"line":81,"column":7}},"29":{"start":{"line":83,"column":2},"end":{"line":155,"column":4}},"30":{"start":{"line":89,"column":12},"end":{"line":89,"column":43}},"31":{"start":{"line":108,"column":29},"end":{"line":108,"column":70}},"32":{"start":{"line":119,"column":29},"end":{"line":119,"column":71}},"33":{"start":{"line":134,"column":29},"end":{"line":134,"column":75}},"34":{"start":{"line":158,"column":15},"end":{"line":189,"column":2}}},"fnMap":{"0":{"name":"OTPScreen","decl":{"start":{"line":27,"column":24},"end":{"line":27,"column":33}},"loc":{"start":{"line":27,"column":55},"end":{"line":156,"column":1}},"line":27},"1":{"name":"(anonymous_1)","decl":{"start":{"line":43,"column":27},"end":{"line":43,"column":28}},"loc":{"start":{"line":43,"column":35},"end":{"line":46,"column":3}},"line":43},"2":{"name":"(anonymous_2)","decl":{"start":{"line":47,"column":31},"end":{"line":47,"column":32}},"loc":{"start":{"line":47,"column":39},"end":{"line":50,"column":3}},"line":47},"3":{"name":"(anonymous_3)","decl":{"start":{"line":52,"column":22},"end":{"line":52,"column":23}},"loc":{"start":{"line":52,"column":31},"end":{"line":54,"column":3}},"line":52},"4":{"name":"(anonymous_4)","decl":{"start":{"line":56,"column":19},"end":{"line":56,"column":20}},"loc":{"start":{"line":56,"column":31},"end":{"line":75,"column":3}},"line":56},"5":{"name":"(anonymous_5)","decl":{"start":{"line":61,"column":30},"end":{"line":61,"column":31}},"loc":{"start":{"line":62,"column":8},"end":{"line":62,"column":77}},"line":62},"6":{"name":"(anonymous_6)","decl":{"start":{"line":77,"column":26},"end":{"line":77,"column":27}},"loc":{"start":{"line":77,"column":32},"end":{"line":82,"column":3}},"line":77},"7":{"name":"(anonymous_7)","decl":{"start":{"line":88,"column":26},"end":{"line":88,"column":27}},"loc":{"start":{"line":88,"column":32},"end":{"line":90,"column":11}},"line":88},"8":{"name":"(anonymous_8)","decl":{"start":{"line":108,"column":23},"end":{"line":108,"column":24}},"loc":{"start":{"line":108,"column":29},"end":{"line":108,"column":70}},"line":108},"9":{"name":"(anonymous_9)","decl":{"start":{"line":119,"column":23},"end":{"line":119,"column":24}},"loc":{"start":{"line":119,"column":29},"end":{"line":119,"column":71}},"line":119},"10":{"name":"(anonymous_10)","decl":{"start":{"line":134,"column":23},"end":{"line":134,"column":24}},"loc":{"start":{"line":134,"column":29},"end":{"line":134,"column":75}},"line":134},"11":{"name":"(anonymous_11)","decl":{"start":{"line":149,"column":23},"end":{"line":149,"column":24}},"loc":{"start":{"line":149,"column":29},"end":{"line":149,"column":31}},"line":149}},"branchMap":{"0":{"loc":{"start":{"line":58,"column":16},"end":{"line":58,"column":46}},"type":"cond-expr","locations":[{"start":{"line":58,"column":24},"end":{"line":58,"column":41}},{"start":{"line":58,"column":44},"end":{"line":58,"column":46}}],"line":58},"1":{"loc":{"start":{"line":60,"column":4},"end":{"line":74,"column":5}},"type":"if","locations":[{"start":{"line":60,"column":4},"end":{"line":74,"column":5}},{"start":{"line":67,"column":11},"end":{"line":74,"column":5}}],"line":60},"2":{"loc":{"start":{"line":60,"column":8},"end":{"line":60,"column":69}},"type":"binary-expr","locations":[{"start":{"line":60,"column":8},"end":{"line":60,"column":16}},{"start":{"line":60,"column":20},"end":{"line":60,"column":45}},{"start":{"line":60,"column":49},"end":{"line":60,"column":69}}],"line":60},"3":{"loc":{"start":{"line":62,"column":8},"end":{"line":62,"column":77}},"type":"cond-expr","locations":[{"start":{"line":62,"column":45},"end":{"line":62,"column":69}},{"start":{"line":62,"column":73},"end":{"line":62,"column":77}}],"line":62},"4":{"loc":{"start":{"line":70,"column":23},"end":{"line":70,"column":46}},"type":"cond-expr","locations":[{"start":{"line":70,"column":34},"end":{"line":70,"column":39}},{"start":{"line":70,"column":42},"end":{"line":70,"column":46}}],"line":70},"5":{"loc":{"start":{"line":71,"column":27},"end":{"line":71,"column":67}},"type":"cond-expr","locations":[{"start":{"line":71,"column":55},"end":{"line":71,"column":60}},{"start":{"line":71,"column":63},"end":{"line":71,"column":67}}],"line":71},"6":{"loc":{"start":{"line":72,"column":22},"end":{"line":72,"column":57}},"type":"cond-expr","locations":[{"start":{"line":72,"column":45},"end":{"line":72,"column":50}},{"start":{"line":72,"column":53},"end":{"line":72,"column":57}}],"line":72},"7":{"loc":{"start":{"line":107,"column":21},"end":{"line":107,"column":76}},"type":"binary-expr","locations":[{"start":{"line":107,"column":21},"end":{"line":107,"column":39}},{"start":{"line":107,"column":43},"end":{"line":107,"column":76}}],"line":107},"8":{"loc":{"start":{"line":117,"column":16},"end":{"line":117,"column":79}},"type":"binary-expr","locations":[{"start":{"line":117,"column":16},"end":{"line":117,"column":35}},{"start":{"line":117,"column":39},"end":{"line":117,"column":79}}],"line":117},"9":{"loc":{"start":{"line":130,"column":16},"end":{"line":132,"column":17}},"type":"binary-expr","locations":[{"start":{"line":130,"column":16},"end":{"line":130,"column":39}},{"start":{"line":131,"column":18},"end":{"line":131,"column":59}}],"line":130},"10":{"loc":{"start":{"line":167,"column":10},"end":{"line":167,"column":39}},"type":"cond-expr","locations":[{"start":{"line":167,"column":34},"end":{"line":167,"column":35}},{"start":{"line":167,"column":38},"end":{"line":167,"column":39}}],"line":167},"11":{"loc":{"start":{"line":168,"column":20},"end":{"line":168,"column":61}},"type":"cond-expr","locations":[{"start":{"line":168,"column":44},"end":{"line":168,"column":54}},{"start":{"line":168,"column":57},"end":{"line":168,"column":61}}],"line":168},"12":{"loc":{"start":{"line":169,"column":16},"end":{"line":169,"column":57}},"type":"cond-expr","locations":[{"start":{"line":169,"column":40},"end":{"line":169,"column":50}},{"start":{"line":169,"column":53},"end":{"line":169,"column":57}}],"line":169},"13":{"loc":{"start":{"line":173,"column":6},"end":{"line":175,"column":18}},"type":"cond-expr","locations":[{"start":{"line":174,"column":10},"end":{"line":174,"column":17}},{"start":{"line":175,"column":10},"end":{"line":175,"column":18}}],"line":173},"14":{"loc":{"start":{"line":173,"column":6},"end":{"line":173,"column":72}},"type":"binary-expr","locations":[{"start":{"line":173,"column":6},"end":{"line":173,"column":31}},{"start":{"line":173,"column":35},"end":{"line":173,"column":72}}],"line":173}},"s":{"0":8,"1":8,"2":8,"3":8,"4":8,"5":8,"6":8,"7":8,"8":8,"9":0,"10":0,"11":8,"12":0,"13":8,"14":0,"15":8,"16":1,"17":1,"18":1,"19":0,"20":0,"21":0,"22":0,"23":0,"24":1,"25":1,"26":8,"27":0,"28":0,"29":8,"30":0,"31":0,"32":0,"33":0,"34":4},"f":{"0":8,"1":0,"2":0,"3":0,"4":1,"5":0,"6":0,"7":0,"8":0,"9":0,"10":0,"11":0},"b":{"0":[0,1],"1":[0,1],"2":[1,0,0],"3":[0,0],"4":[0,1],"5":[1,0],"6":[0,1],"7":[8,1],"8":[8,1],"9":[8,0],"10":[4,0],"11":[4,0],"12":[4,0],"13":[0,4],"14":[4,0]},"_coverageSchema":"1a1c01bbd47fc00a2c39e90264f33305004495a9","hash":"137e11a2f3fcb6f87c042c29c418759c43ae4098"}
,"C:\\React Native\\TaskApp\\screens\\RegisterScreen.js": {"path":"C:\\React Native\\TaskApp\\screens\\RegisterScreen.js","statementMap":{"0":{"start":{"line":27,"column":32},"end":{"line":27,"column":46}},"1":{"start":{"line":28,"column":28},"end":{"line":33,"column":4}},"2":{"start":{"line":34,"column":38},"end":{"line":34,"column":53}},"3":{"start":{"line":35,"column":28},"end":{"line":35,"column":43}},"4":{"start":{"line":36,"column":32},"end":{"line":36,"column":47}},"5":{"start":{"line":37,"column":34},"end":{"line":37,"column":46}},"6":{"start":{"line":38,"column":42},"end":{"line":38,"column":54}},"7":{"start":{"line":41,"column":4},"end":{"line":41,"column":144}},"8":{"start":{"line":43,"column":27},"end":{"line":46,"column":3}},"9":{"start":{"line":44,"column":4},"end":{"line":44,"column":22}},"10":{"start":{"line":45,"column":4},"end":{"line":45,"column":34}},"11":{"start":{"line":47,"column":31},"end":{"line":49,"column":3}},"12":{"start":{"line":48,"column":4},"end":{"line":48,"column":26}},"13":{"start":{"line":51,"column":19},"end":{"line":73,"column":3}},"14":{"start":{"line":52,"column":18},"end":{"line":52,"column":53}},"15":{"start":{"line":53,"column":16},"end":{"line":53,"column":46}},"16":{"start":{"line":54,"column":4},"end":{"line":54,"column":35}},"17":{"start":{"line":55,"column":4},"end":{"line":72,"column":5}},"18":{"start":{"line":56,"column":19},"end":{"line":56,"column":66}},"19":{"start":{"line":57,"column":6},"end":{"line":57,"column":21}},"20":{"start":{"line":58,"column":6},"end":{"line":58,"column":26}},"21":{"start":{"line":59,"column":6},"end":{"line":59,"column":57}},"22":{"start":{"line":60,"column":6},"end":{"line":62,"column":9}},"23":{"start":{"line":63,"column":6},"end":{"line":63,"column":29}},"24":{"start":{"line":65,"column":6},"end":{"line":65,"column":27}},"25":{"start":{"line":66,"column":6},"end":{"line":71,"column":9}},"26":{"start":{"line":75,"column":2},"end":{"line":138,"column":4}},"27":{"start":{"line":97,"column":29},"end":{"line":97,"column":71}},"28":{"start":{"line":112,"column":29},"end":{"line":112,"column":75}},"29":{"start":{"line":117,"column":36},"end":{"line":117,"column":52}},"30":{"start":{"line":119,"column":16},"end":{"line":119,"column":71}},"31":{"start":{"line":122,"column":38},"end":{"line":122,"column":58}},"32":{"start":{"line":124,"column":16},"end":{"line":124,"column":71}},"33":{"start":{"line":141,"column":15},"end":{"line":161,"column":2}}},"fnMap":{"0":{"name":"RegisterScreen","decl":{"start":{"line":26,"column":24},"end":{"line":26,"column":38}},"loc":{"start":{"line":26,"column":60},"end":{"line":139,"column":1}},"line":26},"1":{"name":"(anonymous_1)","decl":{"start":{"line":43,"column":27},"end":{"line":43,"column":28}},"loc":{"start":{"line":43,"column":35},"end":{"line":46,"column":3}},"line":43},"2":{"name":"(anonymous_2)","decl":{"start":{"line":47,"column":31},"end":{"line":47,"column":32}},"loc":{"start":{"line":47,"column":39},"end":{"line":49,"column":3}},"line":47},"3":{"name":"(anonymous_3)","decl":{"start":{"line":51,"column":19},"end":{"line":51,"column":20}},"loc":{"start":{"line":51,"column":31},"end":{"line":73,"column":3}},"line":51},"4":{"name":"(anonymous_4)","decl":{"start":{"line":97,"column":23},"end":{"line":97,"column":24}},"loc":{"start":{"line":97,"column":29},"end":{"line":97,"column":71}},"line":97},"5":{"name":"(anonymous_5)","decl":{"start":{"line":112,"column":23},"end":{"line":112,"column":24}},"loc":{"start":{"line":112,"column":29},"end":{"line":112,"column":75}},"line":112},"6":{"name":"(anonymous_6)","decl":{"start":{"line":117,"column":30},"end":{"line":117,"column":31}},"loc":{"start":{"line":117,"column":36},"end":{"line":117,"column":52}},"line":117},"7":{"name":"(anonymous_7)","decl":{"start":{"line":118,"column":28},"end":{"line":118,"column":29}},"loc":{"start":{"line":119,"column":16},"end":{"line":119,"column":71}},"line":119},"8":{"name":"(anonymous_8)","decl":{"start":{"line":122,"column":32},"end":{"line":122,"column":33}},"loc":{"start":{"line":122,"column":38},"end":{"line":122,"column":58}},"line":122},"9":{"name":"(anonymous_9)","decl":{"start":{"line":123,"column":30},"end":{"line":123,"column":31}},"loc":{"start":{"line":124,"column":16},"end":{"line":124,"column":71}},"line":124}},"branchMap":{"0":{"loc":{"start":{"line":53,"column":16},"end":{"line":53,"column":46}},"type":"cond-expr","locations":[{"start":{"line":53,"column":24},"end":{"line":53,"column":41}},{"start":{"line":53,"column":44},"end":{"line":53,"column":46}}],"line":53},"1":{"loc":{"start":{"line":55,"column":4},"end":{"line":72,"column":5}},"type":"if","locations":[{"start":{"line":55,"column":4},"end":{"line":72,"column":5}},{"start":{"line":64,"column":11},"end":{"line":72,"column":5}}],"line":55},"2":{"loc":{"start":{"line":55,"column":8},"end":{"line":55,"column":65}},"type":"binary-expr","locations":[{"start":{"line":55,"column":8},"end":{"line":55,"column":16}},{"start":{"line":55,"column":20},"end":{"line":55,"column":45}},{"start":{"line":55,"column":49},"end":{"line":55,"column":54}},{"start":{"line":55,"column":58},"end":{"line":55,"column":65}}],"line":55},"3":{"loc":{"start":{"line":67,"column":23},"end":{"line":67,"column":46}},"type":"cond-expr","locations":[{"start":{"line":67,"column":34},"end":{"line":67,"column":39}},{"start":{"line":67,"column":42},"end":{"line":67,"column":46}}],"line":67},"4":{"loc":{"start":{"line":68,"column":27},"end":{"line":68,"column":67}},"type":"cond-expr","locations":[{"start":{"line":68,"column":55},"end":{"line":68,"column":60}},{"start":{"line":68,"column":63},"end":{"line":68,"column":67}}],"line":68},"5":{"loc":{"start":{"line":69,"column":20},"end":{"line":69,"column":40}},"type":"cond-expr","locations":[{"start":{"line":69,"column":28},"end":{"line":69,"column":33}},{"start":{"line":69,"column":36},"end":{"line":69,"column":40}}],"line":69},"6":{"loc":{"start":{"line":70,"column":22},"end":{"line":70,"column":44}},"type":"cond-expr","locations":[{"start":{"line":70,"column":32},"end":{"line":70,"column":37}},{"start":{"line":70,"column":40},"end":{"line":70,"column":44}}],"line":70},"7":{"loc":{"start":{"line":95,"column":16},"end":{"line":95,"column":79}},"type":"binary-expr","locations":[{"start":{"line":95,"column":16},"end":{"line":95,"column":35}},{"start":{"line":95,"column":39},"end":{"line":95,"column":79}}],"line":95},"8":{"loc":{"start":{"line":108,"column":16},"end":{"line":110,"column":17}},"type":"binary-expr","locations":[{"start":{"line":108,"column":16},"end":{"line":108,"column":39}},{"start":{"line":109,"column":18},"end":{"line":109,"column":59}}],"line":108},"9":{"loc":{"start":{"line":150,"column":10},"end":{"line":150,"column":39}},"type":"cond-expr","locations":[{"start":{"line":150,"column":34},"end":{"line":150,"column":35}},{"start":{"line":150,"column":38},"end":{"line":150,"column":39}}],"line":150},"10":{"loc":{"start":{"line":151,"column":20},"end":{"line":151,"column":61}},"type":"cond-expr","locations":[{"start":{"line":151,"column":44},"end":{"line":151,"column":54}},{"start":{"line":151,"column":57},"end":{"line":151,"column":61}}],"line":151},"11":{"loc":{"start":{"line":152,"column":16},"end":{"line":152,"column":57}},"type":"cond-expr","locations":[{"start":{"line":152,"column":40},"end":{"line":152,"column":50}},{"start":{"line":152,"column":53},"end":{"line":152,"column":57}}],"line":152}},"s":{"0":7,"1":7,"2":7,"3":7,"4":7,"5":7,"6":7,"7":7,"8":7,"9":0,"10":0,"11":7,"12":0,"13":7,"14":1,"15":1,"16":1,"17":1,"18":0,"19":0,"20":0,"21":0,"22":0,"23":0,"24":1,"25":1,"26":7,"27":0,"28":0,"29":0,"30":0,"31":0,"32":0,"33":3},"f":{"0":7,"1":0,"2":0,"3":1,"4":0,"5":0,"6":0,"7":0,"8":0,"9":0},"b":{"0":[0,1],"1":[0,1],"2":[1,0,0,0],"3":[0,1],"4":[1,0],"5":[0,1],"6":[0,1],"7":[7,1],"8":[7,0],"9":[3,0],"10":[3,0],"11":[3,0]},"_coverageSchema":"1a1c01bbd47fc00a2c39e90264f33305004495a9","hash":"69560a070a53dfecbbb3ab9e45c9667bc97e0824"}
,"C:\\React Native\\TaskApp\\screens\\RegistrationScreen.js": {"path":"C:\\React Native\\TaskApp\\screens\\RegistrationScreen.js","statementMap":{"0":{"start":{"line":13,"column":28},"end":{"line":13,"column":40}},"1":{"start":{"line":14,"column":32},"end":{"line":14,"column":46}},"2":{"start":{"line":15,"column":28},"end":{"line":15,"column":43}},"3":{"start":{"line":18,"column":4},"end":{"line":18,"column":112}},"4":{"start":{"line":20,"column":19},"end":{"line":23,"column":3}},"5":{"start":{"line":21,"column":4},"end":{"line":21,"column":19}},"6":{"start":{"line":22,"column":4},"end":{"line":22,"column":34}},"7":{"start":{"line":25,"column":19},"end":{"line":42,"column":3}},"8":{"start":{"line":26,"column":18},"end":{"line":26,"column":53}},"9":{"start":{"line":27,"column":16},"end":{"line":27,"column":46}},"10":{"start":{"line":29,"column":17},"end":{"line":29,"column":55}},"11":{"start":{"line":29,"column":34},"end":{"line":29,"column":54}},"12":{"start":{"line":30,"column":4},"end":{"line":30,"column":27}},"13":{"start":{"line":31,"column":4},"end":{"line":41,"column":5}},"14":{"start":{"line":32,"column":6},"end":{"line":34,"column":9}},"15":{"start":{"line":35,"column":11},"end":{"line":41,"column":5}},"16":{"start":{"line":36,"column":6},"end":{"line":38,"column":9}},"17":{"start":{"line":40,"column":6},"end":{"line":40,"column":21}},"18":{"start":{"line":44,"column":2},"end":{"line":68,"column":4}},"19":{"start":{"line":59,"column":23},"end":{"line":59,"column":38}},"20":{"start":{"line":71,"column":15},"end":{"line":81,"column":2}}},"fnMap":{"0":{"name":"RegistrationScreen","decl":{"start":{"line":12,"column":24},"end":{"line":12,"column":42}},"loc":{"start":{"line":12,"column":57},"end":{"line":69,"column":1}},"line":12},"1":{"name":"(anonymous_1)","decl":{"start":{"line":20,"column":19},"end":{"line":20,"column":20}},"loc":{"start":{"line":20,"column":27},"end":{"line":23,"column":3}},"line":20},"2":{"name":"(anonymous_2)","decl":{"start":{"line":25,"column":19},"end":{"line":25,"column":20}},"loc":{"start":{"line":25,"column":31},"end":{"line":42,"column":3}},"line":25},"3":{"name":"(anonymous_3)","decl":{"start":{"line":29,"column":26},"end":{"line":29,"column":27}},"loc":{"start":{"line":29,"column":34},"end":{"line":29,"column":54}},"line":29},"4":{"name":"(anonymous_4)","decl":{"start":{"line":59,"column":17},"end":{"line":59,"column":18}},"loc":{"start":{"line":59,"column":23},"end":{"line":59,"column":38}},"line":59}},"branchMap":{"0":{"loc":{"start":{"line":27,"column":16},"end":{"line":27,"column":46}},"type":"cond-expr","locations":[{"start":{"line":27,"column":24},"end":{"line":27,"column":41}},{"start":{"line":27,"column":44},"end":{"line":27,"column":46}}],"line":27},"1":{"loc":{"start":{"line":31,"column":4},"end":{"line":41,"column":5}},"type":"if","locations":[{"start":{"line":31,"column":4},"end":{"line":41,"column":5}},{"start":{"line":35,"column":11},"end":{"line":41,"column":5}}],"line":31},"2":{"loc":{"start":{"line":31,"column":8},"end":{"line":31,"column":24}},"type":"binary-expr","locations":[{"start":{"line":31,"column":8},"end":{"line":31,"column":16}},{"start":{"line":31,"column":20},"end":{"line":31,"column":24}}],"line":31},"3":{"loc":{"start":{"line":35,"column":11},"end":{"line":41,"column":5}},"type":"if","locations":[{"start":{"line":35,"column":11},"end":{"line":41,"column":5}},{"start":{"line":39,"column":11},"end":{"line":41,"column":5}}],"line":35},"4":{"loc":{"start":{"line":35,"column":15},"end":{"line":35,"column":32}},"type":"binary-expr","locations":[{"start":{"line":35,"column":15},"end":{"line":35,"column":23}},{"start":{"line":35,"column":27},"end":{"line":35,"column":32}}],"line":35},"5":{"loc":{"start":{"line":58,"column":15},"end":{"line":58,"column":59}},"type":"binary-expr","locations":[{"start":{"line":58,"column":15},"end":{"line":58,"column":20}},{"start":{"line":58,"column":24},"end":{"line":58,"column":59}}],"line":58},"6":{"loc":{"start":{"line":79,"column":15},"end":{"line":79,"column":70}},"type":"cond-expr","locations":[{"start":{"line":79,"column":55},"end":{"line":79,"column":61}},{"start":{"line":79,"column":64},"end":{"line":79,"column":70}}],"line":79}},"s":{"0":8,"1":8,"2":8,"3":8,"4":8,"5":0,"6":0,"7":8,"8":1,"9":1,"10":1,"11":0,"12":1,"13":1,"14":0,"15":1,"16":0,"17":1,"18":8,"19":0,"20":2},"f":{"0":8,"1":0,"2":1,"3":0,"4":0},"b":{"0":[0,1],"1":[0,1],"2":[1,0],"3":[0,1],"4":[1,0],"5":[8,1],"6":[0,2]},"_coverageSchema":"1a1c01bbd47fc00a2c39e90264f33305004495a9","hash":"8728a53ee393a1af0a34b20ace4971e9526bb006"}
,"C:\\React Native\\TaskApp\\screens\\SignInScreen.js": {"path":"C:\\React Native\\TaskApp\\screens\\SignInScreen.js","statementMap":{"0":{"start":{"line":25,"column":28},"end":{"line":25,"column":43}},"1":{"start":{"line":26,"column":30},"end":{"line":26,"column":45}},"2":{"start":{"line":27,"column":38},"end":{"line":27,"column":53}},"3":{"start":{"line":28,"column":26},"end":{"line":28,"column":38}},"4":{"start":{"line":29,"column":18},"end":{"line":29,"column":30}},"5":{"start":{"line":31,"column":16},"end":{"line":34,"column":3}},"6":{"start":{"line":32,"column":16},"end":{"line":32,"column":51}},"7":{"start":{"line":33,"column":4},"end":{"line":33,"column":33}},"8":{"start":{"line":36,"column":2},"end":{"line":41,"column":9}},"9":{"start":{"line":37,"column":4},"end":{"line":37,"column":12}},"10":{"start":{"line":38,"column":4},"end":{"line":40,"column":5}},"11":{"start":{"line":39,"column":6},"end":{"line":39,"column":26}},"12":{"start":{"line":43,"column":19},"end":{"line":45,"column":3}},"13":{"start":{"line":44,"column":4},"end":{"line":44,"column":18}},"14":{"start":{"line":47,"column":19},"end":{"line":58,"column":3}},"15":{"start":{"line":48,"column":16},"end":{"line":48,"column":51}},"16":{"start":{"line":49,"column":18},"end":{"line":49,"column":44}},"17":{"start":{"line":50,"column":17},"end":{"line":50,"column":57}},"18":{"start":{"line":50,"column":36},"end":{"line":50,"column":56}},"19":{"start":{"line":51,"column":4},"end":{"line":57,"column":5}},"20":{"start":{"line":52,"column":6},"end":{"line":52,"column":22}},"21":{"start":{"line":53,"column":6},"end":{"line":53,"column":39}},"22":{"start":{"line":54,"column":6},"end":{"line":54,"column":23}},"23":{"start":{"line":56,"column":6},"end":{"line":56,"column":21}},"24":{"start":{"line":60,"column":2},"end":{"line":109,"column":4}},"25":{"start":{"line":87,"column":27},"end":{"line":87,"column":42}},"26":{"start":{"line":90,"column":30},"end":{"line":90,"column":67}},"27":{"start":{"line":112,"column":15},"end":{"line":142,"column":2}}},"fnMap":{"0":{"name":"SignInScreen","decl":{"start":{"line":24,"column":24},"end":{"line":24,"column":36}},"loc":{"start":{"line":24,"column":58},"end":{"line":110,"column":1}},"line":24},"1":{"name":"(anonymous_1)","decl":{"start":{"line":31,"column":16},"end":{"line":31,"column":17}},"loc":{"start":{"line":31,"column":28},"end":{"line":34,"column":3}},"line":31},"2":{"name":"(anonymous_2)","decl":{"start":{"line":36,"column":12},"end":{"line":36,"column":13}},"loc":{"start":{"line":36,"column":18},"end":{"line":41,"column":3}},"line":36},"3":{"name":"(anonymous_3)","decl":{"start":{"line":43,"column":19},"end":{"line":43,"column":20}},"loc":{"start":{"line":43,"column":27},"end":{"line":45,"column":3}},"line":43},"4":{"name":"(anonymous_4)","decl":{"start":{"line":47,"column":19},"end":{"line":47,"column":20}},"loc":{"start":{"line":47,"column":31},"end":{"line":58,"column":3}},"line":47},"5":{"name":"(anonymous_5)","decl":{"start":{"line":50,"column":28},"end":{"line":50,"column":29}},"loc":{"start":{"line":50,"column":36},"end":{"line":50,"column":56}},"line":50},"6":{"name":"(anonymous_6)","decl":{"start":{"line":87,"column":21},"end":{"line":87,"column":22}},"loc":{"start":{"line":87,"column":27},"end":{"line":87,"column":42}},"line":87},"7":{"name":"(anonymous_7)","decl":{"start":{"line":90,"column":24},"end":{"line":90,"column":25}},"loc":{"start":{"line":90,"column":30},"end":{"line":90,"column":67}},"line":90},"8":{"name":"(anonymous_8)","decl":{"start":{"line":104,"column":21},"end":{"line":104,"column":22}},"loc":{"start":{"line":104,"column":27},"end":{"line":104,"column":29}},"line":104}},"branchMap":{"0":{"loc":{"start":{"line":38,"column":4},"end":{"line":40,"column":5}},"type":"if","locations":[{"start":{"line":38,"column":4},"end":{"line":40,"column":5}},{"start":{},"end":{}}],"line":38},"1":{"loc":{"start":{"line":49,"column":18},"end":{"line":49,"column":44}},"type":"cond-expr","locations":[{"start":{"line":49,"column":24},"end":{"line":49,"column":39}},{"start":{"line":49,"column":42},"end":{"line":49,"column":44}}],"line":49},"2":{"loc":{"start":{"line":51,"column":4},"end":{"line":57,"column":5}},"type":"if","locations":[{"start":{"line":51,"column":4},"end":{"line":57,"column":5}},{"start":{"line":55,"column":11},"end":{"line":57,"column":5}}],"line":51},"3":{"loc":{"start":{"line":64,"column":18},"end":{"line":64,"column":62}},"type":"cond-expr","locations":[{"start":{"line":64,"column":42},"end":{"line":64,"column":51}},{"start":{"line":64,"column":54},"end":{"line":64,"column":62}}],"line":64},"4":{"loc":{"start":{"line":78,"column":29},"end":{"line":78,"column":71}},"type":"binary-expr","locations":[{"start":{"line":78,"column":29},"end":{"line":78,"column":39}},{"start":{"line":78,"column":43},"end":{"line":78,"column":71}}],"line":78},"5":{"loc":{"start":{"line":86,"column":19},"end":{"line":86,"column":66}},"type":"binary-expr","locations":[{"start":{"line":86,"column":19},"end":{"line":86,"column":24}},{"start":{"line":86,"column":28},"end":{"line":86,"column":66}}],"line":86},"6":{"loc":{"start":{"line":120,"column":10},"end":{"line":120,"column":39}},"type":"cond-expr","locations":[{"start":{"line":120,"column":34},"end":{"line":120,"column":35}},{"start":{"line":120,"column":38},"end":{"line":120,"column":39}}],"line":120},"7":{"loc":{"start":{"line":121,"column":20},"end":{"line":121,"column":61}},"type":"cond-expr","locations":[{"start":{"line":121,"column":44},"end":{"line":121,"column":54}},{"start":{"line":121,"column":57},"end":{"line":121,"column":61}}],"line":121},"8":{"loc":{"start":{"line":122,"column":16},"end":{"line":122,"column":57}},"type":"cond-expr","locations":[{"start":{"line":122,"column":40},"end":{"line":122,"column":50}},{"start":{"line":122,"column":53},"end":{"line":122,"column":57}}],"line":122},"9":{"loc":{"start":{"line":126,"column":6},"end":{"line":128,"column":18}},"type":"cond-expr","locations":[{"start":{"line":127,"column":10},"end":{"line":127,"column":17}},{"start":{"line":128,"column":10},"end":{"line":128,"column":18}}],"line":126},"10":{"loc":{"start":{"line":126,"column":6},"end":{"line":126,"column":72}},"type":"binary-expr","locations":[{"start":{"line":126,"column":6},"end":{"line":126,"column":31}},{"start":{"line":126,"column":35},"end":{"line":126,"column":72}}],"line":126}},"s":{"0":16,"1":16,"2":16,"3":16,"4":16,"5":16,"6":7,"7":7,"8":16,"9":7,"10":7,"11":6,"12":16,"13":0,"14":16,"15":1,"16":1,"17":1,"18":0,"19":1,"20":0,"21":0,"22":0,"23":0,"24":16,"25":0,"26":0,"27":6},"f":{"0":16,"1":7,"2":7,"3":0,"4":1,"5":0,"6":0,"7":0,"8":0},"b":{"0":[6,1],"1":[0,1],"2":[0,0],"3":[16,0],"4":[16,6],"5":[16,0],"6":[6,0],"7":[6,0],"8":[6,0],"9":[0,6],"10":[6,0]},"_coverageSchema":"1a1c01bbd47fc00a2c39e90264f33305004495a9","hash":"25c72dfb080498b048189ebadc358edb22ea8216"}
,"C:\\React Native\\TaskApp\\screens\\TermsAndPolicy.js": {"path":"C:\\React Native\\TaskApp\\screens\\TermsAndPolicy.js","statementMap":{"0":{"start":{"line":13,"column":21},"end":{"line":23,"column":3}},"1":{"start":{"line":14,"column":4},"end":{"line":22,"column":6}},"2":{"start":{"line":25,"column":2},"end":{"line":33,"column":4}},"3":{"start":{"line":29,"column":39},"end":{"line":29,"column":46}},"4":{"start":{"line":36,"column":15},"end":{"line":41,"column":2}}},"fnMap":{"0":{"name":"TermsAndPolicy","decl":{"start":{"line":12,"column":24},"end":{"line":12,"column":38}},"loc":{"start":{"line":12,"column":48},"end":{"line":34,"column":1}},"line":12},"1":{"name":"(anonymous_1)","decl":{"start":{"line":13,"column":21},"end":{"line":13,"column":22}},"loc":{"start":{"line":13,"column":33},"end":{"line":23,"column":3}},"line":13},"2":{"name":"(anonymous_2)","decl":{"start":{"line":29,"column":22},"end":{"line":29,"column":23}},"loc":{"start":{"line":29,"column":39},"end":{"line":29,"column":46}},"line":29}},"branchMap":{"0":{"loc":{"start":{"line":15,"column":6},"end":{"line":21,"column":7}},"type":"binary-expr","locations":[{"start":{"line":15,"column":6},"end":{"line":15,"column":45}},{"start":{"line":16,"column":8},"end":{"line":20,"column":10}}],"line":15}},"s":{"0":1,"1":2,"2":1,"3":2,"4":3},"f":{"0":1,"1":2,"2":2},"b":{"0":[2,1]},"_coverageSchema":"1a1c01bbd47fc00a2c39e90264f33305004495a9","hash":"a26014676681cd18160775cd0707d88340d9c32c"}
,"C:\\React Native\\TaskApp\\screens\\WelcomeScreen.js": {"path":"C:\\React Native\\TaskApp\\screens\\WelcomeScreen.js","statementMap":{"0":{"start":{"line":7,"column":22},"end":{"line":18,"column":1}},"1":{"start":{"line":8,"column":2},"end":{"line":17,"column":4}},"2":{"start":{"line":15,"column":24},"end":{"line":15,"column":59}}},"fnMap":{"0":{"name":"(anonymous_0)","decl":{"start":{"line":7,"column":22},"end":{"line":7,"column":23}},"loc":{"start":{"line":7,"column":40},"end":{"line":18,"column":1}},"line":7},"1":{"name":"(anonymous_1)","decl":{"start":{"line":15,"column":18},"end":{"line":15,"column":19}},"loc":{"start":{"line":15,"column":24},"end":{"line":15,"column":59}},"line":15}},"branchMap":{},"s":{"0":2,"1":6,"2":0},"f":{"0":6,"1":0},"b":{},"_coverageSchema":"1a1c01bbd47fc00a2c39e90264f33305004495a9","hash":"8bf6f42e876f78e76eff9b42da5c4486a02a17e7"}
}
