TN:
SF:App.js
FN:7,(anonymous_0)
FN:8,(anonymous_1)
FNF:2
FNH:2
FNDA:1,(anonymous_0)
FNDA:1,(anonymous_1)
DA:7,1
DA:8,1
DA:9,1
DA:10,1
DA:18,1
DA:25,1
LF:6
LH:6
BRF:0
BRH:0
end_of_record
TN:
SF:assets\Images.js
FNF:0
FNH:0
DA:3,2
LF:1
LH:1
BRF:0
BRH:0
end_of_record
TN:
SF:assets\Logo.png
FNF:0
FNH:0
DA:1,8
LF:1
LH:1
BRF:0
BRH:0
end_of_record
TN:
SF:assets\TermsPolicy.js
FNF:0
FNH:0
DA:3,3
LF:1
LH:1
BRF:0
BRH:0
end_of_record
TN:
SF:assets\img1.jpg
FNF:0
FNH:0
DA:1,2
LF:1
LH:1
BRF:0
BRH:0
end_of_record
TN:
SF:assets\img2.jpg
FNF:0
FNH:0
DA:1,2
LF:1
LH:1
BRF:0
BRH:0
end_of_record
TN:
SF:assets\img3.jpg
FNF:0
FNH:0
DA:1,2
LF:1
LH:1
BRF:0
BRH:0
end_of_record
TN:
SF:assets\img4.jpg
FNF:0
FNH:0
DA:1,2
LF:1
LH:1
BRF:0
BRH:0
end_of_record
TN:
SF:components\Button.tsx
FN:17,(anonymous_0)
FNF:1
FNH:1
FNDA:53,(anonymous_0)
DA:17,8
DA:25,53
DA:37,8
LF:3
LH:3
BRF:0
BRH:0
end_of_record
TN:
SF:components\Header.js
FN:9,Header
FNF:1
FNH:1
FNDA:35,Header
DA:10,35
DA:21,8
LF:2
LH:2
BRF:0
BRH:0
end_of_record
TN:
SF:components\Input.tsx
FN:42,(anonymous_0)
FN:92,(anonymous_1)
FN:96,(anonymous_2)
FN:124,(anonymous_3)
FNF:4
FNH:1
FNDA:60,(anonymous_0)
FNDA:0,(anonymous_1)
FNDA:0,(anonymous_2)
FNDA:0,(anonymous_3)
DA:42,8
DA:63,60
DA:64,60
DA:66,60
DA:93,0
DA:94,0
DA:97,0
DA:124,0
DA:212,8
LF:9
LH:5
BRDA:75,0,0,4
BRDA:75,0,1,56
BRDA:77,1,0,0
BRDA:77,1,1,56
BRDA:80,2,0,6
BRDA:80,2,1,54
BRDA:88,3,0,6
BRDA:88,3,1,54
BRDA:103,4,0,60
BRDA:103,4,1,35
BRDA:105,5,0,35
BRDA:105,5,1,2
BRDA:114,6,0,35
BRDA:114,6,1,0
BRDA:125,7,0,35
BRDA:125,7,1,0
BRDA:131,8,0,60
BRDA:131,8,1,4
BRDA:136,9,0,60
BRDA:136,9,1,11
BRDA:144,10,0,0
BRDA:144,10,1,11
BRDA:159,11,0,0
BRDA:159,11,1,11
BRDA:176,12,0,0
BRDA:176,12,1,11
BRDA:189,13,0,0
BRDA:189,13,1,11
BRDA:202,14,0,60
BRDA:202,14,1,13
BRDA:207,15,0,60
BRDA:207,15,1,0
BRDA:214,16,0,0
BRDA:214,16,1,8
BRDA:218,17,0,0
BRDA:218,17,1,8
BRDA:223,18,0,0
BRDA:223,18,1,8
BRDA:224,19,0,0
BRDA:224,19,1,8
BRDA:226,20,0,0
BRDA:226,20,1,8
BRDA:236,21,0,0
BRDA:236,21,1,8
BRF:44
BRH:30
end_of_record
TN:
SF:components\Loader.js
FN:7,Loader
FNF:1
FNH:1
FNDA:1,Loader
DA:8,1
DA:15,9
LF:2
LH:2
BRF:0
BRH:0
end_of_record
TN:
SF:components\ModalComp.js
FN:12,ModalComp
FNF:1
FNH:1
FNDA:6,ModalComp
DA:21,6
DA:43,4
LF:2
LH:2
BRF:0
BRH:0
end_of_record
TN:
SF:components\OTP.js
FN:12,OTP
FN:27,(anonymous_1)
FN:31,(anonymous_2)
FNF:3
FNH:1
FNDA:7,OTP
FNDA:0,(anonymous_1)
FNDA:0,(anonymous_2)
DA:13,7
DA:14,7
DA:28,0
DA:29,0
DA:32,0
DA:44,5
LF:6
LH:3
BRDA:25,0,0,1
BRDA:25,0,1,6
BRDA:35,1,0,7
BRDA:35,1,1,1
BRDA:62,2,0,0
BRDA:62,2,1,5
BRF:6
BRH:5
end_of_record
TN:
SF:components\TermsPolicyComp.js
FN:12,TermsPolicyComp
FNF:1
FNH:1
FNDA:5,TermsPolicyComp
DA:21,5
DA:80,3
LF:2
LH:2
BRDA:28,0,0,0
BRDA:28,0,1,5
BRDA:30,1,0,1
BRDA:30,1,1,4
BRDA:35,2,0,0
BRDA:35,2,1,5
BRDA:54,3,0,0
BRDA:54,3,1,5
BRDA:56,4,0,1
BRDA:56,4,1,4
BRDA:61,5,0,0
BRDA:61,5,1,5
BRF:12
BRH:8
end_of_record
TN:
SF:components\TitleAndSubTitle.tsx
FN:23,(anonymous_0)
FNF:1
FNH:1
FNDA:47,(anonymous_0)
DA:23,9
DA:35,47
DA:97,9
LF:3
LH:3
BRDA:40,0,0,12
BRDA:40,0,1,35
BRDA:42,1,0,0
BRDA:42,1,1,35
BRDA:53,2,0,12
BRDA:53,2,1,35
BRDA:55,3,0,0
BRDA:55,3,1,35
BRDA:70,4,0,47
BRDA:70,4,1,5
BRDA:74,5,0,0
BRDA:74,5,1,5
BRDA:76,6,0,0
BRDA:76,6,1,5
BRDA:101,7,0,0
BRDA:101,7,1,9
BRDA:106,8,0,0
BRDA:106,8,1,9
BRF:18
BRH:12
end_of_record
TN:
SF:components\ViewPager.js
FN:21,ViewPager
FN:33,(anonymous_1)
FN:41,(anonymous_2)
FN:50,(anonymous_3)
FN:51,(anonymous_4)
FN:54,(anonymous_5)
FN:57,(anonymous_6)
FN:93,(anonymous_7)
FN:108,(anonymous_8)
FNF:9
FNH:6
FNDA:3,ViewPager
FNDA:0,(anonymous_1)
FNDA:0,(anonymous_2)
FNDA:3,(anonymous_3)
FNDA:0,(anonymous_4)
FNDA:3,(anonymous_5)
FNDA:12,(anonymous_6)
FNDA:12,(anonymous_7)
FNDA:12,(anonymous_8)
DA:30,3
DA:31,3
DA:33,3
DA:34,0
DA:35,0
DA:38,0
DA:41,3
DA:42,0
DA:43,0
DA:44,0
DA:45,0
DA:46,0
DA:50,3
DA:51,3
DA:52,0
DA:54,3
DA:57,3
DA:58,12
DA:82,3
DA:93,12
DA:109,12
DA:124,2
LF:22
LH:13
BRDA:43,0,0,0
BRDA:43,0,1,0
BRDA:97,1,0,0
BRDA:97,1,1,3
BRDA:111,2,0,3
BRDA:111,2,1,9
BRF:6
BRH:3
end_of_record
TN:
SF:constants\colors.js
FNF:0
FNH:0
DA:1,13
LF:1
LH:1
BRF:0
BRH:0
end_of_record
TN:
SF:languages\en.js
FNF:0
FNH:0
LF:0
LH:0
BRF:0
BRH:0
end_of_record
TN:
SF:languages\i18n.js
FNF:0
FNH:0
DA:4,11
DA:5,11
LF:2
LH:2
BRF:0
BRH:0
end_of_record
TN:
SF:navigation\NavigationScreen.js
FN:16,(anonymous_0)
FNF:1
FNH:1
FNDA:3,(anonymous_0)
DA:14,2
DA:16,2
DA:17,3
LF:3
LH:3
BRF:0
BRH:0
end_of_record
TN:
SF:screens\DashboardScreen.js
FN:11,DashboardScreen
FNF:1
FNH:1
FNDA:2,DashboardScreen
DA:12,2
DA:22,3
LF:2
LH:2
BRF:0
BRH:0
end_of_record
TN:
SF:screens\ForgotPasswordScreen.js
FN:13,ForgotPasswordScreen
FN:21,(anonymous_1)
FN:26,(anonymous_2)
FN:29,(anonymous_3)
FN:54,(anonymous_4)
FNF:5
FNH:2
FNDA:7,ForgotPasswordScreen
FNDA:0,(anonymous_1)
FNDA:1,(anonymous_2)
FNDA:0,(anonymous_3)
FNDA:0,(anonymous_4)
DA:14,7
DA:15,7
DA:16,7
DA:19,7
DA:21,7
DA:22,0
DA:23,0
DA:26,7
DA:27,1
DA:28,1
DA:29,1
DA:30,1
DA:31,0
DA:35,1
DA:39,7
DA:54,0
DA:66,3
LF:17
LH:13
BRDA:28,0,0,0
BRDA:28,0,1,1
BRDA:30,1,0,0
BRDA:30,1,1,1
BRDA:30,2,0,1
BRDA:30,2,1,0
BRDA:53,3,0,7
BRDA:53,3,1,1
BRDA:75,4,0,0
BRDA:75,4,1,3
BRF:10
BRH:6
end_of_record
TN:
SF:screens\OTPScreen.js
FN:27,OTPScreen
FN:43,(anonymous_1)
FN:47,(anonymous_2)
FN:52,(anonymous_3)
FN:56,(anonymous_4)
FN:61,(anonymous_5)
FN:77,(anonymous_6)
FN:86,(anonymous_7)
FN:108,(anonymous_8)
FN:119,(anonymous_9)
FN:134,(anonymous_10)
FN:149,(anonymous_11)
FNF:12
FNH:2
FNDA:8,OTPScreen
FNDA:0,(anonymous_1)
FNDA:0,(anonymous_2)
FNDA:0,(anonymous_3)
FNDA:1,(anonymous_4)
FNDA:0,(anonymous_5)
FNDA:0,(anonymous_6)
FNDA:0,(anonymous_7)
FNDA:0,(anonymous_8)
FNDA:0,(anonymous_9)
FNDA:0,(anonymous_10)
FNDA:0,(anonymous_11)
DA:28,8
DA:29,8
DA:34,8
DA:35,8
DA:36,8
DA:37,8
DA:38,8
DA:41,8
DA:43,8
DA:44,0
DA:45,0
DA:47,8
DA:48,0
DA:52,8
DA:53,0
DA:56,8
DA:57,1
DA:58,1
DA:60,1
DA:61,0
DA:62,0
DA:64,0
DA:65,0
DA:66,0
DA:68,1
DA:69,1
DA:77,8
DA:78,0
DA:79,0
DA:83,8
DA:87,0
DA:108,0
DA:119,0
DA:134,0
DA:158,4
LF:35
LH:20
BRDA:58,0,0,0
BRDA:58,0,1,1
BRDA:60,1,0,0
BRDA:60,1,1,1
BRDA:60,2,0,1
BRDA:60,2,1,0
BRDA:60,2,2,0
BRDA:62,3,0,0
BRDA:62,3,1,0
BRDA:70,4,0,0
BRDA:70,4,1,1
BRDA:71,5,0,1
BRDA:71,5,1,0
BRDA:72,6,0,0
BRDA:72,6,1,1
BRDA:107,7,0,8
BRDA:107,7,1,1
BRDA:117,8,0,8
BRDA:117,8,1,1
BRDA:130,9,0,8
BRDA:130,9,1,0
BRDA:167,10,0,4
BRDA:167,10,1,0
BRDA:168,11,0,4
BRDA:168,11,1,0
BRDA:169,12,0,4
BRDA:169,12,1,0
BRDA:173,13,0,0
BRDA:173,13,1,4
BRDA:173,14,0,4
BRDA:173,14,1,0
BRF:31
BRH:16
end_of_record
TN:
SF:screens\RegisterScreen.js
FN:26,RegisterScreen
FN:43,(anonymous_1)
FN:47,(anonymous_2)
FN:51,(anonymous_3)
FN:97,(anonymous_4)
FN:112,(anonymous_5)
FN:117,(anonymous_6)
FN:118,(anonymous_7)
FN:122,(anonymous_8)
FN:123,(anonymous_9)
FNF:10
FNH:2
FNDA:7,RegisterScreen
FNDA:0,(anonymous_1)
FNDA:0,(anonymous_2)
FNDA:1,(anonymous_3)
FNDA:0,(anonymous_4)
FNDA:0,(anonymous_5)
FNDA:0,(anonymous_6)
FNDA:0,(anonymous_7)
FNDA:0,(anonymous_8)
FNDA:0,(anonymous_9)
DA:27,7
DA:28,7
DA:34,7
DA:35,7
DA:36,7
DA:37,7
DA:38,7
DA:41,7
DA:43,7
DA:44,0
DA:45,0
DA:47,7
DA:48,0
DA:51,7
DA:52,1
DA:53,1
DA:54,1
DA:55,1
DA:56,0
DA:57,0
DA:58,0
DA:59,0
DA:60,0
DA:63,0
DA:65,1
DA:66,1
DA:75,7
DA:97,0
DA:112,0
DA:117,0
DA:119,0
DA:122,0
DA:124,0
DA:141,3
LF:34
LH:19
BRDA:53,0,0,0
BRDA:53,0,1,1
BRDA:55,1,0,0
BRDA:55,1,1,1
BRDA:55,2,0,1
BRDA:55,2,1,0
BRDA:55,2,2,0
BRDA:55,2,3,0
BRDA:67,3,0,0
BRDA:67,3,1,1
BRDA:68,4,0,1
BRDA:68,4,1,0
BRDA:69,5,0,0
BRDA:69,5,1,1
BRDA:70,6,0,0
BRDA:70,6,1,1
BRDA:95,7,0,7
BRDA:95,7,1,1
BRDA:108,8,0,7
BRDA:108,8,1,0
BRDA:150,9,0,3
BRDA:150,9,1,0
BRDA:151,10,0,3
BRDA:151,10,1,0
BRDA:152,11,0,3
BRDA:152,11,1,0
BRF:26
BRH:13
end_of_record
TN:
SF:screens\RegistrationScreen.js
FN:12,RegistrationScreen
FN:20,(anonymous_1)
FN:25,(anonymous_2)
FN:29,(anonymous_3)
FN:59,(anonymous_4)
FNF:5
FNH:2
FNDA:8,RegistrationScreen
FNDA:0,(anonymous_1)
FNDA:1,(anonymous_2)
FNDA:0,(anonymous_3)
FNDA:0,(anonymous_4)
DA:13,8
DA:14,8
DA:15,8
DA:18,8
DA:20,8
DA:21,0
DA:22,0
DA:25,8
DA:26,1
DA:27,1
DA:29,1
DA:30,1
DA:31,1
DA:32,0
DA:35,1
DA:36,0
DA:40,1
DA:44,8
DA:59,0
DA:71,2
LF:20
LH:15
BRDA:27,0,0,0
BRDA:27,0,1,1
BRDA:31,1,0,0
BRDA:31,1,1,1
BRDA:31,2,0,1
BRDA:31,2,1,0
BRDA:35,3,0,0
BRDA:35,3,1,1
BRDA:35,4,0,1
BRDA:35,4,1,0
BRDA:58,5,0,8
BRDA:58,5,1,1
BRDA:79,6,0,0
BRDA:79,6,1,2
BRF:14
BRH:8
end_of_record
TN:
SF:screens\SignInScreen.js
FN:24,SignInScreen
FN:31,(anonymous_1)
FN:36,(anonymous_2)
FN:43,(anonymous_3)
FN:47,(anonymous_4)
FN:50,(anonymous_5)
FN:87,(anonymous_6)
FN:90,(anonymous_7)
FN:104,(anonymous_8)
FNF:9
FNH:4
FNDA:16,SignInScreen
FNDA:7,(anonymous_1)
FNDA:7,(anonymous_2)
FNDA:0,(anonymous_3)
FNDA:1,(anonymous_4)
FNDA:0,(anonymous_5)
FNDA:0,(anonymous_6)
FNDA:0,(anonymous_7)
FNDA:0,(anonymous_8)
DA:25,16
DA:26,16
DA:27,16
DA:28,16
DA:29,16
DA:31,16
DA:32,7
DA:33,7
DA:36,16
DA:37,7
DA:38,7
DA:39,6
DA:43,16
DA:44,0
DA:47,16
DA:48,1
DA:49,1
DA:50,1
DA:51,1
DA:52,0
DA:53,0
DA:54,0
DA:56,0
DA:60,16
DA:87,0
DA:90,0
DA:112,6
LF:27
LH:20
BRDA:38,0,0,6
BRDA:38,0,1,1
BRDA:49,1,0,0
BRDA:49,1,1,1
BRDA:51,2,0,0
BRDA:51,2,1,0
BRDA:64,3,0,16
BRDA:64,3,1,0
BRDA:78,4,0,16
BRDA:78,4,1,6
BRDA:86,5,0,16
BRDA:86,5,1,0
BRDA:120,6,0,6
BRDA:120,6,1,0
BRDA:121,7,0,6
BRDA:121,7,1,0
BRDA:122,8,0,6
BRDA:122,8,1,0
BRDA:126,9,0,0
BRDA:126,9,1,6
BRDA:126,10,0,6
BRDA:126,10,1,0
BRF:22
BRH:12
end_of_record
TN:
SF:screens\TermsAndPolicy.js
FN:12,TermsAndPolicy
FN:13,(anonymous_1)
FN:29,(anonymous_2)
FNF:3
FNH:3
FNDA:1,TermsAndPolicy
FNDA:2,(anonymous_1)
FNDA:2,(anonymous_2)
DA:13,1
DA:14,2
DA:25,1
DA:29,2
DA:36,3
LF:5
LH:5
BRDA:15,0,0,2
BRDA:15,0,1,1
BRF:2
BRH:2
end_of_record
TN:
SF:screens\WelcomeScreen.js
FN:7,(anonymous_0)
FN:15,(anonymous_1)
FNF:2
FNH:1
FNDA:6,(anonymous_0)
FNDA:0,(anonymous_1)
DA:7,2
DA:8,6
DA:15,0
LF:3
LH:2
BRF:0
BRH:0
end_of_record
